# JRE version: OpenJDK Runtime Environment Temurin-17.0.2+8 (17.0.2+8) (build 17.0.2+8)
# Java VM: OpenJDK 64-Bit Server VM Temurin-17.0.2+8 (17.0.2+8, mixed mode, tiered, compressed oops, compressed class ptrs, g1 gc, windows-amd64)
GC Precious Log:
 CPUs: 4 total, 4 available
 Memory: 8075M
 Large Page Support: Disabled
 NUMA Support: Disabled
 Compressed Oops: Enabled (32-bit)
 Heap Region Size: 1M
 Heap Min Capacity: 8M
 Heap Initial Capacity: 128M
 Heap Max Capacity: 2020M
 Pre-touch: Disabled
 Parallel Workers: 4
 Concurrent Workers: 1
 Concurrent Refinement Workers: 4
 Periodic GC: Disabled
Heap:
 garbage-first heap   total 61440K, used 32830K [0x0000000081c00000, 0x0000000100000000)
  region size 1024K, 2 young (2048K), 1 survivors (1024K)
 Metaspace       used 42372K, committed 42688K, reserved 1089536K
  class space    used 4715K, committed 4864K, reserved 1048576K
GC Heap History (20 events):
Event: 95.581 GC heap before
{Heap before GC invocations=27 (full 0):
 garbage-first heap   total 61440K, used 47003K [0x0000000081c00000, 0x0000000100000000)
  region size 1024K, 22 young (22528K), 3 survivors (3072K)
 Metaspace       used 42153K, committed 42496K, reserved 1089536K
  class space    used 4704K, committed 4864K, reserved 1048576K
}
Event: 95.582 GC heap after
{Heap after GC invocations=28 (full 0):
 garbage-first heap   total 61440K, used 28150K [0x0000000081c00000, 0x0000000100000000)
  region size 1024K, 2 young (2048K), 2 survivors (2048K)
 Metaspace       used 42153K, committed 42496K, reserved 1089536K
  class space    used 4704K, committed 4864K, reserved 1048576K
}
Event: 98.091 GC heap before
{Heap before GC invocations=28 (full 0):
 garbage-first heap   total 61440K, used 47606K [0x0000000081c00000, 0x0000000100000000)
  region size 1024K, 22 young (22528K), 2 survivors (2048K)
 Metaspace       used 42207K, committed 42496K, reserved 1089536K
  class space    used 4706K, committed 4864K, reserved 1048576K
}
Event: 98.092 GC heap after
{Heap after GC invocations=29 (full 0):
 garbage-first heap   total 61440K, used 27410K [0x0000000081c00000, 0x0000000100000000)
  region size 1024K, 1 young (1024K), 1 survivors (1024K)
 Metaspace       used 42207K, committed 42496K, reserved 1089536K
  class space    used 4706K, committed 4864K, reserved 1048576K
}
Event: 106.587 GC heap before
{Heap before GC invocations=29 (full 0):
 garbage-first heap   total 61440K, used 47890K [0x0000000081c00000, 0x0000000100000000)
  region size 1024K, 22 young (22528K), 1 survivors (1024K)
 Metaspace       used 42238K, committed 42560K, reserved 1089536K
  class space    used 4709K, committed 4864K, reserved 1048576K
}
Event: 106.589 GC heap after
{Heap after GC invocations=30 (full 0):
 garbage-first heap   total 61440K, used 27595K [0x0000000081c00000, 0x0000000100000000)
  region size 1024K, 1 young (1024K), 1 survivors (1024K)
 Metaspace       used 42238K, committed 42560K, reserved 1089536K
  class space    used 4709K, committed 4864K, reserved 1048576K
}
Event: 112.955 GC heap before
{Heap before GC invocations=30 (full 0):
 garbage-first heap   total 61440K, used 48075K [0x0000000081c00000, 0x0000000100000000)
  region size 1024K, 22 young (22528K), 1 survivors (1024K)
 Metaspace       used 42266K, committed 42560K, reserved 1089536K
  class space    used 4710K, committed 4864K, reserved 1048576K
}
Event: 112.957 GC heap after
{Heap after GC invocations=31 (full 0):
 garbage-first heap   total 61440K, used 27609K [0x0000000081c00000, 0x0000000100000000)
  region size 1024K, 1 young (1024K), 1 survivors (1024K)
 Metaspace       used 42266K, committed 42560K, reserved 1089536K
  class space    used 4710K, committed 4864K, reserved 1048576K
}
Event: 118.772 GC heap before
{Heap before GC invocations=31 (full 0):
 garbage-first heap   total 61440K, used 48089K [0x0000000081c00000, 0x0000000100000000)
  region size 1024K, 22 young (22528K), 1 survivors (1024K)
 Metaspace       used 42290K, committed 42560K, reserved 1089536K
  class space    used 4711K, committed 4864K, reserved 1048576K
}
Event: 118.773 GC heap after
{Heap after GC invocations=32 (full 0):
 garbage-first heap   total 61440K, used 28280K [0x0000000081c00000, 0x0000000100000000)
  region size 1024K, 2 young (2048K), 2 survivors (2048K)
 Metaspace       used 42290K, committed 42560K, reserved 1089536K
  class space    used 4711K, committed 4864K, reserved 1048576K
}
Event: 121.327 GC heap before
{Heap before GC invocations=32 (full 0):
 garbage-first heap   total 61440K, used 47736K [0x0000000081c00000, 0x0000000100000000)
  region size 1024K, 22 young (22528K), 2 survivors (2048K)
 Metaspace       used 42307K, committed 42624K, reserved 1089536K
  class space    used 4713K, committed 4864K, reserved 1048576K
}
Event: 121.329 GC heap after
{Heap after GC invocations=33 (full 0):
 garbage-first heap   total 61440K, used 27509K [0x0000000081c00000, 0x0000000100000000)
  region size 1024K, 1 young (1024K), 1 survivors (1024K)
 Metaspace       used 42307K, committed 42624K, reserved 1089536K
  class space    used 4713K, committed 4864K, reserved 1048576K
}
Event: 124.890 GC heap before
{Heap before GC invocations=33 (full 0):
 garbage-first heap   total 61440K, used 47989K [0x0000000081c00000, 0x0000000100000000)
  region size 1024K, 22 young (22528K), 1 survivors (1024K)
 Metaspace       used 42328K, committed 42624K, reserved 1089536K
  class space    used 4714K, committed 4864K, reserved 1048576K
}
Event: 124.892 GC heap after
{Heap after GC invocations=34 (full 0):
 garbage-first heap   total 61440K, used 28069K [0x0000000081c00000, 0x0000000100000000)
  region size 1024K, 2 young (2048K), 2 survivors (2048K)
 Metaspace       used 42328K, committed 42624K, reserved 1089536K
  class space    used 4714K, committed 4864K, reserved 1048576K
}
Event: 127.468 GC heap before
{Heap before GC invocations=35 (full 0):
 garbage-first heap   total 61440K, used 46501K [0x0000000081c00000, 0x0000000100000000)
  region size 1024K, 21 young (21504K), 2 survivors (2048K)
 Metaspace       used 42328K, committed 42624K, reserved 1089536K
  class space    used 4714K, committed 4864K, reserved 1048576K
}
Event: 127.470 GC heap after
{Heap after GC invocations=36 (full 0):
 garbage-first heap   total 61440K, used 28004K [0x0000000081c00000, 0x0000000100000000)
  region size 1024K, 2 young (2048K), 2 survivors (2048K)
 Metaspace       used 42328K, committed 42624K, reserved 1089536K
  class space    used 4714K, committed 4864K, reserved 1048576K
}
Event: 130.459 GC heap before
{Heap before GC invocations=36 (full 0):
 garbage-first heap   total 61440K, used 47460K [0x0000000081c00000, 0x0000000100000000)
  region size 1024K, 22 young (22528K), 2 survivors (2048K)
 Metaspace       used 42332K, committed 42624K, reserved 1089536K
  class space    used 4714K, committed 4864K, reserved 1048576K
}
Event: 130.461 GC heap after
{Heap after GC invocations=37 (full 0):
 garbage-first heap   total 61440K, used 28004K [0x0000000081c00000, 0x0000000100000000)
  region size 1024K, 2 young (2048K), 2 survivors (2048K)
 Metaspace       used 42332K, committed 42624K, reserved 1089536K
  class space    used 4714K, committed 4864K, reserved 1048576K
}
Event: 214.691 GC heap before
{Heap before GC invocations=38 (full 0):
 garbage-first heap   total 61440K, used 43364K [0x0000000081c00000, 0x0000000100000000)
  region size 1024K, 19 young (19456K), 2 survivors (2048K)
 Metaspace       used 42359K, committed 42688K, reserved 1089536K
  class space    used 4715K, committed 4864K, reserved 1048576K
}
Event: 214.693 GC heap after
{Heap after GC invocations=39 (full 0):
 garbage-first heap   total 61440K, used 27710K [0x0000000081c00000, 0x0000000100000000)
  region size 1024K, 1 young (1024K), 1 survivors (1024K)
 Metaspace       used 42359K, committed 42688K, reserved 1089536K
  class space    used 4715K, committed 4864K, reserved 1048576K
}

