<?xml version="1.0" encoding="UTF-8"?>
<!-- Generated by org.testng.reporters.JUnitReportReporter -->
<testsuite hostname="Asplap987" failures="0" tests="1" name="com.aspire.guidewire.pc.testscripts.PC_InlandMarineSuite" time="108.909" errors="0" timestamp="2024-01-09T12:40:26 IST" skipped="0">
  <testcase classname="com.aspire.guidewire.pc.testscripts.PC_InlandMarineSuite" name="TC146" time="108.909">
    <system-out>
      <![CDATA[<div class="test-event"> <font color="maroon"> <small> &emsp; &emsp;--- 09 Jan 12:38:29 987 - TestCaseID:: setDriver</small> </font> </div>
<div class="test-event"> <font color="maroon"> <small> &emsp; &emsp;--- 09 Jan 12:38:36 669 - <b>6</b> - Driver::initialize::Get - com.aspire.guidewire.utils.WebDriverFactory.getDriver(WebDriverFactory.java:756)</small> </font> </div>
<div class="test-event"> <font color="maroon"> <small> &emsp; &emsp;--- 09 Jan 12:38:36 670 - WebDriver session: ChromeDriver: chrome on windows (7ca7735a6a8af5046ac08551a3d1d500)</small> </font> </div>
&emsp;<div class="test-title"> <strong><font size = "3" color = "#000080">Verify whether user able to Create an inland marine policy with 6 month term type.</font> </strong> </div>&emsp;<div><strong>Steps:</strong></div><!-- Report -->&emsp;
<div class="test-event"> <font color="maroon"> <small> &emsp; &emsp;--- 09 Jan 12:38:36 683 - Fetching test data from excel sheet</small> </font> </div>
<div class="test-event"> <font color="maroon"> <small> &emsp; &emsp;--- 09 Jan 12:38:40 196 - WebDriver session: ChromeDriver: chrome on windows (7ca7735a6a8af5046ac08551a3d1d500)</small> </font> </div>
<div class="test-event"> <font color="maroon"> <small> &emsp; &emsp;--- 09 Jan 12:38:41 778 - Page URL:: http://172.24.135.200:8480/pc/policycenter.do</small> </font> </div>
<div class="test-event"> <font color="maroon"> <small> &emsp; &emsp;--- 09 Jan 12:38:41 778 - <b>0</b> - Page Load Wait: (Sync) - com.aspire.guidewire.utils.WaitUtils.waitForPageLoad(WaitUtils.java:50)</small> </font> </div>
<div class="test-event"> <font color="maroon"> <small> &emsp; &emsp;--- 09 Jan 12:38:41 837 - [[ChromeDriver: chrome on windows (7ca7735a6a8af5046ac08551a3d1d500)] -> css selector: div[id$='submit_Input'] div[id$='submit'] > div[role='button']] displayed</small> </font> </div>
<div class="test-event"> <font color="maroon"> <small> &emsp; &emsp;--- 09 Jan 12:38:41 839 - WebDriver session: ChromeDriver: chrome on windows (7ca7735a6a8af5046ac08551a3d1d500)</small> </font> </div>
<div class="test-event"> <font color="maroon"> <small> &emsp; &emsp;--- 09 Jan 12:38:42 403 - Entered value su in username</small> </font> </div>
<div class="test-event"> <font color="maroon"> <small> &emsp; &emsp;--- 09 Jan 12:38:42 404 - WebDriver session: ChromeDriver: chrome on windows (7ca7735a6a8af5046ac08551a3d1d500)</small> </font> </div>
<div class="test-event"> <font color="maroon"> <small> &emsp; &emsp;--- 09 Jan 12:38:42 858 - Entered value gw in password</small> </font> </div>
<div class="test-event"> <font color="maroon"> <small> &emsp; &emsp;--- 09 Jan 12:38:42 860 - WebDriver session: ChromeDriver: chrome on windows (7ca7735a6a8af5046ac08551a3d1d500)</small> </font> </div>
<div class="test-event"> <font color="maroon"> <small> &emsp; &emsp;--- 09 Jan 12:38:42 881 - Webelement dimension: (297, 42)</small> </font> </div>
<div class="test-event"> <font color="maroon"> <small> &emsp; &emsp;--- 09 Jan 12:38:43 115 - Clicked on signin</small> </font> </div>
<div class="test-event"> <font color="maroon"> <small> &emsp; &emsp;--- 09 Jan 12:38:43 117 - WebDriver session: ChromeDriver: chrome on windows (7ca7735a6a8af5046ac08551a3d1d500)</small> </font> </div>
<div class="test-event"> <font color="maroon"> <small> &emsp; &emsp;--- 09 Jan 12:38:43 147 - Page URL:: http://172.24.135.200:8480/pc/policycenter.do</small> </font> </div>
<div class="test-event"> <font color="maroon"> <small> &emsp; &emsp;--- 09 Jan 12:38:43 148 - <b>0</b> - Page Load Wait: (Sync) - com.aspire.guidewire.utils.WaitUtils.waitForPageLoad(WaitUtils.java:50)</small> </font> </div>
<div class="test-event"> <font color="maroon"> <small> &emsp; &emsp;--- 09 Jan 12:38:43 819 - [[ChromeDriver: chrome on windows (7ca7735a6a8af5046ac08551a3d1d500)] -> css selector: div[id='gw-center-title-toolbar']>div[id$='Summary-ttlBar']] displayed</small> </font> </div>
<div class="test-event"> <font color="maroon"> <small> &emsp; &emsp;--- 09 Jan 12:38:43 820 - WebDriver session: ChromeDriver: chrome on windows (7ca7735a6a8af5046ac08551a3d1d500)</small> </font> </div>
<div class="test-message">&emsp;Logged into the Application&emsp;<a href=".\ScreenShot\TC146_1.png" target="_blank" >[ScreenShot]</a></div>
<div class="test-event"> <font color="maroon"> <small> &emsp; &emsp;--- 09 Jan 12:38:44 382 - WebDriver session: ChromeDriver: chrome on windows (7ca7735a6a8af5046ac08551a3d1d500)</small> </font> </div>
<div class="test-event"> <font color="maroon"> <small> &emsp; &emsp;--- 09 Jan 12:38:44 406 - Page URL:: http://172.24.135.200:8480/pc/policycenter.do</small> </font> </div>
<div class="test-event"> <font color="maroon"> <small> &emsp; &emsp;--- 09 Jan 12:38:44 406 - <b>0</b> - Page Load Wait: (Sync) - com.aspire.guidewire.utils.WaitUtils.waitForPageLoad(WaitUtils.java:50)</small> </font> </div>
<div class="test-event"> <font color="maroon"> <small> &emsp; &emsp;--- 09 Jan 12:38:44 588 - [[ChromeDriver: chrome on windows (7ca7735a6a8af5046ac08551a3d1d500)] -> css selector: div[id='gw-center-title-toolbar']>div[id$='Summary-ttlBar']] displayed</small> </font> </div>
<div class="test-event"> <font color="maroon"> <small> &emsp; &emsp;--- 09 Jan 12:38:44 597 - WebDriver session: ChromeDriver: chrome on windows (7ca7735a6a8af5046ac08551a3d1d500)</small> </font> </div>
<div class="test-event"> <font color="maroon"> <small> &emsp; &emsp;--- 09 Jan 12:38:44 624 - WebDriver session: ChromeDriver: chrome on windows (7ca7735a6a8af5046ac08551a3d1d500)</small> </font> </div>
<div class="test-event"> <font color="maroon"> <small> &emsp; &emsp;--- 09 Jan 12:38:44 710 - Webelement dimension: (27, 49)</small> </font> </div>
<div class="test-event"> <font color="maroon"> <small> &emsp; &emsp;--- 09 Jan 12:38:44 983 - Clicked on Toggle Account SubMenu</small> </font> </div>
<div class="test-event"> <font color="maroon"> <small> &emsp; &emsp;--- 09 Jan 12:38:44 984 - WebDriver session: ChromeDriver: chrome on windows (7ca7735a6a8af5046ac08551a3d1d500)</small> </font> </div>
<div class="test-event"> <font color="maroon"> <small> &emsp; &emsp;--- 09 Jan 12:38:45 009 - Webelement dimension: (318, 36)</small> </font> </div>
<div class="test-event"> <font color="maroon"> <small> &emsp; &emsp;--- 09 Jan 12:38:46 383 - Clicked on New Account</small> </font> </div>
<div class="test-event"> <font color="maroon"> <small> &emsp; &emsp;--- 09 Jan 12:38:46 388 - WebDriver session: ChromeDriver: chrome on windows (7ca7735a6a8af5046ac08551a3d1d500)</small> </font> </div>
<div class="test-event"> <font color="maroon"> <small> &emsp; &emsp;--- 09 Jan 12:38:47 002 - Entered value Kim in Firstname</small> </font> </div>
<div class="test-event"> <font color="maroon"> <small> &emsp; &emsp;--- 09 Jan 12:38:47 002 - WebDriver session: ChromeDriver: chrome on windows (7ca7735a6a8af5046ac08551a3d1d500)</small> </font> </div>
<div class="test-event"> <font color="maroon"> <small> &emsp; &emsp;--- 09 Jan 12:38:47 337 - Entered value Ratke in Lastname</small> </font> </div>
<div class="test-event"> <font color="maroon"> <small> &emsp; &emsp;--- 09 Jan 12:38:47 338 - WebDriver session: ChromeDriver: chrome on windows (7ca7735a6a8af5046ac08551a3d1d500)</small> </font> </div>
<div class="test-event"> <font color="maroon"> <small> &emsp; &emsp;--- 09 Jan 12:38:47 368 - Webelement dimension: (69, 28)</small> </font> </div>
<div class="test-event"> <font color="maroon"> <small> &emsp; &emsp;--- 09 Jan 12:38:47 568 - Clicked on Search</small> </font> </div>
<div class="test-event"> <font color="maroon"> <small> &emsp; &emsp;--- 09 Jan 12:38:47 569 - WebDriver session: ChromeDriver: chrome on windows (7ca7735a6a8af5046ac08551a3d1d500)</small> </font> </div>
<div class="test-event"> <font color="maroon"> <small> &emsp; &emsp;--- 09 Jan 12:38:47 879 - Webelement dimension: (159, 28)</small> </font> </div>
<div class="test-event"> <font color="maroon"> <small> &emsp; &emsp;--- 09 Jan 12:38:49 063 - Clicked on CreateNewAccount</small> </font> </div>
<div class="test-event"> <font color="maroon"> <small> &emsp; &emsp;--- 09 Jan 12:38:49 064 - WebDriver session: ChromeDriver: chrome on windows (7ca7735a6a8af5046ac08551a3d1d500)</small> </font> </div>
<div class="test-message">&emsp;Searched for account with First Name : Kim and Last Name: Ratke&emsp;<a href=".\ScreenShot\TC146_2.png" target="_blank" >[ScreenShot]</a></div>
<div class="test-event"> <font color="maroon"> <small> &emsp; &emsp;--- 09 Jan 12:38:49 233 - WebDriver session: ChromeDriver: chrome on windows (7ca7735a6a8af5046ac08551a3d1d500)</small> </font> </div>
<div class="test-event"> <font color="maroon"> <small> &emsp; &emsp;--- 09 Jan 12:38:49 235 - WebDriver session: ChromeDriver: chrome on windows (7ca7735a6a8af5046ac08551a3d1d500)</small> </font> </div>
<div class="test-event"> <font color="maroon"> <small> &emsp; &emsp;--- 09 Jan 12:38:49 257 - Webelement dimension: (142, 33)</small> </font> </div>
<div class="test-event"> <font color="maroon"> <small> &emsp; &emsp;--- 09 Jan 12:38:49 438 - Clicked on Person</small> </font> </div>
<div class="test-event"> <font color="maroon"> <small> &emsp; &emsp;--- 09 Jan 12:38:49 441 - WebDriver session: ChromeDriver: chrome on windows (7ca7735a6a8af5046ac08551a3d1d500)</small> </font> </div>
<div class="test-event"> <font color="maroon"> <small> &emsp; &emsp;--- 09 Jan 12:38:49 447 - WebDriver session: ChromeDriver: chrome on windows (7ca7735a6a8af5046ac08551a3d1d500)</small> </font> </div>
<div class="test-event"> <font color="maroon"> <small> &emsp; &emsp;--- 09 Jan 12:38:49 449 - WebDriver session: ChromeDriver: chrome on windows (7ca7735a6a8af5046ac08551a3d1d500)</small> </font> </div>
<div class="test-event"> <font color="maroon"> <small> &emsp; &emsp;--- 09 Jan 12:38:49 760 - Entered value Kim in Firstname</small> </font> </div>
<div class="test-event"> <font color="maroon"> <small> &emsp; &emsp;--- 09 Jan 12:38:49 760 - WebDriver session: ChromeDriver: chrome on windows (7ca7735a6a8af5046ac08551a3d1d500)</small> </font> </div>
<div class="test-event"> <font color="maroon"> <small> &emsp; &emsp;--- 09 Jan 12:38:51 765 - Entered value 79892 Keith Bypass in Address1</small> </font> </div>
<div class="test-event"> <font color="maroon"> <small> &emsp; &emsp;--- 09 Jan 12:38:51 766 - WebDriver session: ChromeDriver: chrome on windows (7ca7735a6a8af5046ac08551a3d1d500)</small> </font> </div>
<div class="test-event"> <font color="maroon"> <small> &emsp; &emsp;--- 09 Jan 12:38:51 797 - [[ChromeDriver: chrome on windows (7ca7735a6a8af5046ac08551a3d1d500)] -> css selector: div[id$='State'] select[name$='State']] displayed</small> </font> </div>
<div class="test-event"> <font color="maroon"> <small> &emsp; &emsp;--- 09 Jan 12:38:51 851 - State is clickable</small> </font> </div>
<div class="test-event"> <font color="maroon"> <small> &emsp; &emsp;--- 09 Jan 12:38:53 322 - Network idle state completed</small> </font> </div>
<div class="test-event"> <font color="maroon"> <small> &emsp; &emsp;--- 09 Jan 12:38:53 323 - DropDown value Arizona selected</small> </font> </div>
<div class="test-event"> <font color="maroon"> <small> &emsp; &emsp;--- 09 Jan 12:38:53 324 - WebDriver session: ChromeDriver: chrome on windows (7ca7735a6a8af5046ac08551a3d1d500)</small> </font> </div>
<div class="test-event"> <font color="maroon"> <small> &emsp; &emsp;--- 09 Jan 12:38:53 675 - Entered value Phoenix in City</small> </font> </div>
<div class="test-event"> <font color="maroon"> <small> &emsp; &emsp;--- 09 Jan 12:38:54 375 - Network idle state completed</small> </font> </div>
<div class="test-event"> <font color="maroon"> <small> &emsp; &emsp;--- 09 Jan 12:38:54 376 - WebDriver session: ChromeDriver: chrome on windows (7ca7735a6a8af5046ac08551a3d1d500)</small> </font> </div>
<div class="test-event"> <font color="maroon"> <small> &emsp; &emsp;--- 09 Jan 12:38:54 706 - Entered value 55555-1224 in ZIPCode</small> </font> </div>
<div class="test-event"> <font color="maroon"> <small> &emsp; &emsp;--- 09 Jan 12:38:55 386 - Network idle state completed</small> </font> </div>
<div class="test-event"> <font color="maroon"> <small> &emsp; &emsp;--- 09 Jan 12:38:55 387 - WebDriver session: ChromeDriver: chrome on windows (7ca7735a6a8af5046ac08551a3d1d500)</small> </font> </div>
<div class="test-event"> <font color="maroon"> <small> &emsp; &emsp;--- 09 Jan 12:38:55 417 - [[ChromeDriver: chrome on windows (7ca7735a6a8af5046ac08551a3d1d500)] -> css selector: select[name$='AddressType']] displayed</small> </font> </div>
<div class="test-event"> <font color="maroon"> <small> &emsp; &emsp;--- 09 Jan 12:38:55 452 - AddressType is clickable</small> </font> </div>
<div class="test-event"> <font color="maroon"> <small> &emsp; &emsp;--- 09 Jan 12:38:55 763 - Network idle state completed</small> </font> </div>
<div class="test-event"> <font color="maroon"> <small> &emsp; &emsp;--- 09 Jan 12:38:55 763 - DropDown value Business selected</small> </font> </div>
<div class="test-event"> <font color="maroon"> <small> &emsp; &emsp;--- 09 Jan 12:38:55 763 - WebDriver session: ChromeDriver: chrome on windows (7ca7735a6a8af5046ac08551a3d1d500)</small> </font> </div>
<div class="test-event"> <font color="maroon"> <small> &emsp; &emsp;--- 09 Jan 12:38:56 089 - Entered value Whiplash Bros. Auto Insurance in Organization</small> </font> </div>
<div class="test-event"> <font color="maroon"> <small> &emsp; &emsp;--- 09 Jan 12:38:56 089 - WebDriver session: ChromeDriver: chrome on windows (7ca7735a6a8af5046ac08551a3d1d500)</small> </font> </div>
<div class="test-event"> <font color="maroon"> <small> &emsp; &emsp;--- 09 Jan 12:38:56 113 - Webelement dimension: (72, 28)</small> </font> </div>
<div class="test-event"> <font color="maroon"> <small> &emsp; &emsp;--- 09 Jan 12:38:57 341 - Clicked on Update</small> </font> </div>
<div class="test-event"> <font color="maroon"> <small> &emsp; &emsp;--- 09 Jan 12:38:57 350 - WebDriver session: ChromeDriver: chrome on windows (7ca7735a6a8af5046ac08551a3d1d500)</small> </font> </div>
<div class="test-event"> <font color="maroon"> <small> &emsp; &emsp;--- 09 Jan 12:38:57 370 - Page URL:: http://172.24.135.200:8480/pc/policycenter.do</small> </font> </div>
<div class="test-event"> <font color="maroon"> <small> &emsp; &emsp;--- 09 Jan 12:38:57 370 - <b>0</b> - Page Load Wait: (Sync) - com.aspire.guidewire.utils.WaitUtils.waitForPageLoad(WaitUtils.java:50)</small> </font> </div>
<div class="test-event"> <font color="maroon"> <small> &emsp; &emsp;--- 09 Jan 12:39:14 352 - [[ChromeDriver: chrome on windows (7ca7735a6a8af5046ac08551a3d1d500)] -> css selector: div[id='gw-center-title-toolbar']>div[id='AccountFile_Summary-ttlBar']] displayed</small> </font> </div>
<div class="test-event"> <font color="maroon"> <small> &emsp; &emsp;--- 09 Jan 12:39:14 353 - WebDriver session: ChromeDriver: chrome on windows (7ca7735a6a8af5046ac08551a3d1d500)</small> </font> </div>
<div class="test-message">&emsp;Created account with First Name: Kim and Last Name: null&emsp;<a href=".\ScreenShot\TC146_3.png" target="_blank" >[ScreenShot]</a></div>
<div class="test-event"> <font color="maroon"> <small> &emsp; &emsp;--- 09 Jan 12:39:14 560 - WebDriver session: ChromeDriver: chrome on windows (7ca7735a6a8af5046ac08551a3d1d500)</small> </font> </div>
<div class="test-event"> <font color="maroon"> <small> &emsp; &emsp;--- 09 Jan 12:39:14 561 - WebDriver session: ChromeDriver: chrome on windows (7ca7735a6a8af5046ac08551a3d1d500)</small> </font> </div>
<div class="test-event"> <font color="maroon"> <small> &emsp; &emsp;--- 09 Jan 12:39:14 590 - Webelement dimension: (210, 36)</small> </font> </div>
<div class="test-event"> <font color="maroon"> <small> &emsp; &emsp;--- 09 Jan 12:39:14 794 - Clicked on Actions button</small> </font> </div>
<div class="test-event"> <font color="maroon"> <small> &emsp; &emsp;--- 09 Jan 12:39:14 818 - Page URL:: http://172.24.135.200:8480/pc/policycenter.do</small> </font> </div>
<div class="test-event"> <font color="maroon"> <small> &emsp; &emsp;--- 09 Jan 12:39:14 819 - <b>0</b> - Page Load Wait: (Sync) - com.aspire.guidewire.utils.WaitUtils.waitForPageLoad(WaitUtils.java:50)</small> </font> </div>
<div class="test-event"> <font color="maroon"> <small> &emsp; &emsp;--- 09 Jan 12:39:14 856 - [[ChromeDriver: chrome on windows (7ca7735a6a8af5046ac08551a3d1d500)] -> css selector: div[id$='MenuActions'] > div[role='button']] displayed</small> </font> </div>
<div class="test-event"> <font color="maroon"> <small> &emsp; &emsp;--- 09 Jan 12:39:14 857 - WebDriver session: ChromeDriver: chrome on windows (7ca7735a6a8af5046ac08551a3d1d500)</small> </font> </div>
<div class="test-event"> <font color="maroon"> <small> &emsp; &emsp;--- 09 Jan 12:39:14 877 - Webelement dimension: (216, 33)</small> </font> </div>
<div class="test-event"> <font color="maroon"> <small> &emsp; &emsp;--- 09 Jan 12:39:15 113 - Clicked on New submission</small> </font> </div>
<div class="test-event"> <font color="maroon"> <small> &emsp; &emsp;--- 09 Jan 12:39:15 141 - Page URL:: http://172.24.135.200:8480/pc/policycenter.do</small> </font> </div>
<div class="test-event"> <font color="maroon"> <small> &emsp; &emsp;--- 09 Jan 12:39:15 141 - <b>0</b> - Page Load Wait: (Sync) - com.aspire.guidewire.utils.WaitUtils.waitForPageLoad(WaitUtils.java:50)</small> </font> </div>
<div class="test-event"> <font color="maroon"> <small> &emsp; &emsp;--- 09 Jan 12:39:16 570 - [[ChromeDriver: chrome on windows (7ca7735a6a8af5046ac08551a3d1d500)] -> css selector: input[name$='Producer']] displayed</small> </font> </div>
<div class="test-event"> <font color="maroon"> <small> &emsp; &emsp;--- 09 Jan 12:39:16 570 - WebDriver session: ChromeDriver: chrome on windows (7ca7735a6a8af5046ac08551a3d1d500)</small> </font> </div>
<div class="test-event"> <font color="maroon"> <small> &emsp; &emsp;--- 09 Jan 12:39:16 595 - Product Name Element displayed</small> </font> </div>
<div class="test-event"> <font color="maroon"> <small> &emsp; &emsp;--- 09 Jan 12:39:16 612 - Webelement dimension: (70, 34)</small> </font> </div>
<div class="test-event"> <font color="maroon"> <small> &emsp; &emsp;--- 09 Jan 12:39:16 816 - Clicked on Select button</small> </font> </div>
<div class="test-event"> <font color="maroon"> <small> &emsp; &emsp;--- 09 Jan 12:39:16 816 - WebDriver session: ChromeDriver: chrome on windows (7ca7735a6a8af5046ac08551a3d1d500)</small> </font> </div>
<div class="test-message">&emsp;Product : Inland Marine selected&emsp;<a href=".\ScreenShot\TC146_4.png" target="_blank" >[ScreenShot]</a></div>
<div class="test-event"> <font color="maroon"> <small> &emsp; &emsp;--- 09 Jan 12:39:17 149 - WebDriver session: ChromeDriver: chrome on windows (7ca7735a6a8af5046ac08551a3d1d500)</small> </font> </div>
<div class="test-event"> <font color="maroon"> <small> &emsp; &emsp;--- 09 Jan 12:39:17 159 - WebDriver session: ChromeDriver: chrome on windows (7ca7735a6a8af5046ac08551a3d1d500)</small> </font> </div>
<div class="test-event"> <font color="maroon"> <small> &emsp; &emsp;--- 09 Jan 12:39:28 038 - [[ChromeDriver: chrome on windows (7ca7735a6a8af5046ac08551a3d1d500)] -> css selector: select[name$='OrganizationType']] displayed</small> </font> </div>
<div class="test-event"> <font color="maroon"> <small> &emsp; &emsp;--- 09 Jan 12:39:28 074 - OrganizationType is clickable</small> </font> </div>
<div class="test-event"> <font color="maroon"> <small> &emsp; &emsp;--- 09 Jan 12:39:28 361 - DropDown value Individual selected</small> </font> </div>
<div class="test-event"> <font color="maroon"> <small> &emsp; &emsp;--- 09 Jan 12:39:28 362 - WebDriver session: ChromeDriver: chrome on windows (7ca7735a6a8af5046ac08551a3d1d500)</small> </font> </div>
<div class="test-event"> <font color="maroon"> <small> &emsp; &emsp;--- 09 Jan 12:39:28 385 - Webelement dimension: (56, 28)</small> </font> </div>
<div class="test-event"> <font color="maroon"> <small> &emsp; &emsp;--- 09 Jan 12:39:28 614 - Clicked on Next</small> </font> </div>
<div class="test-event"> <font color="maroon"> <small> &emsp; &emsp;--- 09 Jan 12:39:28 618 - WebDriver session: ChromeDriver: chrome on windows (7ca7735a6a8af5046ac08551a3d1d500)</small> </font> </div>
<div class="test-event"> <font color="maroon"> <small> &emsp; &emsp;--- 09 Jan 12:39:28 644 - Page URL:: http://172.24.135.200:8480/pc/policycenter.do</small> </font> </div>
<div class="test-event"> <font color="maroon"> <small> &emsp; &emsp;--- 09 Jan 12:39:28 645 - <b>0</b> - Page Load Wait: (Sync) - com.aspire.guidewire.utils.WaitUtils.waitForPageLoad(WaitUtils.java:50)</small> </font> </div>
<div class="test-event"> <font color="maroon"> <small> &emsp; &emsp;--- 09 Jan 12:39:29 789 - [[ChromeDriver: chrome on windows (7ca7735a6a8af5046ac08551a3d1d500)] -> css selector: div[id='gw-center-title-toolbar']>div[id$='IMPartSelectionScreen-ttlBar']] displayed</small> </font> </div>
<div class="test-event"> <font color="maroon"> <small> &emsp; &emsp;--- 09 Jan 12:39:29 789 - WebDriver session: ChromeDriver: chrome on windows (7ca7735a6a8af5046ac08551a3d1d500)</small> </font> </div>
<div class="test-message">&emsp;Policy Information entered with Term Type as 6 months and Organization Type as Individual are selected&emsp;<a href=".\ScreenShot\TC146_5.png" target="_blank" >[ScreenShot]</a></div>
<div class="test-event"> <font color="maroon"> <small> &emsp; &emsp;--- 09 Jan 12:39:29 964 - WebDriver session: ChromeDriver: chrome on windows (7ca7735a6a8af5046ac08551a3d1d500)</small> </font> </div>
<div class="test-event"> <font color="maroon"> <small> &emsp; &emsp;--- 09 Jan 12:39:29 984 - Page URL:: http://172.24.135.200:8480/pc/policycenter.do</small> </font> </div>
<div class="test-event"> <font color="maroon"> <small> &emsp; &emsp;--- 09 Jan 12:39:29 985 - <b>0</b> - Page Load Wait: (Sync) - com.aspire.guidewire.utils.WaitUtils.waitForPageLoad(WaitUtils.java:50)</small> </font> </div>
<div class="test-event"> <font color="maroon"> <small> &emsp; &emsp;--- 09 Jan 12:39:30 012 - [[ChromeDriver: chrome on windows (7ca7735a6a8af5046ac08551a3d1d500)] -> css selector: div[id='gw-center-title-toolbar']>div[id$='IMPartSelectionScreen-ttlBar']] displayed</small> </font> </div>
<div class="test-event"> <font color="maroon"> <small> &emsp; &emsp;--- 09 Jan 12:39:30 014 - WebDriver session: ChromeDriver: chrome on windows (7ca7735a6a8af5046ac08551a3d1d500)</small> </font> </div>
<div class="test-event"> <font color="maroon"> <small> &emsp; &emsp;--- 09 Jan 12:39:30 037 - Webelement dimension: (149, 28)</small> </font> </div>
<div class="test-event"> <font color="maroon"> <small> &emsp; &emsp;--- 09 Jan 12:39:30 225 - Clicked on AddCoveragePart</small> </font> </div>
<div class="test-event"> <font color="maroon"> <small> &emsp; &emsp;--- 09 Jan 12:39:30 226 - WebDriver session: ChromeDriver: chrome on windows (7ca7735a6a8af5046ac08551a3d1d500)</small> </font> </div>
<div class="test-event"> <font color="maroon"> <small> &emsp; &emsp;--- 09 Jan 12:39:30 252 - Webelement dimension: (119, 18)</small> </font> </div>
<div class="test-event"> <font color="maroon"> <small> &emsp; &emsp;--- 09 Jan 12:39:30 447 - Clicked on Accounts Receivable Link</small> </font> </div>
<div class="test-event"> <font color="maroon"> <small> &emsp; &emsp;--- 09 Jan 12:39:30 447 - WebDriver session: ChromeDriver: chrome on windows (7ca7735a6a8af5046ac08551a3d1d500)</small> </font> </div>
<div class="test-message">&emsp;Account Receivable Coverage Part Selection Details selected&emsp;<a href=".\ScreenShot\TC146_6.png" target="_blank" >[ScreenShot]</a></div>
<div class="test-event"> <font color="maroon"> <small> &emsp; &emsp;--- 09 Jan 12:39:30 659 - WebDriver session: ChromeDriver: chrome on windows (7ca7735a6a8af5046ac08551a3d1d500)</small> </font> </div>
<div class="test-event"> <font color="maroon"> <small> &emsp; &emsp;--- 09 Jan 12:39:30 676 - Page URL:: http://172.24.135.200:8480/pc/policycenter.do</small> </font> </div>
<div class="test-event"> <font color="maroon"> <small> &emsp; &emsp;--- 09 Jan 12:39:30 676 - <b>0</b> - Page Load Wait: (Sync) - com.aspire.guidewire.utils.WaitUtils.waitForPageLoad(WaitUtils.java:50)</small> </font> </div>
<div class="test-event"> <font color="maroon"> <small> &emsp; &emsp;--- 09 Jan 12:39:30 704 - [[ChromeDriver: chrome on windows (7ca7735a6a8af5046ac08551a3d1d500)] -> css selector: div[id='gw-center-title-toolbar']>div[id$='IMPartSelectionScreen-ttlBar']] displayed</small> </font> </div>
<div class="test-event"> <font color="maroon"> <small> &emsp; &emsp;--- 09 Jan 12:39:30 705 - WebDriver session: ChromeDriver: chrome on windows (7ca7735a6a8af5046ac08551a3d1d500)</small> </font> </div>
<div class="test-event"> <font color="maroon"> <small> &emsp; &emsp;--- 09 Jan 12:39:30 720 - Webelement dimension: (149, 28)</small> </font> </div>
<div class="test-event"> <font color="maroon"> <small> &emsp; &emsp;--- 09 Jan 12:39:31 608 - Webelement dimension: (149, 28)</small> </font> </div>
<div class="test-event"> <font color="maroon"> <small> &emsp; &emsp;--- 09 Jan 12:39:31 821 - Clicked on AddCoveragePart</small> </font> </div>
<div class="test-event"> <font color="maroon"> <small> &emsp; &emsp;--- 09 Jan 12:39:31 821 - WebDriver session: ChromeDriver: chrome on windows (7ca7735a6a8af5046ac08551a3d1d500)</small> </font> </div>
<div class="test-event"> <font color="maroon"> <small> &emsp; &emsp;--- 09 Jan 12:39:31 850 - Webelement dimension: (136, 18)</small> </font> </div>
<div class="test-event"> <font color="maroon"> <small> &emsp; &emsp;--- 09 Jan 12:39:32 075 - Clicked on Contractors Equipment Link</small> </font> </div>
<div class="test-event"> <font color="maroon"> <small> &emsp; &emsp;--- 09 Jan 12:39:32 075 - WebDriver session: ChromeDriver: chrome on windows (7ca7735a6a8af5046ac08551a3d1d500)</small> </font> </div>
<div class="test-message">&emsp;Contractors equipment Coverage Part Selection Details selected&emsp;<a href=".\ScreenShot\TC146_7.png" target="_blank" >[ScreenShot]</a></div>
<div class="test-event"> <font color="maroon"> <small> &emsp; &emsp;--- 09 Jan 12:39:32 276 - WebDriver session: ChromeDriver: chrome on windows (7ca7735a6a8af5046ac08551a3d1d500)</small> </font> </div>
<div class="test-event"> <font color="maroon"> <small> &emsp; &emsp;--- 09 Jan 12:39:32 297 - Page URL:: http://172.24.135.200:8480/pc/policycenter.do</small> </font> </div>
<div class="test-event"> <font color="maroon"> <small> &emsp; &emsp;--- 09 Jan 12:39:32 297 - <b>0</b> - Page Load Wait: (Sync) - com.aspire.guidewire.utils.WaitUtils.waitForPageLoad(WaitUtils.java:50)</small> </font> </div>
<div class="test-event"> <font color="maroon"> <small> &emsp; &emsp;--- 09 Jan 12:39:32 332 - [[ChromeDriver: chrome on windows (7ca7735a6a8af5046ac08551a3d1d500)] -> css selector: div[id='gw-center-title-toolbar']>div[id$='IMPartSelectionScreen-ttlBar']] displayed</small> </font> </div>
<div class="test-event"> <font color="maroon"> <small> &emsp; &emsp;--- 09 Jan 12:39:32 333 - WebDriver session: ChromeDriver: chrome on windows (7ca7735a6a8af5046ac08551a3d1d500)</small> </font> </div>
<div class="test-event"> <font color="maroon"> <small> &emsp; &emsp;--- 09 Jan 12:39:32 358 - Webelement dimension: (149, 28)</small> </font> </div>
<div class="test-event"> <font color="maroon"> <small> &emsp; &emsp;--- 09 Jan 12:39:34 134 - Webelement dimension: (149, 28)</small> </font> </div>
<div class="test-event"> <font color="maroon"> <small> &emsp; &emsp;--- 09 Jan 12:39:34 372 - Clicked on AddCoveragePart</small> </font> </div>
<div class="test-event"> <font color="maroon"> <small> &emsp; &emsp;--- 09 Jan 12:39:34 373 - WebDriver session: ChromeDriver: chrome on windows (7ca7735a6a8af5046ac08551a3d1d500)</small> </font> </div>
<div class="test-event"> <font color="maroon"> <small> &emsp; &emsp;--- 09 Jan 12:39:34 403 - Webelement dimension: (32, 18)</small> </font> </div>
<div class="test-event"> <font color="maroon"> <small> &emsp; &emsp;--- 09 Jan 12:39:34 640 - Clicked on Signs Link</small> </font> </div>
<div class="test-event"> <font color="maroon"> <small> &emsp; &emsp;--- 09 Jan 12:39:34 641 - WebDriver session: ChromeDriver: chrome on windows (7ca7735a6a8af5046ac08551a3d1d500)</small> </font> </div>
<div class="test-message">&emsp;Signs Coverage Part Selection Details selected&emsp;<a href=".\ScreenShot\TC146_8.png" target="_blank" >[ScreenShot]</a></div>
<div class="test-event"> <font color="maroon"> <small> &emsp; &emsp;--- 09 Jan 12:39:34 810 - WebDriver session: ChromeDriver: chrome on windows (7ca7735a6a8af5046ac08551a3d1d500)</small> </font> </div>
<div class="test-event"> <font color="maroon"> <small> &emsp; &emsp;--- 09 Jan 12:39:34 828 - Page URL:: http://172.24.135.200:8480/pc/policycenter.do</small> </font> </div>
<div class="test-event"> <font color="maroon"> <small> &emsp; &emsp;--- 09 Jan 12:39:34 829 - <b>0</b> - Page Load Wait: (Sync) - com.aspire.guidewire.utils.WaitUtils.waitForPageLoad(WaitUtils.java:50)</small> </font> </div>
<div class="test-event"> <font color="maroon"> <small> &emsp; &emsp;--- 09 Jan 12:39:34 862 - [[ChromeDriver: chrome on windows (7ca7735a6a8af5046ac08551a3d1d500)] -> css selector: div[id='gw-center-title-toolbar']>div[id$='IMPartSelectionScreen-ttlBar']] displayed</small> </font> </div>
<div class="test-event"> <font color="maroon"> <small> &emsp; &emsp;--- 09 Jan 12:39:34 862 - WebDriver session: ChromeDriver: chrome on windows (7ca7735a6a8af5046ac08551a3d1d500)</small> </font> </div>
<div class="test-event"> <font color="maroon"> <small> &emsp; &emsp;--- 09 Jan 12:39:34 885 - Webelement dimension: (56, 28)</small> </font> </div>
<div class="test-event"> <font color="maroon"> <small> &emsp; &emsp;--- 09 Jan 12:39:35 089 - Clicked on Next</small> </font> </div>
<div class="test-event"> <font color="maroon"> <small> &emsp; &emsp;--- 09 Jan 12:39:35 092 - WebDriver session: ChromeDriver: chrome on windows (7ca7735a6a8af5046ac08551a3d1d500)</small> </font> </div>
<div class="test-event"> <font color="maroon"> <small> &emsp; &emsp;--- 09 Jan 12:39:35 119 - Page URL:: http://172.24.135.200:8480/pc/policycenter.do</small> </font> </div>
<div class="test-event"> <font color="maroon"> <small> &emsp; &emsp;--- 09 Jan 12:39:35 119 - <b>0</b> - Page Load Wait: (Sync) - com.aspire.guidewire.utils.WaitUtils.waitForPageLoad(WaitUtils.java:50)</small> </font> </div>
<div class="test-event"> <font color="maroon"> <small> &emsp; &emsp;--- 09 Jan 12:39:35 995 - [[ChromeDriver: chrome on windows (7ca7735a6a8af5046ac08551a3d1d500)] -> css selector: div[id$='IMBuildingsScreen-ttlBar']] displayed</small> </font> </div>
<div class="test-event"> <font color="maroon"> <small> &emsp; &emsp;--- 09 Jan 12:39:35 995 - WebDriver session: ChromeDriver: chrome on windows (7ca7735a6a8af5046ac08551a3d1d500)</small> </font> </div>
<div class="test-message">&emsp;Coverage Part Selection Details processed&emsp;<a href=".\ScreenShot\TC146_9.png" target="_blank" >[ScreenShot]</a></div>
<div class="test-event"> <font color="maroon"> <small> &emsp; &emsp;--- 09 Jan 12:39:36 227 - WebDriver session: ChromeDriver: chrome on windows (7ca7735a6a8af5046ac08551a3d1d500)</small> </font> </div>
<div class="test-event"> <font color="maroon"> <small> &emsp; &emsp;--- 09 Jan 12:39:36 229 - WebDriver session: ChromeDriver: chrome on windows (7ca7735a6a8af5046ac08551a3d1d500)</small> </font> </div>
<div class="test-event"> <font color="maroon"> <small> &emsp; &emsp;--- 09 Jan 12:39:36 292 - Webelement dimension: (29, 25)</small> </font> </div>
<div class="test-event"> <font color="maroon"> <small> &emsp; &emsp;--- 09 Jan 12:39:36 505 - Clicked on Drop Down  button</small> </font> </div>
<div class="test-event"> <font color="maroon"> <small> &emsp; &emsp;--- 09 Jan 12:39:36 530 - Page URL:: http://172.24.135.200:8480/pc/policycenter.do</small> </font> </div>
<div class="test-event"> <font color="maroon"> <small> &emsp; &emsp;--- 09 Jan 12:39:36 530 - <b>0</b> - Page Load Wait: (Sync) - com.aspire.guidewire.utils.WaitUtils.waitForPageLoad(WaitUtils.java:50)</small> </font> </div>
<div class="test-event"> <font color="maroon"> <small> &emsp; &emsp;--- 09 Jan 12:39:36 563 - [[ChromeDriver: chrome on windows (7ca7735a6a8af5046ac08551a3d1d500)] -> css selector: div[id$='IMBuildingsScreen-ttlBar']] displayed</small> </font> </div>
<div class="test-event"> <font color="maroon"> <small> &emsp; &emsp;--- 09 Jan 12:39:36 564 - WebDriver session: ChromeDriver: chrome on windows (7ca7735a6a8af5046ac08551a3d1d500)</small> </font> </div>
<div class="test-event"> <font color="maroon"> <small> &emsp; &emsp;--- 09 Jan 12:39:36 731 - WebDriver session: ChromeDriver: chrome on windows (7ca7735a6a8af5046ac08551a3d1d500)</small> </font> </div>
<div class="test-event"> <font color="maroon"> <small> &emsp; &emsp;--- 09 Jan 12:39:36 771 - Webelement dimension: (107, 33)</small> </font> </div>
<div class="test-event"> <font color="maroon"> <small> &emsp; &emsp;--- 09 Jan 12:39:36 999 - Clicked on Add New Building</small> </font> </div>
<div class="test-event"> <font color="maroon"> <small> &emsp; &emsp;--- 09 Jan 12:39:37 001 - WebDriver session: ChromeDriver: chrome on windows (7ca7735a6a8af5046ac08551a3d1d500)</small> </font> </div>
<div class="test-event"> <font color="maroon"> <small> &emsp; &emsp;--- 09 Jan 12:39:37 003 - WebDriver session: ChromeDriver: chrome on windows (7ca7735a6a8af5046ac08551a3d1d500)</small> </font> </div>
<div class="test-event"> <font color="maroon"> <small> &emsp; &emsp;--- 09 Jan 12:39:38 091 - Entered value Description- eebmm in Description</small> </font> </div>
<div class="test-event"> <font color="maroon"> <small> &emsp; &emsp;--- 09 Jan 12:39:38 092 - WebDriver session: ChromeDriver: chrome on windows (7ca7735a6a8af5046ac08551a3d1d500)</small> </font> </div>
<div class="test-event"> <font color="maroon"> <small> &emsp; &emsp;--- 09 Jan 12:39:38 110 - Webelement dimension: (47, 28)</small> </font> </div>
<div class="test-event"> <font color="maroon"> <small> &emsp; &emsp;--- 09 Jan 12:39:38 324 - Clicked on OK</small> </font> </div>
<div class="test-event"> <font color="maroon"> <small> &emsp; &emsp;--- 09 Jan 12:39:38 324 - WebDriver session: ChromeDriver: chrome on windows (7ca7735a6a8af5046ac08551a3d1d500)</small> </font> </div>
<div class="test-event"> <font color="maroon"> <small> &emsp; &emsp;--- 09 Jan 12:39:38 921 - Webelement dimension: (56, 28)</small> </font> </div>
<div class="test-event"> <font color="maroon"> <small> &emsp; &emsp;--- 09 Jan 12:39:39 129 - Clicked on Next</small> </font> </div>
<div class="test-event"> <font color="maroon"> <small> &emsp; &emsp;--- 09 Jan 12:39:39 133 - WebDriver session: ChromeDriver: chrome on windows (7ca7735a6a8af5046ac08551a3d1d500)</small> </font> </div>
<div class="test-event"> <font color="maroon"> <small> &emsp; &emsp;--- 09 Jan 12:39:39 156 - Page URL:: http://172.24.135.200:8480/pc/policycenter.do</small> </font> </div>
<div class="test-event"> <font color="maroon"> <small> &emsp; &emsp;--- 09 Jan 12:39:39 156 - <b>0</b> - Page Load Wait: (Sync) - com.aspire.guidewire.utils.WaitUtils.waitForPageLoad(WaitUtils.java:50)</small> </font> </div>
<div class="test-event"> <font color="maroon"> <small> &emsp; &emsp;--- 09 Jan 12:39:40 871 - [[ChromeDriver: chrome on windows (7ca7735a6a8af5046ac08551a3d1d500)] -> css selector: div[id$='IMPartScreen-ttlBar']] displayed</small> </font> </div>
<div class="test-event"> <font color="maroon"> <small> &emsp; &emsp;--- 09 Jan 12:39:40 872 - WebDriver session: ChromeDriver: chrome on windows (7ca7735a6a8af5046ac08551a3d1d500)</small> </font> </div>
<div class="test-message">&emsp;Building Details : Description- eebmm entered&emsp;<a href=".\ScreenShot\TC146_10.png" target="_blank" >[ScreenShot]</a></div>
<div class="test-event"> <font color="maroon"> <small> &emsp; &emsp;--- 09 Jan 12:39:41 097 - WebDriver session: ChromeDriver: chrome on windows (7ca7735a6a8af5046ac08551a3d1d500)</small> </font> </div>
<div class="test-event"> <font color="maroon"> <small> &emsp; &emsp;--- 09 Jan 12:39:41 100 - WebDriver session: ChromeDriver: chrome on windows (7ca7735a6a8af5046ac08551a3d1d500)</small> </font> </div>
<div class="test-event"> <font color="maroon"> <small> &emsp; &emsp;--- 09 Jan 12:39:41 140 - [[ChromeDriver: chrome on windows (7ca7735a6a8af5046ac08551a3d1d500)] -> css selector: select[name='SubmissionWizard-LOBWizardStepGroup-LineWizardStepSet-IMPartScreen-IMARPanelSet-IMARPartLevelInformationDV-businessClass']] displayed</small> </font> </div>
<div class="test-event"> <font color="maroon"> <small> &emsp; &emsp;--- 09 Jan 12:39:41 179 - BusinessClass is clickable</small> </font> </div>
<div class="test-event"> <font color="maroon"> <small> &emsp; &emsp;--- 09 Jan 12:39:41 459 - DropDown value Wholesaler selected</small> </font> </div>
<div class="test-event"> <font color="maroon"> <small> &emsp; &emsp;--- 09 Jan 12:39:41 459 - WebDriver session: ChromeDriver: chrome on windows (7ca7735a6a8af5046ac08551a3d1d500)</small> </font> </div>
<div class="test-event"> <font color="maroon"> <small> &emsp; &emsp;--- 09 Jan 12:39:41 485 - [[ChromeDriver: chrome on windows (7ca7735a6a8af5046ac08551a3d1d500)] -> css selector: select[name='SubmissionWizard-LOBWizardStepGroup-LineWizardStepSet-IMPartScreen-IMARPanelSet-IMARPartLevelInformationDV-coinsurance']] displayed</small> </font> </div>
<div class="test-event"> <font color="maroon"> <small> &emsp; &emsp;--- 09 Jan 12:39:41 525 - CoinsurancePct is clickable</small> </font> </div>
<div class="test-event"> <font color="maroon"> <small> &emsp; &emsp;--- 09 Jan 12:39:41 774 - DropDown value 80% selected</small> </font> </div>
<div class="test-event"> <font color="maroon"> <small> &emsp; &emsp;--- 09 Jan 12:39:41 775 - WebDriver session: ChromeDriver: chrome on windows (7ca7735a6a8af5046ac08551a3d1d500)</small> </font> </div>
<div class="test-event"> <font color="maroon"> <small> &emsp; &emsp;--- 09 Jan 12:39:41 797 - Webelement dimension: (53, 28)</small> </font> </div>
<div class="test-event"> <font color="maroon"> <small> &emsp; &emsp;--- 09 Jan 12:39:42 002 - Clicked on Add</small> </font> </div>
<div class="test-event"> <font color="maroon"> <small> &emsp; &emsp;--- 09 Jan 12:39:43 081 - Network idle state completed</small> </font> </div>
<div class="test-event"> <font color="maroon"> <small> &emsp; &emsp;--- 09 Jan 12:39:43 082 - WebDriver session: ChromeDriver: chrome on windows (7ca7735a6a8af5046ac08551a3d1d500)</small> </font> </div>
<div class="test-event"> <font color="maroon"> <small> &emsp; &emsp;--- 09 Jan 12:39:43 110 - [[ChromeDriver: chrome on windows (7ca7735a6a8af5046ac08551a3d1d500)] -> css selector: select[name$='buildingcell']] displayed</small> </font> </div>
<div class="test-event"> <font color="maroon"> <small> &emsp; &emsp;--- 09 Jan 12:39:43 150 - LocationBuilding is clickable</small> </font> </div>
<div class="test-event"> <font color="maroon"> <small> &emsp; &emsp;--- 09 Jan 12:39:43 430 - DropDown value 1 is selected</small> </font> </div>
<div class="test-event"> <font color="maroon"> <small> &emsp; &emsp;--- 09 Jan 12:39:43 431 - WebDriver session: ChromeDriver: chrome on windows (7ca7735a6a8af5046ac08551a3d1d500)</small> </font> </div>
<div class="test-event"> <font color="maroon"> <small> &emsp; &emsp;--- 09 Jan 12:39:43 457 - [[ChromeDriver: chrome on windows (7ca7735a6a8af5046ac08551a3d1d500)] -> css selector: select[name$='containercell']] displayed</small> </font> </div>
<div class="test-event"> <font color="maroon"> <small> &emsp; &emsp;--- 09 Jan 12:39:43 492 - ReceptacleType is clickable</small> </font> </div>
<div class="test-event"> <font color="maroon"> <small> &emsp; &emsp;--- 09 Jan 12:39:43 837 - DropDown value UL Class A selected</small> </font> </div>
<div class="test-event"> <font color="maroon"> <small> &emsp; &emsp;--- 09 Jan 12:39:43 837 - WebDriver session: ChromeDriver: chrome on windows (7ca7735a6a8af5046ac08551a3d1d500)</small> </font> </div>
<div class="test-event"> <font color="maroon"> <small> &emsp; &emsp;--- 09 Jan 12:39:43 873 - [[ChromeDriver: chrome on windows (7ca7735a6a8af5046ac08551a3d1d500)] -> css selector: select[name$='duplicatedCell']] displayed</small> </font> </div>
<div class="test-event"> <font color="maroon"> <small> &emsp; &emsp;--- 09 Jan 12:39:43 926 - PercentDuplicated is clickable</small> </font> </div>
<div class="test-event"> <font color="maroon"> <small> &emsp; &emsp;--- 09 Jan 12:39:44 257 - DropDown value at least 90% selected</small> </font> </div>
<div class="test-event"> <font color="maroon"> <small> &emsp; &emsp;--- 09 Jan 12:39:44 257 - WebDriver session: ChromeDriver: chrome on windows (7ca7735a6a8af5046ac08551a3d1d500)</small> </font> </div>
<div class="test-event"> <font color="maroon"> <small> &emsp; &emsp;--- 09 Jan 12:39:44 564 - Entered value 5000 in Limit</small> </font> </div>
<div class="test-event"> <font color="maroon"> <small> &emsp; &emsp;--- 09 Jan 12:39:44 564 - WebDriver session: ChromeDriver: chrome on windows (7ca7735a6a8af5046ac08551a3d1d500)</small> </font> </div>
<div class="test-event"> <font color="maroon"> <small> &emsp; &emsp;--- 09 Jan 12:39:44 587 - Webelement dimension: (56, 28)</small> </font> </div>
<div class="test-event"> <font color="maroon"> <small> &emsp; &emsp;--- 09 Jan 12:39:44 806 - Clicked on Next</small> </font> </div>
<div class="test-event"> <font color="maroon"> <small> &emsp; &emsp;--- 09 Jan 12:39:44 808 - WebDriver session: ChromeDriver: chrome on windows (7ca7735a6a8af5046ac08551a3d1d500)</small> </font> </div>
<div class="test-event"> <font color="maroon"> <small> &emsp; &emsp;--- 09 Jan 12:39:44 835 - Page URL:: http://172.24.135.200:8480/pc/policycenter.do</small> </font> </div>
<div class="test-event"> <font color="maroon"> <small> &emsp; &emsp;--- 09 Jan 12:39:44 836 - <b>0</b> - Page Load Wait: (Sync) - com.aspire.guidewire.utils.WaitUtils.waitForPageLoad(WaitUtils.java:50)</small> </font> </div>
<div class="test-event"> <font color="maroon"> <small> &emsp; &emsp;--- 09 Jan 12:39:44 869 - [[ChromeDriver: chrome on windows (7ca7735a6a8af5046ac08551a3d1d500)] -> css selector: div[id$='IMPartScreen-ttlBar']] displayed</small> </font> </div>
<div class="test-event"> <font color="maroon"> <small> &emsp; &emsp;--- 09 Jan 12:39:44 870 - WebDriver session: ChromeDriver: chrome on windows (7ca7735a6a8af5046ac08551a3d1d500)</small> </font> </div>
<div class="test-message">&emsp;Account Receivable Details for type : UL Class A entered&emsp;<a href=".\ScreenShot\TC146_11.png" target="_blank" >[ScreenShot]</a></div>
<div class="test-event"> <font color="maroon"> <small> &emsp; &emsp;--- 09 Jan 12:39:45 069 - WebDriver session: ChromeDriver: chrome on windows (7ca7735a6a8af5046ac08551a3d1d500)</small> </font> </div>
<div class="test-event"> <font color="maroon"> <small> &emsp; &emsp;--- 09 Jan 12:39:45 070 - WebDriver session: ChromeDriver: chrome on windows (7ca7735a6a8af5046ac08551a3d1d500)</small> </font> </div>
<div class="test-event"> <font color="maroon"> <small> &emsp; &emsp;--- 09 Jan 12:39:46 223 - [[ChromeDriver: chrome on windows (7ca7735a6a8af5046ac08551a3d1d500)] -> css selector: select[name='SubmissionWizard-LOBWizardStepGroup-LineWizardStepSet-IMPartScreen-ContractorsEquipmentPartPanelSet-contrEqContractorType']] displayed</small> </font> </div>
<div class="test-event"> <font color="maroon"> <small> &emsp; &emsp;--- 09 Jan 12:39:46 270 - ContractorType is clickable</small> </font> </div>
<div class="test-event"> <font color="maroon"> <small> &emsp; &emsp;--- 09 Jan 12:39:46 538 - DropDown value Small Contractor selected</small> </font> </div>
<div class="test-event"> <font color="maroon"> <small> &emsp; &emsp;--- 09 Jan 12:39:46 538 - WebDriver session: ChromeDriver: chrome on windows (7ca7735a6a8af5046ac08551a3d1d500)</small> </font> </div>
<div class="test-event"> <font color="maroon"> <small> &emsp; &emsp;--- 09 Jan 12:39:46 571 - [[ChromeDriver: chrome on windows (7ca7735a6a8af5046ac08551a3d1d500)] -> css selector: select[name='SubmissionWizard-LOBWizardStepGroup-LineWizardStepSet-IMPartScreen-ContractorsEquipmentPartPanelSet-coinsurance']] displayed</small> </font> </div>
<div class="test-event"> <font color="maroon"> <small> &emsp; &emsp;--- 09 Jan 12:39:46 609 - Coinsurance is clickable</small> </font> </div>
<div class="test-event"> <font color="maroon"> <small> &emsp; &emsp;--- 09 Jan 12:39:46 871 - DropDown value 80% selected</small> </font> </div>
<div class="test-event"> <font color="maroon"> <small> &emsp; &emsp;--- 09 Jan 12:39:46 872 - WebDriver session: ChromeDriver: chrome on windows (7ca7735a6a8af5046ac08551a3d1d500)</small> </font> </div>
<div class="test-event"> <font color="maroon"> <small> &emsp; &emsp;--- 09 Jan 12:39:46 900 - Webelement dimension: (16, 16)</small> </font> </div>
<div class="test-event"> <font color="maroon"> <small> &emsp; &emsp;--- 09 Jan 12:39:47 151 - Clicked on ContractorsEquipmentMiscItems</small> </font> </div>
<div class="test-event"> <font color="maroon"> <small> &emsp; &emsp;--- 09 Jan 12:39:48 228 - Network idle state completed</small> </font> </div>
<div class="test-event"> <font color="maroon"> <small> &emsp; &emsp;--- 09 Jan 12:39:48 228 - WebDriver session: ChromeDriver: chrome on windows (7ca7735a6a8af5046ac08551a3d1d500)</small> </font> </div>
<div class="test-event"> <font color="maroon"> <small> &emsp; &emsp;--- 09 Jan 12:39:48 543 - Entered value 5000 in Limit</small> </font> </div>
<div class="test-event"> <font color="maroon"> <small> &emsp; &emsp;--- 09 Jan 12:39:48 544 - WebDriver session: ChromeDriver: chrome on windows (7ca7735a6a8af5046ac08551a3d1d500)</small> </font> </div>
<div class="test-event"> <font color="maroon"> <small> &emsp; &emsp;--- 09 Jan 12:39:48 578 - [[ChromeDriver: chrome on windows (7ca7735a6a8af5046ac08551a3d1d500)] -> css selector: select[name='SubmissionWizard-LOBWizardStepGroup-LineWizardStepSet-IMPartScreen-ContractorsEquipmentPartPanelSet-policywideUnscheduledCovs-0-CoverageInputSet-CovPatternInputGroup-1-CovTermInputSet-OptionTermInput']] displayed</small> </font> </div>
<div class="test-event"> <font color="maroon"> <small> &emsp; &emsp;--- 09 Jan 12:39:48 624 - Deductible is clickable</small> </font> </div>
<div class="test-event"> <font color="maroon"> <small> &emsp; &emsp;--- 09 Jan 12:39:48 924 - DropDown value 500 selected</small> </font> </div>
<div class="test-event"> <font color="maroon"> <small> &emsp; &emsp;--- 09 Jan 12:39:48 924 - WebDriver session: ChromeDriver: chrome on windows (7ca7735a6a8af5046ac08551a3d1d500)</small> </font> </div>
<div class="test-event"> <font color="maroon"> <small> &emsp; &emsp;--- 09 Jan 12:39:48 949 - Webelement dimension: (16, 16)</small> </font> </div>
<div class="test-event"> <font color="maroon"> <small> &emsp; &emsp;--- 09 Jan 12:39:49 158 - Clicked on ContractorsRentedEquipment</small> </font> </div>
<div class="test-event"> <font color="maroon"> <small> &emsp; &emsp;--- 09 Jan 12:39:49 705 - Network idle state completed</small> </font> </div>
<div class="test-event"> <font color="maroon"> <small> &emsp; &emsp;--- 09 Jan 12:39:49 706 - WebDriver session: ChromeDriver: chrome on windows (7ca7735a6a8af5046ac08551a3d1d500)</small> </font> </div>
<div class="test-event"> <font color="maroon"> <small> &emsp; &emsp;--- 09 Jan 12:39:50 037 - Entered value 5000 in Limit</small> </font> </div>
<div class="test-event"> <font color="maroon"> <small> &emsp; &emsp;--- 09 Jan 12:39:50 038 - WebDriver session: ChromeDriver: chrome on windows (7ca7735a6a8af5046ac08551a3d1d500)</small> </font> </div>
<div class="test-event"> <font color="maroon"> <small> &emsp; &emsp;--- 09 Jan 12:39:50 078 - [[ChromeDriver: chrome on windows (7ca7735a6a8af5046ac08551a3d1d500)] -> css selector: select[name='SubmissionWizard-LOBWizardStepGroup-LineWizardStepSet-IMPartScreen-ContractorsEquipmentPartPanelSet-partLevelCovs-0-CoverageInputSet-CovPatternInputGroup-1-CovTermInputSet-OptionTermInput']] displayed</small> </font> </div>
<div class="test-event"> <font color="maroon"> <small> &emsp; &emsp;--- 09 Jan 12:39:50 112 - Deductible is clickable</small> </font> </div>
<div class="test-event"> <font color="maroon"> <small> &emsp; &emsp;--- 09 Jan 12:39:50 389 - DropDown value 500 selected</small> </font> </div>
<div class="test-event"> <font color="maroon"> <small> &emsp; &emsp;--- 09 Jan 12:39:50 391 - WebDriver session: ChromeDriver: chrome on windows (7ca7735a6a8af5046ac08551a3d1d500)</small> </font> </div>
<div class="test-event"> <font color="maroon"> <small> &emsp; &emsp;--- 09 Jan 12:39:50 412 - Webelement dimension: (56, 28)</small> </font> </div>
<div class="test-event"> <font color="maroon"> <small> &emsp; &emsp;--- 09 Jan 12:39:50 619 - Clicked on Next</small> </font> </div>
<div class="test-event"> <font color="maroon"> <small> &emsp; &emsp;--- 09 Jan 12:39:50 622 - WebDriver session: ChromeDriver: chrome on windows (7ca7735a6a8af5046ac08551a3d1d500)</small> </font> </div>
<div class="test-event"> <font color="maroon"> <small> &emsp; &emsp;--- 09 Jan 12:39:50 651 - Page URL:: http://172.24.135.200:8480/pc/policycenter.do</small> </font> </div>
<div class="test-event"> <font color="maroon"> <small> &emsp; &emsp;--- 09 Jan 12:39:50 651 - <b>0</b> - Page Load Wait: (Sync) - com.aspire.guidewire.utils.WaitUtils.waitForPageLoad(WaitUtils.java:50)</small> </font> </div>
<div class="test-event"> <font color="maroon"> <small> &emsp; &emsp;--- 09 Jan 12:39:50 683 - [[ChromeDriver: chrome on windows (7ca7735a6a8af5046ac08551a3d1d500)] -> css selector: div[id$='IMPartScreen-ttlBar']] displayed</small> </font> </div>
<div class="test-event"> <font color="maroon"> <small> &emsp; &emsp;--- 09 Jan 12:39:50 684 - WebDriver session: ChromeDriver: chrome on windows (7ca7735a6a8af5046ac08551a3d1d500)</small> </font> </div>
<div class="test-message">&emsp;Contractors Equipment details with limit of : 5000 entered&emsp;<a href=".\ScreenShot\TC146_12.png" target="_blank" >[ScreenShot]</a></div>
<div class="test-event"> <font color="maroon"> <small> &emsp; &emsp;--- 09 Jan 12:39:50 899 - WebDriver session: ChromeDriver: chrome on windows (7ca7735a6a8af5046ac08551a3d1d500)</small> </font> </div>
<div class="test-event"> <font color="maroon"> <small> &emsp; &emsp;--- 09 Jan 12:39:50 901 - WebDriver session: ChromeDriver: chrome on windows (7ca7735a6a8af5046ac08551a3d1d500)</small> </font> </div>
<div class="test-event"> <font color="maroon"> <small> &emsp; &emsp;--- 09 Jan 12:39:51 251 - [[ChromeDriver: chrome on windows (7ca7735a6a8af5046ac08551a3d1d500)] -> css selector: select[name='SubmissionWizard-LOBWizardStepGroup-LineWizardStepSet-IMPartScreen-IMSignsPanelSet-coinsurance']] displayed</small> </font> </div>
<div class="test-event"> <font color="maroon"> <small> &emsp; &emsp;--- 09 Jan 12:39:51 294 - Coinsurance is clickable</small> </font> </div>
<div class="test-event"> <font color="maroon"> <small> &emsp; &emsp;--- 09 Jan 12:39:51 586 - DropDown value 80% selected</small> </font> </div>
<div class="test-event"> <font color="maroon"> <small> &emsp; &emsp;--- 09 Jan 12:39:51 587 - WebDriver session: ChromeDriver: chrome on windows (7ca7735a6a8af5046ac08551a3d1d500)</small> </font> </div>
<div class="test-event"> <font color="maroon"> <small> &emsp; &emsp;--- 09 Jan 12:39:51 615 - Webelement dimension: (53, 28)</small> </font> </div>
<div class="test-event"> <font color="maroon"> <small> &emsp; &emsp;--- 09 Jan 12:39:51 833 - Clicked on Add</small> </font> </div>
<div class="test-event"> <font color="maroon"> <small> &emsp; &emsp;--- 09 Jan 12:39:52 905 - Network idle state completed</small> </font> </div>
<div class="test-event"> <font color="maroon"> <small> &emsp; &emsp;--- 09 Jan 12:39:52 905 - WebDriver session: ChromeDriver: chrome on windows (7ca7735a6a8af5046ac08551a3d1d500)</small> </font> </div>
<div class="test-event"> <font color="maroon"> <small> &emsp; &emsp;--- 09 Jan 12:39:52 934 - [[ChromeDriver: chrome on windows (7ca7735a6a8af5046ac08551a3d1d500)] -> css selector: select[name$='SignLocation']] displayed</small> </font> </div>
<div class="test-event"> <font color="maroon"> <small> &emsp; &emsp;--- 09 Jan 12:39:52 967 - Location is clickable</small> </font> </div>
<div class="test-event"> <font color="maroon"> <small> &emsp; &emsp;--- 09 Jan 12:39:53 239 - DropDown value 1 is selected</small> </font> </div>
<div class="test-event"> <font color="maroon"> <small> &emsp; &emsp;--- 09 Jan 12:39:53 239 - WebDriver session: ChromeDriver: chrome on windows (7ca7735a6a8af5046ac08551a3d1d500)</small> </font> </div>
<div class="test-event"> <font color="maroon"> <small> &emsp; &emsp;--- 09 Jan 12:39:53 545 - Entered value Description- eebmm in Description</small> </font> </div>
<div class="test-event"> <font color="maroon"> <small> &emsp; &emsp;--- 09 Jan 12:39:53 546 - WebDriver session: ChromeDriver: chrome on windows (7ca7735a6a8af5046ac08551a3d1d500)</small> </font> </div>
<div class="test-event"> <font color="maroon"> <small> &emsp; &emsp;--- 09 Jan 12:39:53 576 - [[ChromeDriver: chrome on windows (7ca7735a6a8af5046ac08551a3d1d500)] -> css selector: select[name$='SignType']] displayed</small> </font> </div>
<div class="test-event"> <font color="maroon"> <small> &emsp; &emsp;--- 09 Jan 12:39:53 618 - Type is clickable</small> </font> </div>
<div class="test-event"> <font color="maroon"> <small> &emsp; &emsp;--- 09 Jan 12:39:53 945 - DropDown value Mechanical selected</small> </font> </div>
<div class="test-event"> <font color="maroon"> <small> &emsp; &emsp;--- 09 Jan 12:39:53 945 - WebDriver session: ChromeDriver: chrome on windows (7ca7735a6a8af5046ac08551a3d1d500)</small> </font> </div>
<div class="test-event"> <font color="maroon"> <small> &emsp; &emsp;--- 09 Jan 12:39:54 187 - Entered value 5000 in Limit</small> </font> </div>
<div class="test-event"> <font color="maroon"> <small> &emsp; &emsp;--- 09 Jan 12:39:54 187 - WebDriver session: ChromeDriver: chrome on windows (7ca7735a6a8af5046ac08551a3d1d500)</small> </font> </div>
<div class="test-event"> <font color="maroon"> <small> &emsp; &emsp;--- 09 Jan 12:39:54 202 - Webelement dimension: (56, 28)</small> </font> </div>
<div class="test-event"> <font color="maroon"> <small> &emsp; &emsp;--- 09 Jan 12:39:54 389 - Clicked on Next</small> </font> </div>
<div class="test-event"> <font color="maroon"> <small> &emsp; &emsp;--- 09 Jan 12:39:54 392 - WebDriver session: ChromeDriver: chrome on windows (7ca7735a6a8af5046ac08551a3d1d500)</small> </font> </div>
<div class="test-event"> <font color="maroon"> <small> &emsp; &emsp;--- 09 Jan 12:39:54 418 - Page URL:: http://172.24.135.200:8480/pc/policycenter.do</small> </font> </div>
<div class="test-event"> <font color="maroon"> <small> &emsp; &emsp;--- 09 Jan 12:39:54 419 - <b>0</b> - Page Load Wait: (Sync) - com.aspire.guidewire.utils.WaitUtils.waitForPageLoad(WaitUtils.java:50)</small> </font> </div>
<div class="test-event"> <font color="maroon"> <small> &emsp; &emsp;--- 09 Jan 12:39:55 285 - [[ChromeDriver: chrome on windows (7ca7735a6a8af5046ac08551a3d1d500)] -> css selector: div[id$='RiskAnalysisScreen-0']] displayed</small> </font> </div>
<div class="test-event"> <font color="maroon"> <small> &emsp; &emsp;--- 09 Jan 12:39:55 286 - WebDriver session: ChromeDriver: chrome on windows (7ca7735a6a8af5046ac08551a3d1d500)</small> </font> </div>
<div class="test-message">&emsp;Sign Details type : Mechanical selected&emsp;<a href=".\ScreenShot\TC146_13.png" target="_blank" >[ScreenShot]</a></div>
<div class="test-event"> <font color="maroon"> <small> &emsp; &emsp;--- 09 Jan 12:39:55 483 - WebDriver session: ChromeDriver: chrome on windows (7ca7735a6a8af5046ac08551a3d1d500)</small> </font> </div>
<div class="test-event"> <font color="maroon"> <small> &emsp; &emsp;--- 09 Jan 12:39:55 485 - WebDriver session: ChromeDriver: chrome on windows (7ca7735a6a8af5046ac08551a3d1d500)</small> </font> </div>
<div class="test-event"> <font color="maroon"> <small> &emsp; &emsp;--- 09 Jan 12:39:55 505 - Webelement dimension: (56, 28)</small> </font> </div>
<div class="test-event"> <font color="maroon"> <small> &emsp; &emsp;--- 09 Jan 12:39:55 724 - Clicked on Next</small> </font> </div>
<div class="test-event"> <font color="maroon"> <small> &emsp; &emsp;--- 09 Jan 12:39:55 727 - WebDriver session: ChromeDriver: chrome on windows (7ca7735a6a8af5046ac08551a3d1d500)</small> </font> </div>
<div class="test-event"> <font color="maroon"> <small> &emsp; &emsp;--- 09 Jan 12:39:55 747 - Page URL:: http://172.24.135.200:8480/pc/policycenter.do</small> </font> </div>
<div class="test-event"> <font color="maroon"> <small> &emsp; &emsp;--- 09 Jan 12:39:55 748 - <b>0</b> - Page Load Wait: (Sync) - com.aspire.guidewire.utils.WaitUtils.waitForPageLoad(WaitUtils.java:50)</small> </font> </div>
<div class="test-event"> <font color="maroon"> <small> &emsp; &emsp;--- 09 Jan 12:39:55 785 - [[ChromeDriver: chrome on windows (7ca7735a6a8af5046ac08551a3d1d500)] -> xpath: (//div[text()='Policy Review'])[last()]] displayed</small> </font> </div>
<div class="test-event"> <font color="maroon"> <small> &emsp; &emsp;--- 09 Jan 12:39:55 786 - WebDriver session: ChromeDriver: chrome on windows (7ca7735a6a8af5046ac08551a3d1d500)</small> </font> </div>
<div class="test-message">&emsp;Risk analysis details processed&emsp;<a href=".\ScreenShot\TC146_14.png" target="_blank" >[ScreenShot]</a></div>
<div class="test-event"> <font color="maroon"> <small> &emsp; &emsp;--- 09 Jan 12:39:55 975 - WebDriver session: ChromeDriver: chrome on windows (7ca7735a6a8af5046ac08551a3d1d500)</small> </font> </div>
<div class="test-event"> <font color="maroon"> <small> &emsp; &emsp;--- 09 Jan 12:39:55 976 - WebDriver session: ChromeDriver: chrome on windows (7ca7735a6a8af5046ac08551a3d1d500)</small> </font> </div>
<div class="test-event"> <font color="maroon"> <small> &emsp; &emsp;--- 09 Jan 12:39:56 001 - Webelement dimension: (65, 28)</small> </font> </div>
<div class="test-event"> <font color="maroon"> <small> &emsp; &emsp;--- 09 Jan 12:39:56 964 - Webelement dimension: (65, 28)</small> </font> </div>
<div class="test-event"> <font color="maroon"> <small> &emsp; &emsp;--- 09 Jan 12:39:57 182 - Clicked on Quote</small> </font> </div>
<div class="test-event"> <font color="maroon"> <small> &emsp; &emsp;--- 09 Jan 12:39:57 182 - WebDriver session: ChromeDriver: chrome on windows (7ca7735a6a8af5046ac08551a3d1d500)</small> </font> </div>
<div class="test-message">&emsp;Policy Review Informations processed&emsp;<a href=".\ScreenShot\TC146_15.png" target="_blank" >[ScreenShot]</a></div>
<div class="test-event"> <font color="maroon"> <small> &emsp; &emsp;--- 09 Jan 12:39:57 417 - WebDriver session: ChromeDriver: chrome on windows (7ca7735a6a8af5046ac08551a3d1d500)</small> </font> </div>
<div class="test-event"> <font color="maroon"> <small> &emsp; &emsp;--- 09 Jan 12:39:57 438 - Page URL:: http://172.24.135.200:8480/pc/policycenter.do</small> </font> </div>
<div class="test-event"> <font color="maroon"> <small> &emsp; &emsp;--- 09 Jan 12:39:57 438 - <b>0</b> - Page Load Wait: (Sync) - com.aspire.guidewire.utils.WaitUtils.waitForPageLoad(WaitUtils.java:50)</small> </font> </div>
<div class="test-event"> <font color="maroon"> <small> &emsp; &emsp;--- 09 Jan 12:40:11 002 - [[ChromeDriver: chrome on windows (7ca7735a6a8af5046ac08551a3d1d500)] -> css selector: div[id$='QuoteScreen-ttlBar']] displayed</small> </font> </div>
<div class="test-event"> <font color="maroon"> <small> &emsp; &emsp;--- 09 Jan 12:40:11 002 - WebDriver session: ChromeDriver: chrome on windows (7ca7735a6a8af5046ac08551a3d1d500)</small> </font> </div>
<div class="test-event"> <font color="maroon"> <small> &emsp; &emsp;--- 09 Jan 12:40:11 004 - WebDriver session: ChromeDriver: chrome on windows (7ca7735a6a8af5046ac08551a3d1d500)</small> </font> </div>
<div class="test-event"> <font color="maroon"> <small> &emsp; &emsp;--- 09 Jan 12:40:11 024 - Webelement dimension: (56, 28)</small> </font> </div>
<div class="test-event"> <font color="maroon"> <small> &emsp; &emsp;--- 09 Jan 12:40:11 242 - Clicked on Next</small> </font> </div>
<div class="test-event"> <font color="maroon"> <small> &emsp; &emsp;--- 09 Jan 12:40:11 243 - WebDriver session: ChromeDriver: chrome on windows (7ca7735a6a8af5046ac08551a3d1d500)</small> </font> </div>
<div class="test-message">&emsp;Quote page is processed&emsp;<a href=".\ScreenShot\TC146_16.png" target="_blank" >[ScreenShot]</a></div>
<div class="test-event"> <font color="maroon"> <small> &emsp; &emsp;--- 09 Jan 12:40:11 436 - WebDriver session: ChromeDriver: chrome on windows (7ca7735a6a8af5046ac08551a3d1d500)</small> </font> </div>
<div class="test-event"> <font color="maroon"> <small> &emsp; &emsp;--- 09 Jan 12:40:11 459 - Page URL:: http://172.24.135.200:8480/pc/policycenter.do</small> </font> </div>
<div class="test-event"> <font color="maroon"> <small> &emsp; &emsp;--- 09 Jan 12:40:11 459 - <b>0</b> - Page Load Wait: (Sync) - com.aspire.guidewire.utils.WaitUtils.waitForPageLoad(WaitUtils.java:50)</small> </font> </div>
<div class="test-event"> <font color="maroon"> <small> &emsp; &emsp;--- 09 Jan 12:40:11 489 - [[ChromeDriver: chrome on windows (7ca7735a6a8af5046ac08551a3d1d500)] -> css selector: div[id='gw-center-title-toolbar']>div[id$='FormsScreen-ttlBar'] , div[id$='PolicyLine_FormsScreen-0']] displayed</small> </font> </div>
<div class="test-event"> <font color="maroon"> <small> &emsp; &emsp;--- 09 Jan 12:40:11 490 - WebDriver session: ChromeDriver: chrome on windows (7ca7735a6a8af5046ac08551a3d1d500)</small> </font> </div>
<div class="test-event"> <font color="maroon"> <small> &emsp; &emsp;--- 09 Jan 12:40:11 491 - WebDriver session: ChromeDriver: chrome on windows (7ca7735a6a8af5046ac08551a3d1d500)</small> </font> </div>
<div class="test-event"> <font color="maroon"> <small> &emsp; &emsp;--- 09 Jan 12:40:11 509 - Webelement dimension: (56, 28)</small> </font> </div>
<div class="test-event"> <font color="maroon"> <small> &emsp; &emsp;--- 09 Jan 12:40:11 728 - Clicked on Next</small> </font> </div>
<div class="test-event"> <font color="maroon"> <small> &emsp; &emsp;--- 09 Jan 12:40:11 729 - WebDriver session: ChromeDriver: chrome on windows (7ca7735a6a8af5046ac08551a3d1d500)</small> </font> </div>
<div class="test-message">&emsp;Forms page is processed&emsp;<a href=".\ScreenShot\TC146_17.png" target="_blank" >[ScreenShot]</a></div>
<div class="test-event"> <font color="maroon"> <small> &emsp; &emsp;--- 09 Jan 12:40:11 932 - WebDriver session: ChromeDriver: chrome on windows (7ca7735a6a8af5046ac08551a3d1d500)</small> </font> </div>
<div class="test-event"> <font color="maroon"> <small> &emsp; &emsp;--- 09 Jan 12:40:11 956 - Page URL:: http://172.24.135.200:8480/pc/policycenter.do</small> </font> </div>
<div class="test-event"> <font color="maroon"> <small> &emsp; &emsp;--- 09 Jan 12:40:11 956 - <b>0</b> - Page Load Wait: (Sync) - com.aspire.guidewire.utils.WaitUtils.waitForPageLoad(WaitUtils.java:50)</small> </font> </div>
<div class="test-event"> <font color="maroon"> <small> &emsp; &emsp;--- 09 Jan 12:40:18 187 - [[ChromeDriver: chrome on windows (7ca7735a6a8af5046ac08551a3d1d500)] -> css selector: div[id$='PaymentScreen-ttlBar']] displayed</small> </font> </div>
<div class="test-event"> <font color="maroon"> <small> &emsp; &emsp;--- 09 Jan 12:40:18 188 - WebDriver session: ChromeDriver: chrome on windows (7ca7735a6a8af5046ac08551a3d1d500)</small> </font> </div>
<div class="test-event"> <font color="maroon"> <small> &emsp; &emsp;--- 09 Jan 12:40:18 189 - WebDriver session: ChromeDriver: chrome on windows (7ca7735a6a8af5046ac08551a3d1d500)</small> </font> </div>
<div class="test-message">&emsp;Entered payment details - Billing Method : None , Payment Plan : None and upFrontPayment : None&emsp;<a href=".\ScreenShot\TC146_18.png" target="_blank" >[ScreenShot]</a></div>
<div class="test-event"> <font color="maroon"> <small> &emsp; &emsp;--- 09 Jan 12:40:18 381 - WebDriver session: ChromeDriver: chrome on windows (7ca7735a6a8af5046ac08551a3d1d500)</small> </font> </div>
<div class="test-event"> <font color="maroon"> <small> &emsp; &emsp;--- 09 Jan 12:40:18 383 - WebDriver session: ChromeDriver: chrome on windows (7ca7735a6a8af5046ac08551a3d1d500)</small> </font> </div>
<div class="test-event"> <font color="maroon"> <small> &emsp; &emsp;--- 09 Jan 12:40:18 414 - Webelement dimension: (118, 28)</small> </font> </div>
<div class="test-event"> <font color="maroon"> <small> &emsp; &emsp;--- 09 Jan 12:40:18 649 - Clicked on BindOptions</small> </font> </div>
<div class="test-event"> <font color="maroon"> <small> &emsp; &emsp;--- 09 Jan 12:40:18 649 - WebDriver session: ChromeDriver: chrome on windows (7ca7735a6a8af5046ac08551a3d1d500)</small> </font> </div>
<div class="test-event"> <font color="maroon"> <small> &emsp; &emsp;--- 09 Jan 12:40:18 680 - Webelement dimension: (68, 18)</small> </font> </div>
<div class="test-event"> <font color="maroon"> <small> &emsp; &emsp;--- 09 Jan 12:40:18 932 - Clicked on IssuePolicy</small> </font> </div>
<div class="test-event"> <font color="maroon"> <small> &emsp; &emsp;--- 09 Jan 12:40:18 943 - Confirm Alertis performed</small> </font> </div>
<div class="test-event"> <font color="maroon"> <small> &emsp; &emsp;--- 09 Jan 12:40:18 944 - WebDriver session: ChromeDriver: chrome on windows (7ca7735a6a8af5046ac08551a3d1d500)</small> </font> </div>
<div class="test-message">&emsp;Policy Issued successfully&emsp;<a href=".\ScreenShot\TC146_19.png" target="_blank" >[ScreenShot]</a></div>
<div class="test-event"> <font color="maroon"> <small> &emsp; &emsp;--- 09 Jan 12:40:19 197 - WebDriver session: ChromeDriver: chrome on windows (7ca7735a6a8af5046ac08551a3d1d500)</small> </font> </div>
<div class="test-event"> <font color="maroon"> <small> &emsp; &emsp;--- 09 Jan 12:40:19 213 - Page URL:: http://172.24.135.200:8480/pc/policycenter.do</small> </font> </div>
<div class="test-event"> <font color="maroon"> <small> &emsp; &emsp;--- 09 Jan 12:40:19 213 - <b>0</b> - Page Load Wait: (Sync) - com.aspire.guidewire.utils.WaitUtils.waitForPageLoad(WaitUtils.java:50)</small> </font> </div>
<div class="test-event"> <font color="maroon"> <small> &emsp; &emsp;--- 09 Jan 12:40:23 832 - [[ChromeDriver: chrome on windows (7ca7735a6a8af5046ac08551a3d1d500)] -> css selector: #JobComplete-JobCompleteScreen-ttlBar] displayed</small> </font> </div>
<div class="test-event"> <font color="maroon"> <small> &emsp; &emsp;--- 09 Jan 12:40:23 833 - WebDriver session: ChromeDriver: chrome on windows (7ca7735a6a8af5046ac08551a3d1d500)</small> </font> </div>
<div class="test-event"> <font color="maroon"> <small> &emsp; &emsp;--- 09 Jan 12:40:23 855 - Webelement dimension: (294, 31)</small> </font> </div>
<div class="test-event"> <font color="maroon"> <small> &emsp; &emsp;--- 09 Jan 12:40:24 067 - Clicked on ViewPolicy</small> </font> </div>
<div class="test-event"> <font color="maroon"> <small> &emsp; &emsp;--- 09 Jan 12:40:25 161 - Network idle state completed</small> </font> </div>
<div class="test-event"> <font color="maroon"> <small> &emsp; &emsp;--- 09 Jan 12:40:25 162 - WebDriver session: ChromeDriver: chrome on windows (7ca7735a6a8af5046ac08551a3d1d500)</small> </font> </div>
<div class="test-event"> <font color="maroon"> <small> &emsp; &emsp;--- 09 Jan 12:40:25 182 - Page URL:: http://172.24.135.200:8480/pc/policycenter.do</small> </font> </div>
<div class="test-event"> <font color="maroon"> <small> &emsp; &emsp;--- 09 Jan 12:40:25 183 - <b>0</b> - Page Load Wait: (Sync) - com.aspire.guidewire.utils.WaitUtils.waitForPageLoad(WaitUtils.java:50)</small> </font> </div>
<div class="test-event"> <font color="maroon"> <small> &emsp; &emsp;--- 09 Jan 12:40:25 216 - [[ChromeDriver: chrome on windows (7ca7735a6a8af5046ac08551a3d1d500)] -> css selector: div[id='gw-center-title-toolbar']>div[id='PolicyFile_Summary-ttlBar']] displayed</small> </font> </div>
<div class="test-event"> <font color="maroon"> <small> &emsp; &emsp;--- 09 Jan 12:40:25 217 - WebDriver session: ChromeDriver: chrome on windows (7ca7735a6a8af5046ac08551a3d1d500)</small> </font> </div>
<div class="test-message">&emsp;Clicked on View policy Link&emsp;<a href=".\ScreenShot\TC146_20.png" target="_blank" >[ScreenShot]</a></div>
<div class="test-result"><br><font color="green"><strong> Test Passed. </strong></font> </div>&emsp;]]>
    </system-out>
  </testcase> <!-- TC146 -->
  <system-out>
    <![CDATA[<div class="test-event"> <font color="maroon"> <small> &emsp; &emsp;--- 09 Jan 12:38:29 987 - TestCaseID:: setDriver</small> </font> </div>
<div class="test-event"> <font color="maroon"> <small> &emsp; &emsp;--- 09 Jan 12:38:36 669 - <b>6</b> - Driver::initialize::Get - com.aspire.guidewire.utils.WebDriverFactory.getDriver(WebDriverFactory.java:756)</small> </font> </div>
<div class="test-event"> <font color="maroon"> <small> &emsp; &emsp;--- 09 Jan 12:38:36 670 - WebDriver session: ChromeDriver: chrome on windows (7ca7735a6a8af5046ac08551a3d1d500)</small> </font> </div>
&emsp;<div class="test-title"> <strong><font size = "3" color = "#000080">Verify whether user able to Create an inland marine policy with 6 month term type.</font> </strong> </div>&emsp;<div><strong>Steps:</strong></div><!-- Report -->&emsp;
<div class="test-event"> <font color="maroon"> <small> &emsp; &emsp;--- 09 Jan 12:38:36 683 - Fetching test data from excel sheet</small> </font> </div>
<div class="test-event"> <font color="maroon"> <small> &emsp; &emsp;--- 09 Jan 12:38:40 196 - WebDriver session: ChromeDriver: chrome on windows (7ca7735a6a8af5046ac08551a3d1d500)</small> </font> </div>
<div class="test-event"> <font color="maroon"> <small> &emsp; &emsp;--- 09 Jan 12:38:41 778 - Page URL:: http://172.24.135.200:8480/pc/policycenter.do</small> </font> </div>
<div class="test-event"> <font color="maroon"> <small> &emsp; &emsp;--- 09 Jan 12:38:41 778 - <b>0</b> - Page Load Wait: (Sync) - com.aspire.guidewire.utils.WaitUtils.waitForPageLoad(WaitUtils.java:50)</small> </font> </div>
<div class="test-event"> <font color="maroon"> <small> &emsp; &emsp;--- 09 Jan 12:38:41 837 - [[ChromeDriver: chrome on windows (7ca7735a6a8af5046ac08551a3d1d500)] -> css selector: div[id$='submit_Input'] div[id$='submit'] > div[role='button']] displayed</small> </font> </div>
<div class="test-event"> <font color="maroon"> <small> &emsp; &emsp;--- 09 Jan 12:38:41 839 - WebDriver session: ChromeDriver: chrome on windows (7ca7735a6a8af5046ac08551a3d1d500)</small> </font> </div>
<div class="test-event"> <font color="maroon"> <small> &emsp; &emsp;--- 09 Jan 12:38:42 403 - Entered value su in username</small> </font> </div>
<div class="test-event"> <font color="maroon"> <small> &emsp; &emsp;--- 09 Jan 12:38:42 404 - WebDriver session: ChromeDriver: chrome on windows (7ca7735a6a8af5046ac08551a3d1d500)</small> </font> </div>
<div class="test-event"> <font color="maroon"> <small> &emsp; &emsp;--- 09 Jan 12:38:42 858 - Entered value gw in password</small> </font> </div>
<div class="test-event"> <font color="maroon"> <small> &emsp; &emsp;--- 09 Jan 12:38:42 860 - WebDriver session: ChromeDriver: chrome on windows (7ca7735a6a8af5046ac08551a3d1d500)</small> </font> </div>
<div class="test-event"> <font color="maroon"> <small> &emsp; &emsp;--- 09 Jan 12:38:42 881 - Webelement dimension: (297, 42)</small> </font> </div>
<div class="test-event"> <font color="maroon"> <small> &emsp; &emsp;--- 09 Jan 12:38:43 115 - Clicked on signin</small> </font> </div>
<div class="test-event"> <font color="maroon"> <small> &emsp; &emsp;--- 09 Jan 12:38:43 117 - WebDriver session: ChromeDriver: chrome on windows (7ca7735a6a8af5046ac08551a3d1d500)</small> </font> </div>
<div class="test-event"> <font color="maroon"> <small> &emsp; &emsp;--- 09 Jan 12:38:43 147 - Page URL:: http://172.24.135.200:8480/pc/policycenter.do</small> </font> </div>
<div class="test-event"> <font color="maroon"> <small> &emsp; &emsp;--- 09 Jan 12:38:43 148 - <b>0</b> - Page Load Wait: (Sync) - com.aspire.guidewire.utils.WaitUtils.waitForPageLoad(WaitUtils.java:50)</small> </font> </div>
<div class="test-event"> <font color="maroon"> <small> &emsp; &emsp;--- 09 Jan 12:38:43 819 - [[ChromeDriver: chrome on windows (7ca7735a6a8af5046ac08551a3d1d500)] -> css selector: div[id='gw-center-title-toolbar']>div[id$='Summary-ttlBar']] displayed</small> </font> </div>
<div class="test-event"> <font color="maroon"> <small> &emsp; &emsp;--- 09 Jan 12:38:43 820 - WebDriver session: ChromeDriver: chrome on windows (7ca7735a6a8af5046ac08551a3d1d500)</small> </font> </div>
<div class="test-message">&emsp;Logged into the Application&emsp;<a href=".\ScreenShot\TC146_1.png" target="_blank" >[ScreenShot]</a></div>
<div class="test-event"> <font color="maroon"> <small> &emsp; &emsp;--- 09 Jan 12:38:44 382 - WebDriver session: ChromeDriver: chrome on windows (7ca7735a6a8af5046ac08551a3d1d500)</small> </font> </div>
<div class="test-event"> <font color="maroon"> <small> &emsp; &emsp;--- 09 Jan 12:38:44 406 - Page URL:: http://172.24.135.200:8480/pc/policycenter.do</small> </font> </div>
<div class="test-event"> <font color="maroon"> <small> &emsp; &emsp;--- 09 Jan 12:38:44 406 - <b>0</b> - Page Load Wait: (Sync) - com.aspire.guidewire.utils.WaitUtils.waitForPageLoad(WaitUtils.java:50)</small> </font> </div>
<div class="test-event"> <font color="maroon"> <small> &emsp; &emsp;--- 09 Jan 12:38:44 588 - [[ChromeDriver: chrome on windows (7ca7735a6a8af5046ac08551a3d1d500)] -> css selector: div[id='gw-center-title-toolbar']>div[id$='Summary-ttlBar']] displayed</small> </font> </div>
<div class="test-event"> <font color="maroon"> <small> &emsp; &emsp;--- 09 Jan 12:38:44 597 - WebDriver session: ChromeDriver: chrome on windows (7ca7735a6a8af5046ac08551a3d1d500)</small> </font> </div>
<div class="test-event"> <font color="maroon"> <small> &emsp; &emsp;--- 09 Jan 12:38:44 624 - WebDriver session: ChromeDriver: chrome on windows (7ca7735a6a8af5046ac08551a3d1d500)</small> </font> </div>
<div class="test-event"> <font color="maroon"> <small> &emsp; &emsp;--- 09 Jan 12:38:44 710 - Webelement dimension: (27, 49)</small> </font> </div>
<div class="test-event"> <font color="maroon"> <small> &emsp; &emsp;--- 09 Jan 12:38:44 983 - Clicked on Toggle Account SubMenu</small> </font> </div>
<div class="test-event"> <font color="maroon"> <small> &emsp; &emsp;--- 09 Jan 12:38:44 984 - WebDriver session: ChromeDriver: chrome on windows (7ca7735a6a8af5046ac08551a3d1d500)</small> </font> </div>
<div class="test-event"> <font color="maroon"> <small> &emsp; &emsp;--- 09 Jan 12:38:45 009 - Webelement dimension: (318, 36)</small> </font> </div>
<div class="test-event"> <font color="maroon"> <small> &emsp; &emsp;--- 09 Jan 12:38:46 383 - Clicked on New Account</small> </font> </div>
<div class="test-event"> <font color="maroon"> <small> &emsp; &emsp;--- 09 Jan 12:38:46 388 - WebDriver session: ChromeDriver: chrome on windows (7ca7735a6a8af5046ac08551a3d1d500)</small> </font> </div>
<div class="test-event"> <font color="maroon"> <small> &emsp; &emsp;--- 09 Jan 12:38:47 002 - Entered value Kim in Firstname</small> </font> </div>
<div class="test-event"> <font color="maroon"> <small> &emsp; &emsp;--- 09 Jan 12:38:47 002 - WebDriver session: ChromeDriver: chrome on windows (7ca7735a6a8af5046ac08551a3d1d500)</small> </font> </div>
<div class="test-event"> <font color="maroon"> <small> &emsp; &emsp;--- 09 Jan 12:38:47 337 - Entered value Ratke in Lastname</small> </font> </div>
<div class="test-event"> <font color="maroon"> <small> &emsp; &emsp;--- 09 Jan 12:38:47 338 - WebDriver session: ChromeDriver: chrome on windows (7ca7735a6a8af5046ac08551a3d1d500)</small> </font> </div>
<div class="test-event"> <font color="maroon"> <small> &emsp; &emsp;--- 09 Jan 12:38:47 368 - Webelement dimension: (69, 28)</small> </font> </div>
<div class="test-event"> <font color="maroon"> <small> &emsp; &emsp;--- 09 Jan 12:38:47 568 - Clicked on Search</small> </font> </div>
<div class="test-event"> <font color="maroon"> <small> &emsp; &emsp;--- 09 Jan 12:38:47 569 - WebDriver session: ChromeDriver: chrome on windows (7ca7735a6a8af5046ac08551a3d1d500)</small> </font> </div>
<div class="test-event"> <font color="maroon"> <small> &emsp; &emsp;--- 09 Jan 12:38:47 879 - Webelement dimension: (159, 28)</small> </font> </div>
<div class="test-event"> <font color="maroon"> <small> &emsp; &emsp;--- 09 Jan 12:38:49 063 - Clicked on CreateNewAccount</small> </font> </div>
<div class="test-event"> <font color="maroon"> <small> &emsp; &emsp;--- 09 Jan 12:38:49 064 - WebDriver session: ChromeDriver: chrome on windows (7ca7735a6a8af5046ac08551a3d1d500)</small> </font> </div>
<div class="test-message">&emsp;Searched for account with First Name : Kim and Last Name: Ratke&emsp;<a href=".\ScreenShot\TC146_2.png" target="_blank" >[ScreenShot]</a></div>
<div class="test-event"> <font color="maroon"> <small> &emsp; &emsp;--- 09 Jan 12:38:49 233 - WebDriver session: ChromeDriver: chrome on windows (7ca7735a6a8af5046ac08551a3d1d500)</small> </font> </div>
<div class="test-event"> <font color="maroon"> <small> &emsp; &emsp;--- 09 Jan 12:38:49 235 - WebDriver session: ChromeDriver: chrome on windows (7ca7735a6a8af5046ac08551a3d1d500)</small> </font> </div>
<div class="test-event"> <font color="maroon"> <small> &emsp; &emsp;--- 09 Jan 12:38:49 257 - Webelement dimension: (142, 33)</small> </font> </div>
<div class="test-event"> <font color="maroon"> <small> &emsp; &emsp;--- 09 Jan 12:38:49 438 - Clicked on Person</small> </font> </div>
<div class="test-event"> <font color="maroon"> <small> &emsp; &emsp;--- 09 Jan 12:38:49 441 - WebDriver session: ChromeDriver: chrome on windows (7ca7735a6a8af5046ac08551a3d1d500)</small> </font> </div>
<div class="test-event"> <font color="maroon"> <small> &emsp; &emsp;--- 09 Jan 12:38:49 447 - WebDriver session: ChromeDriver: chrome on windows (7ca7735a6a8af5046ac08551a3d1d500)</small> </font> </div>
<div class="test-event"> <font color="maroon"> <small> &emsp; &emsp;--- 09 Jan 12:38:49 449 - WebDriver session: ChromeDriver: chrome on windows (7ca7735a6a8af5046ac08551a3d1d500)</small> </font> </div>
<div class="test-event"> <font color="maroon"> <small> &emsp; &emsp;--- 09 Jan 12:38:49 760 - Entered value Kim in Firstname</small> </font> </div>
<div class="test-event"> <font color="maroon"> <small> &emsp; &emsp;--- 09 Jan 12:38:49 760 - WebDriver session: ChromeDriver: chrome on windows (7ca7735a6a8af5046ac08551a3d1d500)</small> </font> </div>
<div class="test-event"> <font color="maroon"> <small> &emsp; &emsp;--- 09 Jan 12:38:51 765 - Entered value 79892 Keith Bypass in Address1</small> </font> </div>
<div class="test-event"> <font color="maroon"> <small> &emsp; &emsp;--- 09 Jan 12:38:51 766 - WebDriver session: ChromeDriver: chrome on windows (7ca7735a6a8af5046ac08551a3d1d500)</small> </font> </div>
<div class="test-event"> <font color="maroon"> <small> &emsp; &emsp;--- 09 Jan 12:38:51 797 - [[ChromeDriver: chrome on windows (7ca7735a6a8af5046ac08551a3d1d500)] -> css selector: div[id$='State'] select[name$='State']] displayed</small> </font> </div>
<div class="test-event"> <font color="maroon"> <small> &emsp; &emsp;--- 09 Jan 12:38:51 851 - State is clickable</small> </font> </div>
<div class="test-event"> <font color="maroon"> <small> &emsp; &emsp;--- 09 Jan 12:38:53 322 - Network idle state completed</small> </font> </div>
[...]
<div class="test-event"> <font color="maroon"> <small> &emsp; &emsp;--- 09 Jan 12:39:50 412 - Webelement dimension: (56, 28)</small> </font> </div>
<div class="test-event"> <font color="maroon"> <small> &emsp; &emsp;--- 09 Jan 12:39:50 619 - Clicked on Next</small> </font> </div>
<div class="test-event"> <font color="maroon"> <small> &emsp; &emsp;--- 09 Jan 12:39:50 622 - WebDriver session: ChromeDriver: chrome on windows (7ca7735a6a8af5046ac08551a3d1d500)</small> </font> </div>
<div class="test-event"> <font color="maroon"> <small> &emsp; &emsp;--- 09 Jan 12:39:50 651 - Page URL:: http://172.24.135.200:8480/pc/policycenter.do</small> </font> </div>
<div class="test-event"> <font color="maroon"> <small> &emsp; &emsp;--- 09 Jan 12:39:50 651 - <b>0</b> - Page Load Wait: (Sync) - com.aspire.guidewire.utils.WaitUtils.waitForPageLoad(WaitUtils.java:50)</small> </font> </div>
<div class="test-event"> <font color="maroon"> <small> &emsp; &emsp;--- 09 Jan 12:39:50 683 - [[ChromeDriver: chrome on windows (7ca7735a6a8af5046ac08551a3d1d500)] -> css selector: div[id$='IMPartScreen-ttlBar']] displayed</small> </font> </div>
<div class="test-event"> <font color="maroon"> <small> &emsp; &emsp;--- 09 Jan 12:39:50 684 - WebDriver session: ChromeDriver: chrome on windows (7ca7735a6a8af5046ac08551a3d1d500)</small> </font> </div>
<div class="test-message">&emsp;Contractors Equipment details with limit of : 5000 entered&emsp;<a href=".\ScreenShot\TC146_12.png" target="_blank" >[ScreenShot]</a></div>
<div class="test-event"> <font color="maroon"> <small> &emsp; &emsp;--- 09 Jan 12:39:50 899 - WebDriver session: ChromeDriver: chrome on windows (7ca7735a6a8af5046ac08551a3d1d500)</small> </font> </div>
<div class="test-event"> <font color="maroon"> <small> &emsp; &emsp;--- 09 Jan 12:39:50 901 - WebDriver session: ChromeDriver: chrome on windows (7ca7735a6a8af5046ac08551a3d1d500)</small> </font> </div>
<div class="test-event"> <font color="maroon"> <small> &emsp; &emsp;--- 09 Jan 12:39:51 251 - [[ChromeDriver: chrome on windows (7ca7735a6a8af5046ac08551a3d1d500)] -> css selector: select[name='SubmissionWizard-LOBWizardStepGroup-LineWizardStepSet-IMPartScreen-IMSignsPanelSet-coinsurance']] displayed</small> </font> </div>
<div class="test-event"> <font color="maroon"> <small> &emsp; &emsp;--- 09 Jan 12:39:51 294 - Coinsurance is clickable</small> </font> </div>
<div class="test-event"> <font color="maroon"> <small> &emsp; &emsp;--- 09 Jan 12:39:51 586 - DropDown value 80% selected</small> </font> </div>
<div class="test-event"> <font color="maroon"> <small> &emsp; &emsp;--- 09 Jan 12:39:51 587 - WebDriver session: ChromeDriver: chrome on windows (7ca7735a6a8af5046ac08551a3d1d500)</small> </font> </div>
<div class="test-event"> <font color="maroon"> <small> &emsp; &emsp;--- 09 Jan 12:39:51 615 - Webelement dimension: (53, 28)</small> </font> </div>
<div class="test-event"> <font color="maroon"> <small> &emsp; &emsp;--- 09 Jan 12:39:51 833 - Clicked on Add</small> </font> </div>
<div class="test-event"> <font color="maroon"> <small> &emsp; &emsp;--- 09 Jan 12:39:52 905 - Network idle state completed</small> </font> </div>
<div class="test-event"> <font color="maroon"> <small> &emsp; &emsp;--- 09 Jan 12:39:52 905 - WebDriver session: ChromeDriver: chrome on windows (7ca7735a6a8af5046ac08551a3d1d500)</small> </font> </div>
<div class="test-event"> <font color="maroon"> <small> &emsp; &emsp;--- 09 Jan 12:39:52 934 - [[ChromeDriver: chrome on windows (7ca7735a6a8af5046ac08551a3d1d500)] -> css selector: select[name$='SignLocation']] displayed</small> </font> </div>
<div class="test-event"> <font color="maroon"> <small> &emsp; &emsp;--- 09 Jan 12:39:52 967 - Location is clickable</small> </font> </div>
<div class="test-event"> <font color="maroon"> <small> &emsp; &emsp;--- 09 Jan 12:39:53 239 - DropDown value 1 is selected</small> </font> </div>
<div class="test-event"> <font color="maroon"> <small> &emsp; &emsp;--- 09 Jan 12:39:53 239 - WebDriver session: ChromeDriver: chrome on windows (7ca7735a6a8af5046ac08551a3d1d500)</small> </font> </div>
<div class="test-event"> <font color="maroon"> <small> &emsp; &emsp;--- 09 Jan 12:39:53 545 - Entered value Description- eebmm in Description</small> </font> </div>
<div class="test-event"> <font color="maroon"> <small> &emsp; &emsp;--- 09 Jan 12:39:53 546 - WebDriver session: ChromeDriver: chrome on windows (7ca7735a6a8af5046ac08551a3d1d500)</small> </font> </div>
<div class="test-event"> <font color="maroon"> <small> &emsp; &emsp;--- 09 Jan 12:39:53 576 - [[ChromeDriver: chrome on windows (7ca7735a6a8af5046ac08551a3d1d500)] -> css selector: select[name$='SignType']] displayed</small> </font> </div>
<div class="test-event"> <font color="maroon"> <small> &emsp; &emsp;--- 09 Jan 12:39:53 618 - Type is clickable</small> </font> </div>
<div class="test-event"> <font color="maroon"> <small> &emsp; &emsp;--- 09 Jan 12:39:53 945 - DropDown value Mechanical selected</small> </font> </div>
<div class="test-event"> <font color="maroon"> <small> &emsp; &emsp;--- 09 Jan 12:39:53 945 - WebDriver session: ChromeDriver: chrome on windows (7ca7735a6a8af5046ac08551a3d1d500)</small> </font> </div>
<div class="test-event"> <font color="maroon"> <small> &emsp; &emsp;--- 09 Jan 12:39:54 187 - Entered value 5000 in Limit</small> </font> </div>
<div class="test-event"> <font color="maroon"> <small> &emsp; &emsp;--- 09 Jan 12:39:54 187 - WebDriver session: ChromeDriver: chrome on windows (7ca7735a6a8af5046ac08551a3d1d500)</small> </font> </div>
<div class="test-event"> <font color="maroon"> <small> &emsp; &emsp;--- 09 Jan 12:39:54 202 - Webelement dimension: (56, 28)</small> </font> </div>
<div class="test-event"> <font color="maroon"> <small> &emsp; &emsp;--- 09 Jan 12:39:54 389 - Clicked on Next</small> </font> </div>
<div class="test-event"> <font color="maroon"> <small> &emsp; &emsp;--- 09 Jan 12:39:54 392 - WebDriver session: ChromeDriver: chrome on windows (7ca7735a6a8af5046ac08551a3d1d500)</small> </font> </div>
<div class="test-event"> <font color="maroon"> <small> &emsp; &emsp;--- 09 Jan 12:39:54 418 - Page URL:: http://172.24.135.200:8480/pc/policycenter.do</small> </font> </div>
<div class="test-event"> <font color="maroon"> <small> &emsp; &emsp;--- 09 Jan 12:39:54 419 - <b>0</b> - Page Load Wait: (Sync) - com.aspire.guidewire.utils.WaitUtils.waitForPageLoad(WaitUtils.java:50)</small> </font> </div>
<div class="test-event"> <font color="maroon"> <small> &emsp; &emsp;--- 09 Jan 12:39:55 285 - [[ChromeDriver: chrome on windows (7ca7735a6a8af5046ac08551a3d1d500)] -> css selector: div[id$='RiskAnalysisScreen-0']] displayed</small> </font> </div>
<div class="test-event"> <font color="maroon"> <small> &emsp; &emsp;--- 09 Jan 12:39:55 286 - WebDriver session: ChromeDriver: chrome on windows (7ca7735a6a8af5046ac08551a3d1d500)</small> </font> </div>
<div class="test-message">&emsp;Sign Details type : Mechanical selected&emsp;<a href=".\ScreenShot\TC146_13.png" target="_blank" >[ScreenShot]</a></div>
<div class="test-event"> <font color="maroon"> <small> &emsp; &emsp;--- 09 Jan 12:39:55 483 - WebDriver session: ChromeDriver: chrome on windows (7ca7735a6a8af5046ac08551a3d1d500)</small> </font> </div>
<div class="test-event"> <font color="maroon"> <small> &emsp; &emsp;--- 09 Jan 12:39:55 485 - WebDriver session: ChromeDriver: chrome on windows (7ca7735a6a8af5046ac08551a3d1d500)</small> </font> </div>
<div class="test-event"> <font color="maroon"> <small> &emsp; &emsp;--- 09 Jan 12:39:55 505 - Webelement dimension: (56, 28)</small> </font> </div>
<div class="test-event"> <font color="maroon"> <small> &emsp; &emsp;--- 09 Jan 12:39:55 724 - Clicked on Next</small> </font> </div>
<div class="test-event"> <font color="maroon"> <small> &emsp; &emsp;--- 09 Jan 12:39:55 727 - WebDriver session: ChromeDriver: chrome on windows (7ca7735a6a8af5046ac08551a3d1d500)</small> </font> </div>
<div class="test-event"> <font color="maroon"> <small> &emsp; &emsp;--- 09 Jan 12:39:55 747 - Page URL:: http://172.24.135.200:8480/pc/policycenter.do</small> </font> </div>
<div class="test-event"> <font color="maroon"> <small> &emsp; &emsp;--- 09 Jan 12:39:55 748 - <b>0</b> - Page Load Wait: (Sync) - com.aspire.guidewire.utils.WaitUtils.waitForPageLoad(WaitUtils.java:50)</small> </font> </div>
<div class="test-event"> <font color="maroon"> <small> &emsp; &emsp;--- 09 Jan 12:39:55 785 - [[ChromeDriver: chrome on windows (7ca7735a6a8af5046ac08551a3d1d500)] -> xpath: (//div[text()='Policy Review'])[last()]] displayed</small> </font> </div>
<div class="test-event"> <font color="maroon"> <small> &emsp; &emsp;--- 09 Jan 12:39:55 786 - WebDriver session: ChromeDriver: chrome on windows (7ca7735a6a8af5046ac08551a3d1d500)</small> </font> </div>
<div class="test-message">&emsp;Risk analysis details processed&emsp;<a href=".\ScreenShot\TC146_14.png" target="_blank" >[ScreenShot]</a></div>
<div class="test-event"> <font color="maroon"> <small> &emsp; &emsp;--- 09 Jan 12:39:55 975 - WebDriver session: ChromeDriver: chrome on windows (7ca7735a6a8af5046ac08551a3d1d500)</small> </font> </div>
<div class="test-event"> <font color="maroon"> <small> &emsp; &emsp;--- 09 Jan 12:39:55 976 - WebDriver session: ChromeDriver: chrome on windows (7ca7735a6a8af5046ac08551a3d1d500)</small> </font> </div>
<div class="test-event"> <font color="maroon"> <small> &emsp; &emsp;--- 09 Jan 12:39:56 001 - Webelement dimension: (65, 28)</small> </font> </div>
<div class="test-event"> <font color="maroon"> <small> &emsp; &emsp;--- 09 Jan 12:39:56 964 - Webelement dimension: (65, 28)</small> </font> </div>
<div class="test-event"> <font color="maroon"> <small> &emsp; &emsp;--- 09 Jan 12:39:57 182 - Clicked on Quote</small> </font> </div>
<div class="test-event"> <font color="maroon"> <small> &emsp; &emsp;--- 09 Jan 12:39:57 182 - WebDriver session: ChromeDriver: chrome on windows (7ca7735a6a8af5046ac08551a3d1d500)</small> </font> </div>
<div class="test-message">&emsp;Policy Review Informations processed&emsp;<a href=".\ScreenShot\TC146_15.png" target="_blank" >[ScreenShot]</a></div>
<div class="test-event"> <font color="maroon"> <small> &emsp; &emsp;--- 09 Jan 12:39:57 417 - WebDriver session: ChromeDriver: chrome on windows (7ca7735a6a8af5046ac08551a3d1d500)</small> </font> </div>
<div class="test-event"> <font color="maroon"> <small> &emsp; &emsp;--- 09 Jan 12:39:57 438 - Page URL:: http://172.24.135.200:8480/pc/policycenter.do</small> </font> </div>
<div class="test-event"> <font color="maroon"> <small> &emsp; &emsp;--- 09 Jan 12:39:57 438 - <b>0</b> - Page Load Wait: (Sync) - com.aspire.guidewire.utils.WaitUtils.waitForPageLoad(WaitUtils.java:50)</small> </font> </div>
<div class="test-event"> <font color="maroon"> <small> &emsp; &emsp;--- 09 Jan 12:40:11 002 - [[ChromeDriver: chrome on windows (7ca7735a6a8af5046ac08551a3d1d500)] -> css selector: div[id$='QuoteScreen-ttlBar']] displayed</small> </font> </div>
<div class="test-event"> <font color="maroon"> <small> &emsp; &emsp;--- 09 Jan 12:40:11 002 - WebDriver session: ChromeDriver: chrome on windows (7ca7735a6a8af5046ac08551a3d1d500)</small> </font> </div>
<div class="test-event"> <font color="maroon"> <small> &emsp; &emsp;--- 09 Jan 12:40:11 004 - WebDriver session: ChromeDriver: chrome on windows (7ca7735a6a8af5046ac08551a3d1d500)</small> </font> </div>
<div class="test-event"> <font color="maroon"> <small> &emsp; &emsp;--- 09 Jan 12:40:11 024 - Webelement dimension: (56, 28)</small> </font> </div>
<div class="test-event"> <font color="maroon"> <small> &emsp; &emsp;--- 09 Jan 12:40:11 242 - Clicked on Next</small> </font> </div>
<div class="test-event"> <font color="maroon"> <small> &emsp; &emsp;--- 09 Jan 12:40:11 243 - WebDriver session: ChromeDriver: chrome on windows (7ca7735a6a8af5046ac08551a3d1d500)</small> </font> </div>
<div class="test-message">&emsp;Quote page is processed&emsp;<a href=".\ScreenShot\TC146_16.png" target="_blank" >[ScreenShot]</a></div>
<div class="test-event"> <font color="maroon"> <small> &emsp; &emsp;--- 09 Jan 12:40:11 436 - WebDriver session: ChromeDriver: chrome on windows (7ca7735a6a8af5046ac08551a3d1d500)</small> </font> </div>
<div class="test-event"> <font color="maroon"> <small> &emsp; &emsp;--- 09 Jan 12:40:11 459 - Page URL:: http://172.24.135.200:8480/pc/policycenter.do</small> </font> </div>
<div class="test-event"> <font color="maroon"> <small> &emsp; &emsp;--- 09 Jan 12:40:11 459 - <b>0</b> - Page Load Wait: (Sync) - com.aspire.guidewire.utils.WaitUtils.waitForPageLoad(WaitUtils.java:50)</small> </font> </div>
<div class="test-event"> <font color="maroon"> <small> &emsp; &emsp;--- 09 Jan 12:40:11 489 - [[ChromeDriver: chrome on windows (7ca7735a6a8af5046ac08551a3d1d500)] -> css selector: div[id='gw-center-title-toolbar']>div[id$='FormsScreen-ttlBar'] , div[id$='PolicyLine_FormsScreen-0']] displayed</small> </font> </div>
<div class="test-event"> <font color="maroon"> <small> &emsp; &emsp;--- 09 Jan 12:40:11 490 - WebDriver session: ChromeDriver: chrome on windows (7ca7735a6a8af5046ac08551a3d1d500)</small> </font> </div>
<div class="test-event"> <font color="maroon"> <small> &emsp; &emsp;--- 09 Jan 12:40:11 491 - WebDriver session: ChromeDriver: chrome on windows (7ca7735a6a8af5046ac08551a3d1d500)</small> </font> </div>
<div class="test-event"> <font color="maroon"> <small> &emsp; &emsp;--- 09 Jan 12:40:11 509 - Webelement dimension: (56, 28)</small> </font> </div>
<div class="test-event"> <font color="maroon"> <small> &emsp; &emsp;--- 09 Jan 12:40:11 728 - Clicked on Next</small> </font> </div>
<div class="test-event"> <font color="maroon"> <small> &emsp; &emsp;--- 09 Jan 12:40:11 729 - WebDriver session: ChromeDriver: chrome on windows (7ca7735a6a8af5046ac08551a3d1d500)</small> </font> </div>
<div class="test-message">&emsp;Forms page is processed&emsp;<a href=".\ScreenShot\TC146_17.png" target="_blank" >[ScreenShot]</a></div>
<div class="test-event"> <font color="maroon"> <small> &emsp; &emsp;--- 09 Jan 12:40:11 932 - WebDriver session: ChromeDriver: chrome on windows (7ca7735a6a8af5046ac08551a3d1d500)</small> </font> </div>
<div class="test-event"> <font color="maroon"> <small> &emsp; &emsp;--- 09 Jan 12:40:11 956 - Page URL:: http://172.24.135.200:8480/pc/policycenter.do</small> </font> </div>
<div class="test-event"> <font color="maroon"> <small> &emsp; &emsp;--- 09 Jan 12:40:11 956 - <b>0</b> - Page Load Wait: (Sync) - com.aspire.guidewire.utils.WaitUtils.waitForPageLoad(WaitUtils.java:50)</small> </font> </div>
<div class="test-event"> <font color="maroon"> <small> &emsp; &emsp;--- 09 Jan 12:40:18 187 - [[ChromeDriver: chrome on windows (7ca7735a6a8af5046ac08551a3d1d500)] -> css selector: div[id$='PaymentScreen-ttlBar']] displayed</small> </font> </div>
<div class="test-event"> <font color="maroon"> <small> &emsp; &emsp;--- 09 Jan 12:40:18 188 - WebDriver session: ChromeDriver: chrome on windows (7ca7735a6a8af5046ac08551a3d1d500)</small> </font> </div>
<div class="test-event"> <font color="maroon"> <small> &emsp; &emsp;--- 09 Jan 12:40:18 189 - WebDriver session: ChromeDriver: chrome on windows (7ca7735a6a8af5046ac08551a3d1d500)</small> </font> </div>
<div class="test-message">&emsp;Entered payment details - Billing Method : None , Payment Plan : None and upFrontPayment : None&emsp;<a href=".\ScreenShot\TC146_18.png" target="_blank" >[ScreenShot]</a></div>
<div class="test-event"> <font color="maroon"> <small> &emsp; &emsp;--- 09 Jan 12:40:18 381 - WebDriver session: ChromeDriver: chrome on windows (7ca7735a6a8af5046ac08551a3d1d500)</small> </font> </div>
<div class="test-event"> <font color="maroon"> <small> &emsp; &emsp;--- 09 Jan 12:40:18 383 - WebDriver session: ChromeDriver: chrome on windows (7ca7735a6a8af5046ac08551a3d1d500)</small> </font> </div>
<div class="test-event"> <font color="maroon"> <small> &emsp; &emsp;--- 09 Jan 12:40:18 414 - Webelement dimension: (118, 28)</small> </font> </div>
<div class="test-event"> <font color="maroon"> <small> &emsp; &emsp;--- 09 Jan 12:40:18 649 - Clicked on BindOptions</small> </font> </div>
<div class="test-event"> <font color="maroon"> <small> &emsp; &emsp;--- 09 Jan 12:40:18 649 - WebDriver session: ChromeDriver: chrome on windows (7ca7735a6a8af5046ac08551a3d1d500)</small> </font> </div>
<div class="test-event"> <font color="maroon"> <small> &emsp; &emsp;--- 09 Jan 12:40:18 680 - Webelement dimension: (68, 18)</small> </font> </div>
<div class="test-event"> <font color="maroon"> <small> &emsp; &emsp;--- 09 Jan 12:40:18 932 - Clicked on IssuePolicy</small> </font> </div>
<div class="test-event"> <font color="maroon"> <small> &emsp; &emsp;--- 09 Jan 12:40:18 943 - Confirm Alertis performed</small> </font> </div>
<div class="test-event"> <font color="maroon"> <small> &emsp; &emsp;--- 09 Jan 12:40:18 944 - WebDriver session: ChromeDriver: chrome on windows (7ca7735a6a8af5046ac08551a3d1d500)</small> </font> </div>
<div class="test-message">&emsp;Policy Issued successfully&emsp;<a href=".\ScreenShot\TC146_19.png" target="_blank" >[ScreenShot]</a></div>
<div class="test-event"> <font color="maroon"> <small> &emsp; &emsp;--- 09 Jan 12:40:19 197 - WebDriver session: ChromeDriver: chrome on windows (7ca7735a6a8af5046ac08551a3d1d500)</small> </font> </div>
<div class="test-event"> <font color="maroon"> <small> &emsp; &emsp;--- 09 Jan 12:40:19 213 - Page URL:: http://172.24.135.200:8480/pc/policycenter.do</small> </font> </div>
<div class="test-event"> <font color="maroon"> <small> &emsp; &emsp;--- 09 Jan 12:40:19 213 - <b>0</b> - Page Load Wait: (Sync) - com.aspire.guidewire.utils.WaitUtils.waitForPageLoad(WaitUtils.java:50)</small> </font> </div>
<div class="test-event"> <font color="maroon"> <small> &emsp; &emsp;--- 09 Jan 12:40:23 832 - [[ChromeDriver: chrome on windows (7ca7735a6a8af5046ac08551a3d1d500)] -> css selector: #JobComplete-JobCompleteScreen-ttlBar] displayed</small> </font> </div>
<div class="test-event"> <font color="maroon"> <small> &emsp; &emsp;--- 09 Jan 12:40:23 833 - WebDriver session: ChromeDriver: chrome on windows (7ca7735a6a8af5046ac08551a3d1d500)</small> </font> </div>
<div class="test-event"> <font color="maroon"> <small> &emsp; &emsp;--- 09 Jan 12:40:23 855 - Webelement dimension: (294, 31)</small> </font> </div>
<div class="test-event"> <font color="maroon"> <small> &emsp; &emsp;--- 09 Jan 12:40:24 067 - Clicked on ViewPolicy</small> </font> </div>
<div class="test-event"> <font color="maroon"> <small> &emsp; &emsp;--- 09 Jan 12:40:25 161 - Network idle state completed</small> </font> </div>
<div class="test-event"> <font color="maroon"> <small> &emsp; &emsp;--- 09 Jan 12:40:25 162 - WebDriver session: ChromeDriver: chrome on windows (7ca7735a6a8af5046ac08551a3d1d500)</small> </font> </div>
<div class="test-event"> <font color="maroon"> <small> &emsp; &emsp;--- 09 Jan 12:40:25 182 - Page URL:: http://172.24.135.200:8480/pc/policycenter.do</small> </font> </div>
<div class="test-event"> <font color="maroon"> <small> &emsp; &emsp;--- 09 Jan 12:40:25 183 - <b>0</b> - Page Load Wait: (Sync) - com.aspire.guidewire.utils.WaitUtils.waitForPageLoad(WaitUtils.java:50)</small> </font> </div>
<div class="test-event"> <font color="maroon"> <small> &emsp; &emsp;--- 09 Jan 12:40:25 216 - [[ChromeDriver: chrome on windows (7ca7735a6a8af5046ac08551a3d1d500)] -> css selector: div[id='gw-center-title-toolbar']>div[id='PolicyFile_Summary-ttlBar']] displayed</small> </font> </div>
<div class="test-event"> <font color="maroon"> <small> &emsp; &emsp;--- 09 Jan 12:40:25 217 - WebDriver session: ChromeDriver: chrome on windows (7ca7735a6a8af5046ac08551a3d1d500)</small> </font> </div>
<div class="test-message">&emsp;Clicked on View policy Link&emsp;<a href=".\ScreenShot\TC146_20.png" target="_blank" >[ScreenShot]</a></div>
<div class="test-result"><br><font color="green"><strong> Test Passed. </strong></font> </div>&emsp;]]>
  </system-out>
</testsuite> <!-- com.aspire.guidewire.pc.testscripts.PC_InlandMarineSuite -->
