<?xml version="1.0" encoding="UTF-8"?>
<!-- Generated by org.testng.reporters.JUnitReportReporter -->
<testsuite hostname="Asplap2656" failures="0" tests="2" name="com.OrangeHRM.testscripts.AdminTestSuite" time="69.229" errors="0" timestamp="2024-01-25T13:51:10 IST" skipped="0">
  <testcase classname="com.OrangeHRM.testscripts.AdminTestSuite" name="TC102" time="34.134">
    <system-out>
      <![CDATA[<div class="test-event"> <font color="maroon"> <small> &emsp; &emsp;--- 25 Jan 13:44:01 381 - TestCaseID:: TC102</small> </font> </div>
<div class="test-event"> <font color="maroon"> <small> &emsp; &emsp;--- 25 Jan 13:44:03 246 - <b>1</b> - Driver::initialize::Get - com.OrangeHRM.utils.WebDriverFactory.getDriver(WebDriverFactory.java:767)</small> </font> </div>
<div class="test-event"> <font color="maroon"> <small> &emsp; &emsp;--- 25 Jan 13:44:03 247 - WebDriver session: ChromeDriver: chrome on windows (7b9851cc44727b6c7a420b9c06d93133)</small> </font> </div>
&emsp;<div class="test-title"> <strong><font size = "3" color = "#000080">Verify and Delete user(Admin)</font> </strong> </div>&emsp;<div><strong>Steps:</strong></div><!-- Report -->&emsp;
<div class="test-event"> <font color="maroon"> <small> &emsp; &emsp;--- 25 Jan 13:44:03 247 - Fetching test data from excel sheet</small> </font> </div>
<div class="test-event"> <font color="maroon"> <small> &emsp; &emsp;--- 25 Jan 13:44:09 371 - Entered value Admin in Username field</small> </font> </div>
<div class="test-event"> <font color="maroon"> <small> &emsp; &emsp;--- 25 Jan 13:44:09 712 - Entered value admin123 in Password field</small> </font> </div>
<div class="test-event"> <font color="maroon"> <small> &emsp; &emsp;--- 25 Jan 13:44:09 733 - Webelement dimension: (485, 46)</small> </font> </div>
<div class="test-event"> <font color="maroon"> <small> &emsp; &emsp;--- 25 Jan 13:44:11 150 - Clicked on Login button</small> </font> </div>
<div class="test-message">&emsp;Login to Application&emsp;<a href=".\ScreenShot\TC102_37.png" target="_blank" >[ScreenShot]</a></div>
<div class="test-event"> <font color="maroon"> <small> &emsp; &emsp;--- 25 Jan 13:44:11 703 - Page URL:: https://opensource-demo.orangehrmlive.com/web/index.php/dashboard/index</small> </font> </div>
<div class="test-event"> <font color="maroon"> <small> &emsp; &emsp;--- 25 Jan 13:44:11 704 - <b>0</b> - Page Load Wait: (Sync) - com.OrangeHRM.utils.WaitUtils.waitForPageLoad(WaitUtils.java:50)</small> </font> </div>
<div class="test-event"> <font color="maroon"> <small> &emsp; &emsp;--- 25 Jan 13:44:11 742 - [[ChromeDriver: chrome on windows (7b9851cc44727b6c7a420b9c06d93133)] -> css selector: p[class*='orangehrm-copyright']] displayed</small> </font> </div>
<div class="test-event"> <font color="maroon"> <small> &emsp; &emsp;--- 25 Jan 13:44:11 779 - [[ChromeDriver: chrome on windows (7b9851cc44727b6c7a420b9c06d93133)] -> css selector: span[class*='oxd-main-menu-item--name']] displayed</small> </font> </div>
<div class="test-event"> <font color="maroon"> <small> &emsp; &emsp;--- 25 Jan 13:44:11 821 - PIM Element displayed</small> </font> </div>
<div class="test-event"> <font color="maroon"> <small> &emsp; &emsp;--- 25 Jan 13:44:11 847 - Webelement dimension: (39, 19)</small> </font> </div>
<div class="test-event"> <font color="maroon"> <small> &emsp; &emsp;--- 25 Jan 13:44:13 309 - Clicked on PIM</small> </font> </div>
<div class="test-message">&emsp;Main menu : PIM selected&emsp;<a href=".\ScreenShot\TC102_38.png" target="_blank" >[ScreenShot]</a></div>
<div class="test-event"> <font color="maroon"> <small> &emsp; &emsp;--- 25 Jan 13:44:13 840 - Page URL:: https://opensource-demo.orangehrmlive.com/web/index.php/pim/viewemployeelist</small> </font> </div>
<div class="test-event"> <font color="maroon"> <small> &emsp; &emsp;--- 25 Jan 13:44:13 841 - <b>0</b> - Page Load Wait: (Sync) - com.OrangeHRM.utils.WaitUtils.waitForPageLoad(WaitUtils.java:50)</small> </font> </div>
<div class="test-event"> <font color="maroon"> <small> &emsp; &emsp;--- 25 Jan 13:44:13 880 - [[ChromeDriver: chrome on windows (7b9851cc44727b6c7a420b9c06d93133)] -> css selector: h6[class*='oxd-topbar-header']] displayed</small> </font> </div>
<div class="test-event"> <font color="maroon"> <small> &emsp; &emsp;--- 25 Jan 13:44:13 907 - Webelement dimension: (109, 31)</small> </font> </div>
<div class="test-event"> <font color="maroon"> <small> &emsp; &emsp;--- 25 Jan 13:44:14 789 - Clicked on Add button</small> </font> </div>
<div class="test-event"> <font color="maroon"> <small> &emsp; &emsp;--- 25 Jan 13:44:15 692 - Entered value Norris in FirstName</small> </font> </div>
<div class="test-event"> <font color="maroon"> <small> &emsp; &emsp;--- 25 Jan 13:44:16 042 - Entered value Huels in LastName</small> </font> </div>
<div class="test-event"> <font color="maroon"> <small> &emsp; &emsp;--- 25 Jan 13:44:16 381 - Entered value 53 in Employeee Id</small> </font> </div>
<div class="test-event"> <font color="maroon"> <small> &emsp; &emsp;--- 25 Jan 13:44:16 401 - Webelement dimension: (100, 31)</small> </font> </div>
<div class="test-event"> <font color="maroon"> <small> &emsp; &emsp;--- 25 Jan 13:44:16 452 - Clicked on Save button</small> </font> </div>
<div class="test-event"> <font color="maroon"> <small> &emsp; &emsp;--- 25 Jan 13:44:17 056 - [[ChromeDriver: chrome on windows (7b9851cc44727b6c7a420b9c06d93133)] -> css selector: div[class*='oxd-toast--success']] displayed</small> </font> </div>
<div class="test-event"> <font color="maroon"> <small> &emsp; &emsp;--- 25 Jan 13:44:17 091 - [[ChromeDriver: chrome on windows (7b9851cc44727b6c7a420b9c06d93133)] -> css selector: span[class*='oxd-main-menu-item--name']] displayed</small> </font> </div>
<div class="test-event"> <font color="maroon"> <small> &emsp; &emsp;--- 25 Jan 13:44:17 124 - Admin Element displayed</small> </font> </div>
<div class="test-event"> <font color="maroon"> <small> &emsp; &emsp;--- 25 Jan 13:44:17 143 - Webelement dimension: (56, 19)</small> </font> </div>
<div class="test-event"> <font color="maroon"> <small> &emsp; &emsp;--- 25 Jan 13:44:18 175 - Clicked on Admin</small> </font> </div>
<div class="test-message">&emsp;Main menu : Admin selected&emsp;<a href=".\ScreenShot\TC102_39.png" target="_blank" >[ScreenShot]</a></div>
<div class="test-event"> <font color="maroon"> <small> &emsp; &emsp;--- 25 Jan 13:44:18 743 - Page URL:: https://opensource-demo.orangehrmlive.com/web/index.php/admin/viewsystemusers</small> </font> </div>
<div class="test-event"> <font color="maroon"> <small> &emsp; &emsp;--- 25 Jan 13:44:18 743 - <b>0</b> - Page Load Wait: (Sync) - com.OrangeHRM.utils.WaitUtils.waitForPageLoad(WaitUtils.java:50)</small> </font> </div>
<div class="test-event"> <font color="maroon"> <small> &emsp; &emsp;--- 25 Jan 13:44:18 778 - [[ChromeDriver: chrome on windows (7b9851cc44727b6c7a420b9c06d93133)] -> css selector: h5[class*='oxd-table-filter-title']] displayed</small> </font> </div>
<div class="test-event"> <font color="maroon"> <small> &emsp; &emsp;--- 25 Jan 13:44:18 802 - Webelement dimension: (109, 31)</small> </font> </div>
<div class="test-event"> <font color="maroon"> <small> &emsp; &emsp;--- 25 Jan 13:44:19 419 - Clicked on Add button</small> </font> </div>
<div class="test-event"> <font color="maroon"> <small> &emsp; &emsp;--- 25 Jan 13:44:19 980 - User Role Element displayed</small> </font> </div>
<div class="test-event"> <font color="maroon"> <small> &emsp; &emsp;--- 25 Jan 13:44:19 997 - Webelement dimension: (824, 45)</small> </font> </div>
<div class="test-event"> <font color="maroon"> <small> &emsp; &emsp;--- 25 Jan 13:44:20 040 - Clicked on User Role</small> </font> </div>
<div class="test-event"> <font color="maroon"> <small> &emsp; &emsp;--- 25 Jan 13:44:20 068 - Options elements displayed: 2</small> </font> </div>
<div class="test-event"> <font color="maroon"> <small> &emsp; &emsp;--- 25 Jan 13:44:20 085 - Options elements displayed size: 2</small> </font> </div>
<div class="test-event"> <font color="maroon"> <small> &emsp; &emsp;--- 25 Jan 13:44:20 120 - Webelement dimension: (22, 16)</small> </font> </div>
<div class="test-event"> <font color="maroon"> <small> &emsp; &emsp;--- 25 Jan 13:44:20 165 - Clicked on ESS</small> </font> </div>
<div class="test-message">&emsp;User Role: ESS selected&emsp;<a href=".\ScreenShot\TC102_40.png" target="_blank" >[ScreenShot]</a></div>
<div class="test-message">&emsp;User Role: ESS selected&emsp;<a href=".\ScreenShot\TC102_41.png" target="_blank" >[ScreenShot]</a></div>
<div class="test-event"> <font color="maroon"> <small> &emsp; &emsp;--- 25 Jan 13:44:25 769 - Options Element displayed</small> </font> </div>
<div class="test-event"> <font color="maroon"> <small> &emsp; &emsp;--- 25 Jan 13:44:25 799 - Webelement dimension: (815, 35)</small> </font> </div>
<div class="test-event"> <font color="maroon"> <small> &emsp; &emsp;--- 25 Jan 13:44:25 846 - Clicked on Option field</small> </font> </div>
<div class="test-message">&emsp;Employee Name: Norris Huels selected&emsp;<a href=".\ScreenShot\TC102_42.png" target="_blank" >[ScreenShot]</a></div>
<div class="test-event"> <font color="maroon"> <small> &emsp; &emsp;--- 25 Jan 13:44:26 476 - Status Element displayed</small> </font> </div>
<div class="test-event"> <font color="maroon"> <small> &emsp; &emsp;--- 25 Jan 13:44:26 492 - Webelement dimension: (824, 45)</small> </font> </div>
<div class="test-event"> <font color="maroon"> <small> &emsp; &emsp;--- 25 Jan 13:44:26 524 - Clicked on Status</small> </font> </div>
<div class="test-event"> <font color="maroon"> <small> &emsp; &emsp;--- 25 Jan 13:44:26 542 - Options elements displayed: 2</small> </font> </div>
<div class="test-event"> <font color="maroon"> <small> &emsp; &emsp;--- 25 Jan 13:44:26 558 - Options elements displayed size: 2</small> </font> </div>
<div class="test-event"> <font color="maroon"> <small> &emsp; &emsp;--- 25 Jan 13:44:26 576 - Webelement dimension: (43, 16)</small> </font> </div>
<div class="test-event"> <font color="maroon"> <small> &emsp; &emsp;--- 25 Jan 13:44:26 620 - Clicked on Enabled</small> </font> </div>
<div class="test-message">&emsp;Status: Enabled selected&emsp;<a href=".\ScreenShot\TC102_43.png" target="_blank" >[ScreenShot]</a></div>
<div class="test-message">&emsp;Status: Enabled selected&emsp;<a href=".\ScreenShot\TC102_44.png" target="_blank" >[ScreenShot]</a></div>
<div class="test-event"> <font color="maroon"> <small> &emsp; &emsp;--- 25 Jan 13:44:27 654 - Username Element displayed</small> </font> </div>
<div class="test-event"> <font color="maroon"> <small> &emsp; &emsp;--- 25 Jan 13:44:28 111 - Entered value tony.keeling in Username</small> </font> </div>
<div class="test-message">&emsp;Username: tony.keeling selected&emsp;<a href=".\ScreenShot\TC102_45.png" target="_blank" >[ScreenShot]</a></div>
<div class="test-event"> <font color="maroon"> <small> &emsp; &emsp;--- 25 Jan 13:44:28 588 - Password Element displayed</small> </font> </div>
<div class="test-event"> <font color="maroon"> <small> &emsp; &emsp;--- 25 Jan 13:44:29 032 - Entered value 3j87a2os2t in Password</small> </font> </div>
<div class="test-message">&emsp;Password: 3j87a2os2t selected&emsp;<a href=".\ScreenShot\TC102_46.png" target="_blank" >[ScreenShot]</a></div>
<div class="test-event"> <font color="maroon"> <small> &emsp; &emsp;--- 25 Jan 13:44:29 505 - Confirm Password Element displayed</small> </font> </div>
<div class="test-event"> <font color="maroon"> <small> &emsp; &emsp;--- 25 Jan 13:44:29 943 - Entered value 3j87a2os2t in Confirm Password</small> </font> </div>
<div class="test-message">&emsp;Confirm Password: 3j87a2os2t selected&emsp;<a href=".\ScreenShot\TC102_47.png" target="_blank" >[ScreenShot]</a></div>
<div class="test-event"> <font color="maroon"> <small> &emsp; &emsp;--- 25 Jan 13:44:30 488 - Webelement dimension: (100, 31)</small> </font> </div>
<div class="test-event"> <font color="maroon"> <small> &emsp; &emsp;--- 25 Jan 13:44:30 541 - Clicked on Save button</small> </font> </div>
<div class="test-event"> <font color="maroon"> <small> &emsp; &emsp;--- 25 Jan 13:44:32 380 - [[ChromeDriver: chrome on windows (7b9851cc44727b6c7a420b9c06d93133)] -> css selector: div[class*='oxd-toast--success']] displayed</small> </font> </div>
<div class="test-event"> <font color="maroon"> <small> &emsp; &emsp;--- 25 Jan 13:44:32 417 - [[ChromeDriver: chrome on windows (7b9851cc44727b6c7a420b9c06d93133)] -> css selector: span[class*='oxd-main-menu-item--name']] displayed</small> </font> </div>
<div class="test-event"> <font color="maroon"> <small> &emsp; &emsp;--- 25 Jan 13:44:32 439 - Admin Element displayed</small> </font> </div>
<div class="test-event"> <font color="maroon"> <small> &emsp; &emsp;--- 25 Jan 13:44:32 457 - Webelement dimension: (56, 19)</small> </font> </div>
<div class="test-event"> <font color="maroon"> <small> &emsp; &emsp;--- 25 Jan 13:44:33 344 - Clicked on Admin</small> </font> </div>
<div class="test-message">&emsp;Main menu : Admin selected&emsp;<a href=".\ScreenShot\TC102_48.png" target="_blank" >[ScreenShot]</a></div>
<div class="test-event"> <font color="maroon"> <small> &emsp; &emsp;--- 25 Jan 13:44:33 891 - Page URL:: https://opensource-demo.orangehrmlive.com/web/index.php/admin/viewsystemusers</small> </font> </div>
<div class="test-event"> <font color="maroon"> <small> &emsp; &emsp;--- 25 Jan 13:44:33 891 - <b>0</b> - Page Load Wait: (Sync) - com.OrangeHRM.utils.WaitUtils.waitForPageLoad(WaitUtils.java:50)</small> </font> </div>
<div class="test-event"> <font color="maroon"> <small> &emsp; &emsp;--- 25 Jan 13:44:33 923 - [[ChromeDriver: chrome on windows (7b9851cc44727b6c7a420b9c06d93133)] -> css selector: h5[class*='oxd-table-filter-title']] displayed</small> </font> </div>
<div class="test-event"> <font color="maroon"> <small> &emsp; &emsp;--- 25 Jan 13:44:33 944 - Username Element displayed</small> </font> </div>
<div class="test-event"> <font color="maroon"> <small> &emsp; &emsp;--- 25 Jan 13:44:34 426 - Entered value tony.keeling in Username</small> </font> </div>
<div class="test-message">&emsp;Username: tony.keeling selected&emsp;<a href=".\ScreenShot\TC102_49.png" target="_blank" >[ScreenShot]</a></div>
<div class="test-event"> <font color="maroon"> <small> &emsp; &emsp;--- 25 Jan 13:44:34 963 - Webelement dimension: (107, 31)</small> </font> </div>
<div class="test-event"> <font color="maroon"> <small> &emsp; &emsp;--- 25 Jan 13:44:35 029 - Clicked on Search button</small> </font> </div>
<div class="test-event"> <font color="maroon"> <small> &emsp; &emsp;--- 25 Jan 13:44:35 600 - Table rows Element displayed</small> </font> </div>
<div class="test-event"> <font color="maroon"> <small> &emsp; &emsp;--- 25 Jan 13:44:35 629 - Table rows elements displayed size: 1</small> </font> </div>
<div class="test-event"> <font color="maroon"> <small> &emsp; &emsp;--- 25 Jan 13:44:35 664 - [[ChromeDriver: chrome on windows (7b9851cc44727b6c7a420b9c06d93133)] -> xpath: //span[text()='(1) Record Found']] displayed</small> </font> </div>
<div class="test-event"> <font color="maroon"> <small> &emsp; &emsp;--- 25 Jan 13:44:35 740 - Text value displayed for Table field : tony.keeling</small> </font> </div>
<div class="test-event"> <font color="maroon"> <small> &emsp; &emsp;--- 25 Jan 13:44:35 789 - Text value displayed for Table field : ESS</small> </font> </div>
<div class="test-event"> <font color="maroon"> <small> &emsp; &emsp;--- 25 Jan 13:44:35 838 - Text value displayed for Table field : Norris Huels</small> </font> </div>
<div class="test-event"> <font color="maroon"> <small> &emsp; &emsp;--- 25 Jan 13:44:35 891 - Text value displayed for Table field : Enabled</small> </font> </div>
<div class="test-message">&emsp;Given Details is verified successfully&emsp;<a href=".\ScreenShot\TC102_50.png" target="_blank" >[ScreenShot]</a></div>
<div class="test-event"> <font color="maroon"> <small> &emsp; &emsp;--- 25 Jan 13:44:36 353 - Webelement dimension: (36, 36)</small> </font> </div>
<div class="test-event"> <font color="maroon"> <small> &emsp; &emsp;--- 25 Jan 13:44:36 436 - Clicked on Delete icon</small> </font> </div>
<div class="test-event"> <font color="maroon"> <small> &emsp; &emsp;--- 25 Jan 13:44:36 475 - Webelement dimension: (151, 31)</small> </font> </div>
<div class="test-event"> <font color="maroon"> <small> &emsp; &emsp;--- 25 Jan 13:44:36 557 - Clicked on Yes, Delete</small> </font> </div>
<div class="test-message">&emsp;tony.keeling Deleted successfully&emsp;<a href=".\ScreenShot\TC102_51.png" target="_blank" >[ScreenShot]</a></div>
<div class="test-event"> <font color="maroon"> <small> &emsp; &emsp;--- 25 Jan 13:44:37 049 - [[ChromeDriver: chrome on windows (7b9851cc44727b6c7a420b9c06d93133)] -> css selector: div[class*='oxd-toast--success']] displayed</small> </font> </div>
<div class="test-result"><br><font color="green"><strong> Test Passed. </strong></font> </div>&emsp;
<div class="test-event"> <font color="maroon"> <small> &emsp; &emsp;--- 25 Jan 13:44:37 053 - WebDriver session: ChromeDriver: chrome on windows (7b9851cc44727b6c7a420b9c06d93133)</small> </font> </div>]]>
    </system-out>
  </testcase> <!-- TC102 -->
  <testcase classname="com.OrangeHRM.testscripts.AdminTestSuite" name="TC101" time="35.095">
    <system-out>
      <![CDATA[<div class="test-event"> <font color="maroon"> <small> &emsp; &emsp;--- 25 Jan 13:43:25 341 - TestCaseID:: TC101</small> </font> </div>
<div class="test-event"> <font color="maroon"> <small> &emsp; &emsp;--- 25 Jan 13:43:26 282 - <b>0</b> - Driver::initialize::Get - com.OrangeHRM.utils.WebDriverFactory.getDriver(WebDriverFactory.java:767)</small> </font> </div>
<div class="test-event"> <font color="maroon"> <small> &emsp; &emsp;--- 25 Jan 13:43:26 283 - WebDriver session: ChromeDriver: chrome on windows (fb5ddb742724dc22c4bdacbe00b1cd59)</small> </font> </div>
&emsp;<div class="test-title"> <strong><font size = "3" color = "#000080">Create a System User(Admin)</font> </strong> </div>&emsp;<div><strong>Steps:</strong></div><!-- Report -->&emsp;
<div class="test-event"> <font color="maroon"> <small> &emsp; &emsp;--- 25 Jan 13:43:26 285 - Fetching test data from excel sheet</small> </font> </div>
<div class="test-event"> <font color="maroon"> <small> &emsp; &emsp;--- 25 Jan 13:43:37 427 - Entered value Admin in Username field</small> </font> </div>
<div class="test-event"> <font color="maroon"> <small> &emsp; &emsp;--- 25 Jan 13:43:37 723 - Entered value admin123 in Password field</small> </font> </div>
<div class="test-event"> <font color="maroon"> <small> &emsp; &emsp;--- 25 Jan 13:43:37 746 - Webelement dimension: (485, 46)</small> </font> </div>
<div class="test-event"> <font color="maroon"> <small> &emsp; &emsp;--- 25 Jan 13:43:39 122 - Clicked on Login button</small> </font> </div>
<div class="test-message">&emsp;Login to Application&emsp;<a href=".\ScreenShot\TC101_26.png" target="_blank" >[ScreenShot]</a></div>
<div class="test-event"> <font color="maroon"> <small> &emsp; &emsp;--- 25 Jan 13:43:39 835 - Page URL:: https://opensource-demo.orangehrmlive.com/web/index.php/dashboard/index</small> </font> </div>
<div class="test-event"> <font color="maroon"> <small> &emsp; &emsp;--- 25 Jan 13:43:39 837 - <b>0</b> - Page Load Wait: (Sync) - com.OrangeHRM.utils.WaitUtils.waitForPageLoad(WaitUtils.java:50)</small> </font> </div>
<div class="test-event"> <font color="maroon"> <small> &emsp; &emsp;--- 25 Jan 13:43:40 119 - [[ChromeDriver: chrome on windows (fb5ddb742724dc22c4bdacbe00b1cd59)] -> css selector: p[class*='orangehrm-copyright']] displayed</small> </font> </div>
<div class="test-event"> <font color="maroon"> <small> &emsp; &emsp;--- 25 Jan 13:43:40 166 - [[ChromeDriver: chrome on windows (fb5ddb742724dc22c4bdacbe00b1cd59)] -> css selector: span[class*='oxd-main-menu-item--name']] displayed</small> </font> </div>
<div class="test-event"> <font color="maroon"> <small> &emsp; &emsp;--- 25 Jan 13:43:40 203 - PIM Element displayed</small> </font> </div>
<div class="test-event"> <font color="maroon"> <small> &emsp; &emsp;--- 25 Jan 13:43:40 229 - Webelement dimension: (39, 19)</small> </font> </div>
<div class="test-event"> <font color="maroon"> <small> &emsp; &emsp;--- 25 Jan 13:43:41 700 - Clicked on PIM</small> </font> </div>
<div class="test-message">&emsp;Main menu : PIM selected&emsp;<a href=".\ScreenShot\TC101_27.png" target="_blank" >[ScreenShot]</a></div>
<div class="test-event"> <font color="maroon"> <small> &emsp; &emsp;--- 25 Jan 13:43:42 201 - Page URL:: https://opensource-demo.orangehrmlive.com/web/index.php/pim/viewemployeelist</small> </font> </div>
<div class="test-event"> <font color="maroon"> <small> &emsp; &emsp;--- 25 Jan 13:43:42 202 - <b>0</b> - Page Load Wait: (Sync) - com.OrangeHRM.utils.WaitUtils.waitForPageLoad(WaitUtils.java:50)</small> </font> </div>
<div class="test-event"> <font color="maroon"> <small> &emsp; &emsp;--- 25 Jan 13:43:42 246 - [[ChromeDriver: chrome on windows (fb5ddb742724dc22c4bdacbe00b1cd59)] -> css selector: h6[class*='oxd-topbar-header']] displayed</small> </font> </div>
<div class="test-event"> <font color="maroon"> <small> &emsp; &emsp;--- 25 Jan 13:43:42 269 - Webelement dimension: (109, 30)</small> </font> </div>
<div class="test-event"> <font color="maroon"> <small> &emsp; &emsp;--- 25 Jan 13:43:43 031 - Clicked on Add button</small> </font> </div>
<div class="test-event"> <font color="maroon"> <small> &emsp; &emsp;--- 25 Jan 13:43:43 915 - Entered value Corrina in FirstName</small> </font> </div>
<div class="test-event"> <font color="maroon"> <small> &emsp; &emsp;--- 25 Jan 13:43:44 280 - Entered value Flatley in LastName</small> </font> </div>
<div class="test-event"> <font color="maroon"> <small> &emsp; &emsp;--- 25 Jan 13:43:44 649 - Entered value 39 in Employeee Id</small> </font> </div>
<div class="test-event"> <font color="maroon"> <small> &emsp; &emsp;--- 25 Jan 13:43:44 677 - Webelement dimension: (100, 31)</small> </font> </div>
<div class="test-event"> <font color="maroon"> <small> &emsp; &emsp;--- 25 Jan 13:43:44 730 - Clicked on Save button</small> </font> </div>
<div class="test-event"> <font color="maroon"> <small> &emsp; &emsp;--- 25 Jan 13:43:45 637 - [[ChromeDriver: chrome on windows (fb5ddb742724dc22c4bdacbe00b1cd59)] -> css selector: div[class*='oxd-toast--success']] displayed</small> </font> </div>
<div class="test-event"> <font color="maroon"> <small> &emsp; &emsp;--- 25 Jan 13:43:45 685 - [[ChromeDriver: chrome on windows (fb5ddb742724dc22c4bdacbe00b1cd59)] -> css selector: span[class*='oxd-main-menu-item--name']] displayed</small> </font> </div>
<div class="test-event"> <font color="maroon"> <small> &emsp; &emsp;--- 25 Jan 13:43:45 726 - Admin Element displayed</small> </font> </div>
<div class="test-event"> <font color="maroon"> <small> &emsp; &emsp;--- 25 Jan 13:43:45 752 - Webelement dimension: (56, 19)</small> </font> </div>
<div class="test-event"> <font color="maroon"> <small> &emsp; &emsp;--- 25 Jan 13:43:47 165 - Clicked on Admin</small> </font> </div>
<div class="test-message">&emsp;Main menu : Admin selected&emsp;<a href=".\ScreenShot\TC101_28.png" target="_blank" >[ScreenShot]</a></div>
<div class="test-event"> <font color="maroon"> <small> &emsp; &emsp;--- 25 Jan 13:43:47 718 - Page URL:: https://opensource-demo.orangehrmlive.com/web/index.php/admin/viewsystemusers</small> </font> </div>
<div class="test-event"> <font color="maroon"> <small> &emsp; &emsp;--- 25 Jan 13:43:47 718 - <b>0</b> - Page Load Wait: (Sync) - com.OrangeHRM.utils.WaitUtils.waitForPageLoad(WaitUtils.java:50)</small> </font> </div>
<div class="test-event"> <font color="maroon"> <small> &emsp; &emsp;--- 25 Jan 13:43:47 757 - [[ChromeDriver: chrome on windows (fb5ddb742724dc22c4bdacbe00b1cd59)] -> css selector: h5[class*='oxd-table-filter-title']] displayed</small> </font> </div>
<div class="test-event"> <font color="maroon"> <small> &emsp; &emsp;--- 25 Jan 13:43:47 777 - Webelement dimension: (109, 30)</small> </font> </div>
<div class="test-event"> <font color="maroon"> <small> &emsp; &emsp;--- 25 Jan 13:43:48 367 - Clicked on Add button</small> </font> </div>
<div class="test-event"> <font color="maroon"> <small> &emsp; &emsp;--- 25 Jan 13:43:48 922 - User Role Element displayed</small> </font> </div>
<div class="test-event"> <font color="maroon"> <small> &emsp; &emsp;--- 25 Jan 13:43:48 948 - Webelement dimension: (824, 45)</small> </font> </div>
<div class="test-event"> <font color="maroon"> <small> &emsp; &emsp;--- 25 Jan 13:43:48 996 - Clicked on User Role</small> </font> </div>
<div class="test-event"> <font color="maroon"> <small> &emsp; &emsp;--- 25 Jan 13:43:49 026 - Options elements displayed: 2</small> </font> </div>
<div class="test-event"> <font color="maroon"> <small> &emsp; &emsp;--- 25 Jan 13:43:49 044 - Options elements displayed size: 2</small> </font> </div>
<div class="test-event"> <font color="maroon"> <small> &emsp; &emsp;--- 25 Jan 13:43:49 082 - Webelement dimension: (22, 16)</small> </font> </div>
<div class="test-event"> <font color="maroon"> <small> &emsp; &emsp;--- 25 Jan 13:43:49 133 - Clicked on ESS</small> </font> </div>
<div class="test-message">&emsp;User Role: ESS selected&emsp;<a href=".\ScreenShot\TC101_29.png" target="_blank" >[ScreenShot]</a></div>
<div class="test-message">&emsp;User Role: ESS selected&emsp;<a href=".\ScreenShot\TC101_30.png" target="_blank" >[ScreenShot]</a></div>
<div class="test-event"> <font color="maroon"> <small> &emsp; &emsp;--- 25 Jan 13:43:54 905 - Options Element displayed</small> </font> </div>
<div class="test-event"> <font color="maroon"> <small> &emsp; &emsp;--- 25 Jan 13:43:54 922 - Webelement dimension: (815, 35)</small> </font> </div>
<div class="test-event"> <font color="maroon"> <small> &emsp; &emsp;--- 25 Jan 13:43:54 965 - Clicked on Option field</small> </font> </div>
<div class="test-message">&emsp;Employee Name: Corrina Flatley selected&emsp;<a href=".\ScreenShot\TC101_31.png" target="_blank" >[ScreenShot]</a></div>
<div class="test-event"> <font color="maroon"> <small> &emsp; &emsp;--- 25 Jan 13:43:55 444 - Status Element displayed</small> </font> </div>
<div class="test-event"> <font color="maroon"> <small> &emsp; &emsp;--- 25 Jan 13:43:55 464 - Webelement dimension: (824, 45)</small> </font> </div>
<div class="test-event"> <font color="maroon"> <small> &emsp; &emsp;--- 25 Jan 13:43:55 507 - Clicked on Status</small> </font> </div>
<div class="test-event"> <font color="maroon"> <small> &emsp; &emsp;--- 25 Jan 13:43:55 527 - Options elements displayed: 2</small> </font> </div>
<div class="test-event"> <font color="maroon"> <small> &emsp; &emsp;--- 25 Jan 13:43:55 547 - Options elements displayed size: 2</small> </font> </div>
<div class="test-event"> <font color="maroon"> <small> &emsp; &emsp;--- 25 Jan 13:43:55 582 - Webelement dimension: (47, 16)</small> </font> </div>
<div class="test-event"> <font color="maroon"> <small> &emsp; &emsp;--- 25 Jan 13:43:55 645 - Clicked on Disabled</small> </font> </div>
<div class="test-message">&emsp;Status: Disabled selected&emsp;<a href=".\ScreenShot\TC101_32.png" target="_blank" >[ScreenShot]</a></div>
<div class="test-message">&emsp;Status: Disabled selected&emsp;<a href=".\ScreenShot\TC101_33.png" target="_blank" >[ScreenShot]</a></div>
<div class="test-event"> <font color="maroon"> <small> &emsp; &emsp;--- 25 Jan 13:43:56 570 - Username Element displayed</small> </font> </div>
<div class="test-event"> <font color="maroon"> <small> &emsp; &emsp;--- 25 Jan 13:43:56 944 - Entered value lindsey.mitchell in Username</small> </font> </div>
<div class="test-message">&emsp;Username: lindsey.mitchell selected&emsp;<a href=".\ScreenShot\TC101_34.png" target="_blank" >[ScreenShot]</a></div>
<div class="test-event"> <font color="maroon"> <small> &emsp; &emsp;--- 25 Jan 13:43:57 411 - Password Element displayed</small> </font> </div>
<div class="test-event"> <font color="maroon"> <small> &emsp; &emsp;--- 25 Jan 13:43:57 800 - Entered value ah45r1m39 in Password</small> </font> </div>
<div class="test-message">&emsp;Password: ah45r1m39 selected&emsp;<a href=".\ScreenShot\TC101_35.png" target="_blank" >[ScreenShot]</a></div>
<div class="test-event"> <font color="maroon"> <small> &emsp; &emsp;--- 25 Jan 13:43:58 254 - Confirm Password Element displayed</small> </font> </div>
<div class="test-event"> <font color="maroon"> <small> &emsp; &emsp;--- 25 Jan 13:43:58 675 - Entered value ah45r1m39 in Confirm Password</small> </font> </div>
<div class="test-message">&emsp;Confirm Password: ah45r1m39 selected&emsp;<a href=".\ScreenShot\TC101_36.png" target="_blank" >[ScreenShot]</a></div>
<div class="test-event"> <font color="maroon"> <small> &emsp; &emsp;--- 25 Jan 13:43:59 125 - Webelement dimension: (100, 31)</small> </font> </div>
<div class="test-event"> <font color="maroon"> <small> &emsp; &emsp;--- 25 Jan 13:43:59 166 - Clicked on Save button</small> </font> </div>
<div class="test-event"> <font color="maroon"> <small> &emsp; &emsp;--- 25 Jan 13:44:00 934 - [[ChromeDriver: chrome on windows (fb5ddb742724dc22c4bdacbe00b1cd59)] -> css selector: div[class*='oxd-toast--success']] displayed</small> </font> </div>
<div class="test-result"><br><font color="green"><strong> Test Passed. </strong></font> </div>&emsp;
<div class="test-event"> <font color="maroon"> <small> &emsp; &emsp;--- 25 Jan 13:44:00 934 - WebDriver session: ChromeDriver: chrome on windows (fb5ddb742724dc22c4bdacbe00b1cd59)</small> </font> </div>]]>
    </system-out>
  </testcase> <!-- TC101 -->
  <system-out>
    <![CDATA[<div class="test-event"> <font color="maroon"> <small> &emsp; &emsp;--- 25 Jan 13:41:16 399 - TestCaseID:: TC401</small> </font> </div>
<div class="test-event"> <font color="maroon"> <small> &emsp; &emsp;--- 25 Jan 13:41:18 505 - <b>2</b> - Driver::initialize::Get - com.OrangeHRM.utils.WebDriverFactory.getDriver(WebDriverFactory.java:767)</small> </font> </div>
<div class="test-event"> <font color="maroon"> <small> &emsp; &emsp;--- 25 Jan 13:41:18 516 - WebDriver session: ChromeDriver: chrome on windows (d74dcbe4851c0c74c6cdff59fe3d8594)</small> </font> </div>
&emsp;<div class="test-title"> <strong><font size = "3" color = "#000080">Add new candidate and Hire</font> </strong> </div>&emsp;<div><strong>Steps:</strong></div><!-- Report -->&emsp;
<div class="test-event"> <font color="maroon"> <small> &emsp; &emsp;--- 25 Jan 13:41:18 546 - Fetching test data from excel sheet</small> </font> </div>
<div class="test-event"> <font color="maroon"> <small> &emsp; &emsp;--- 25 Jan 13:41:34 357 - Entered value Admin in Username field</small> </font> </div>
<div class="test-event"> <font color="maroon"> <small> &emsp; &emsp;--- 25 Jan 13:41:35 244 - Entered value admin123 in Password field</small> </font> </div>
<div class="test-event"> <font color="maroon"> <small> &emsp; &emsp;--- 25 Jan 13:41:35 390 - Webelement dimension: (485, 46)</small> </font> </div>
<div class="test-event"> <font color="maroon"> <small> &emsp; &emsp;--- 25 Jan 13:41:37 173 - Clicked on Login button</small> </font> </div>
<div class="test-message">&emsp;Login to Application&emsp;<a href=".\ScreenShot\TC401_1.png" target="_blank" >[ScreenShot]</a></div>
<div class="test-event"> <font color="maroon"> <small> &emsp; &emsp;--- 25 Jan 13:41:38 236 - Page URL:: https://opensource-demo.orangehrmlive.com/web/index.php/dashboard/index</small> </font> </div>
<div class="test-event"> <font color="maroon"> <small> &emsp; &emsp;--- 25 Jan 13:41:38 238 - <b>0</b> - Page Load Wait: (Sync) - com.OrangeHRM.utils.WaitUtils.waitForPageLoad(WaitUtils.java:50)</small> </font> </div>
<div class="test-event"> <font color="maroon"> <small> &emsp; &emsp;--- 25 Jan 13:41:38 376 - [[ChromeDriver: chrome on windows (d74dcbe4851c0c74c6cdff59fe3d8594)] -> css selector: p[class*='orangehrm-copyright']] displayed</small> </font> </div>
<div class="test-event"> <font color="maroon"> <small> &emsp; &emsp;--- 25 Jan 13:41:39 012 - [[ChromeDriver: chrome on windows (d74dcbe4851c0c74c6cdff59fe3d8594)] -> css selector: p.oxd-userdropdown-name] displayed</small> </font> </div>
<div class="test-event"> <font color="maroon"> <small> &emsp; &emsp;--- 25 Jan 13:41:39 426 - [[ChromeDriver: chrome on windows (d74dcbe4851c0c74c6cdff59fe3d8594)] -> css selector: span[class*='oxd-main-menu-item--name']] displayed</small> </font> </div>
<div class="test-event"> <font color="maroon"> <small> &emsp; &emsp;--- 25 Jan 13:41:39 667 - Recruitment Element displayed</small> </font> </div>
<div class="test-event"> <font color="maroon"> <small> &emsp; &emsp;--- 25 Jan 13:41:39 771 - Webelement dimension: (91, 19)</small> </font> </div>
<div class="test-event"> <font color="maroon"> <small> &emsp; &emsp;--- 25 Jan 13:41:40 839 - Clicked on Recruitment</small> </font> </div>
<div class="test-message">&emsp;Main menu : Recruitment selected&emsp;<a href=".\ScreenShot\TC401_2.png" target="_blank" >[ScreenShot]</a></div>
<div class="test-event"> <font color="maroon"> <small> &emsp; &emsp;--- 25 Jan 13:41:41 743 - Page URL:: https://opensource-demo.orangehrmlive.com/web/index.php/recruitment/viewcandidates</small> </font> </div>
<div class="test-event"> <font color="maroon"> <small> &emsp; &emsp;--- 25 Jan 13:41:41 743 - <b>0</b> - Page Load Wait: (Sync) - com.OrangeHRM.utils.WaitUtils.waitForPageLoad(WaitUtils.java:50)</small> </font> </div>
<div class="test-event"> <font color="maroon"> <small> &emsp; &emsp;--- 25 Jan 13:41:42 145 - [[ChromeDriver: chrome on windows (d74dcbe4851c0c74c6cdff59fe3d8594)] -> xpath: //h6[text()='Recruitment']] displayed</small> </font> </div>
<div class="test-event"> <font color="maroon"> <small> &emsp; &emsp;--- 25 Jan 13:41:42 197 - Webelement dimension: (109, 31)</small> </font> </div>
<div class="test-event"> <font color="maroon"> <small> &emsp; &emsp;--- 25 Jan 13:41:43 075 - Clicked on Add button</small> </font> </div>
<div class="test-event"> <font color="maroon"> <small> &emsp; &emsp;--- 25 Jan 13:41:44 367 - Entered value Odilia in FirstName</small> </font> </div>
<div class="test-event"> <font color="maroon"> <small> &emsp; &emsp;--- 25 Jan 13:41:45 111 - Entered value Conn in LastName</small> </font> </div>
<div class="test-event"> <font color="maroon"> <small> &emsp; &emsp;--- 25 Jan 13:41:45 205 - Vacancy Element displayed</small> </font> </div>
<div class="test-event"> <font color="maroon"> <small> &emsp; &emsp;--- 25 Jan 13:41:45 280 - Webelement dimension: (541, 45)</small> </font> </div>
<div class="test-event"> <font color="maroon"> <small> &emsp; &emsp;--- 25 Jan 13:41:45 430 - Clicked on Vacancy</small> </font> </div>
<div class="test-event"> <font color="maroon"> <small> &emsp; &emsp;--- 25 Jan 13:41:45 491 - Options elements displayed: 7</small> </font> </div>
<div class="test-event"> <font color="maroon"> <small> &emsp; &emsp;--- 25 Jan 13:41:45 523 - Options elements displayed size: 7</small> </font> </div>
<div class="test-event"> <font color="maroon"> <small> &emsp; &emsp;--- 25 Jan 13:41:45 847 - Vacancy Element displayed</small> </font> </div>
<div class="test-event"> <font color="maroon"> <small> &emsp; &emsp;--- 25 Jan 13:41:45 912 - Webelement dimension: (135, 16)</small> </font> </div>
<div class="test-event"> <font color="maroon"> <small> &emsp; &emsp;--- 25 Jan 13:41:46 059 - Clicked on Senior Support Specialist</small> </font> </div>
<div class="test-message">&emsp;Vacancy: Senior Support Specialist selected&emsp;<a href=".\ScreenShot\TC401_3.png" target="_blank" >[ScreenShot]</a></div>
<div class="test-event"> <font color="maroon"> <small> &emsp; &emsp;--- 25 Jan 13:41:46 942 - Email Element displayed</small> </font> </div>
<div class="test-event"> <font color="maroon"> <small> &emsp; &emsp;--- 25 Jan 13:41:48 091 - Entered value luana.jones@hotmail.com in Email</small> </font> </div>
<div class="test-message">&emsp;Email: luana.jones@hotmail.com selected&emsp;<a href=".\ScreenShot\TC401_4.png" target="_blank" >[ScreenShot]</a></div>
<div class="test-event"> <font color="maroon"> <small> &emsp; &emsp;--- 25 Jan 13:41:48 729 - Date of Application Element displayed</small> </font> </div>
<div class="test-event"> <font color="maroon"> <small> &emsp; &emsp;--- 25 Jan 13:41:49 469 - Entered value 1994-10-24 in Date of Application</small> </font> </div>
<div class="test-message">&emsp;Date of Application: 1994-10-24 selected&emsp;<a href=".\ScreenShot\TC401_5.png" target="_blank" >[ScreenShot]</a></div>
<div class="test-event"> <font color="maroon"> <small> &emsp; &emsp;--- 25 Jan 13:41:50 205 - Contact Number Element displayed</small> </font> </div>
<div class="test-event"> <font color="maroon"> <small> &emsp; &emsp;--- 25 Jan 13:41:51 128 - Entered value 0643898377 in Contact Number</small> </font> </div>
<div class="test-message">&emsp;Contact Number: 0643898377 selected&emsp;<a href=".\ScreenShot\TC401_6.png" target="_blank" >[ScreenShot]</a></div>
<div class="test-event"> <font color="maroon"> <small> &emsp; &emsp;--- 25 Jan 13:41:52 004 - Webelement dimension: (100, 31)</small> </font> </div>
<div class="test-event"> <font color="maroon"> <small> &emsp; &emsp;--- 25 Jan 13:41:52 220 - Clicked on Save candidate</small> </font> </div>
<div class="test-event"> <font color="maroon"> <small> &emsp; &emsp;--- 25 Jan 13:41:53 163 - [[ChromeDriver: chrome on windows (d74dcbe4851c0c74c6cdff59fe3d8594)] -> css selector: div[class*='oxd-toast--success']] displayed</small> </font> </div>
<div class="test-event"> <font color="maroon"> <small> &emsp; &emsp;--- 25 Jan 13:41:57 505 - [[ChromeDriver: chrome on windows (d74dcbe4851c0c74c6cdff59fe3d8594)] -> xpath: //p[text()='Status: Application Initiated']] displayed</small> </font> </div>
<div class="test-event"> <font color="maroon"> <small> &emsp; &emsp;--- 25 Jan 13:41:58 042 - Webelement dimension: (118, 30)</small> </font> </div>
<div class="test-event"> <font color="maroon"> <small> &emsp; &emsp;--- 25 Jan 13:41:58 680 - Clicked on Shortlist Candidate</small> </font> </div>
<div class="test-message">&emsp;Candidate :Shortlist in interview&emsp;<a href=".\ScreenShot\TC401_7.png" target="_blank" >[ScreenShot]</a></div>
<div class="test-event"> <font color="maroon"> <small> &emsp; &emsp;--- 25 Jan 13:41:59 793 - Webelement dimension: (100, 31)</small> </font> </div>
<div class="test-event"> <font color="maroon"> <small> &emsp; &emsp;--- 25 Jan 13:42:00 017 - Clicked on Save candidate</small> </font> </div>
<div class="test-event"> <font color="maroon"> <small> &emsp; &emsp;--- 25 Jan 13:42:01 147 - [[ChromeDriver: chrome on windows (d74dcbe4851c0c74c6cdff59fe3d8594)] -> css selector: div[class*='oxd-toast--success']] displayed</small> </font> </div>
<div class="test-event"> <font color="maroon"> <small> &emsp; &emsp;--- 25 Jan 13:42:04 997 - [[ChromeDriver: chrome on windows (d74dcbe4851c0c74c6cdff59fe3d8594)] -> xpath: //p[text()='Status: Shortlisted']] displayed</small> </font> </div>
<div class="test-event"> <font color="maroon"> <small> &emsp; &emsp;--- 25 Jan 13:42:05 346 - Webelement dimension: (185, 30)</small> </font> </div>
<div class="test-event"> <font color="maroon"> <small> &emsp; &emsp;--- 25 Jan 13:42:06 278 - Clicked on Schedule Interview</small> </font> </div>
<div class="test-message">&emsp;Candidate :Schedule in interview&emsp;<a href=".\ScreenShot\TC401_8.png" target="_blank" >[ScreenShot]</a></div>
<div class="test-event"> <font color="maroon"> <small> &emsp; &emsp;--- 25 Jan 13:42:07 315 - Interview Title Element displayed</small> </font> </div>
<div class="test-event"> <font color="maroon"> <small> &emsp; &emsp;--- 25 Jan 13:42:08 174 - Entered value Internal Quality Director in Interview Title</small> </font> </div>
<div class="test-message">&emsp;Interview Title: Internal Quality Director selected&emsp;<a href=".\ScreenShot\TC401_9.png" target="_blank" >[ScreenShot]</a></div>
<div class="test-event"> <font color="maroon"> <small> &emsp; &emsp;--- 25 Jan 13:42:08 681 - Date Element displayed</small> </font> </div>
<div class="test-event"> <font color="maroon"> <small> &emsp; &emsp;--- 25 Jan 13:42:09 320 - Entered value 1994-10-24 in Date</small> </font> </div>
<div class="test-message">&emsp;Date: 1994-10-24 selected&emsp;<a href=".\ScreenShot\TC401_10.png" target="_blank" >[ScreenShot]</a></div>
<div class="test-event"> <font color="maroon"> <small> &emsp; &emsp;--- 25 Jan 13:42:12 462 - Options Element displayed</small> </font> </div>
<div class="test-event"> <font color="maroon"> <small> &emsp; &emsp;--- 25 Jan 13:42:12 513 - Options elements displayed size: 1</small> </font> </div>
<div class="test-event"> <font color="maroon"> <small> &emsp; &emsp;--- 25 Jan 13:42:12 639 - Webelement dimension: (532, 35)</small> </font> </div>
<div class="test-event"> <font color="maroon"> <small> &emsp; &emsp;--- 25 Jan 13:42:12 695 - Clicked on Option field</small> </font> </div>
<div class="test-message">&emsp;Interviewer Name: Paul Collings selected&emsp;<a href=".\ScreenShot\TC401_11.png" target="_blank" >[ScreenShot]</a></div>
<div class="test-event"> <font color="maroon"> <small> &emsp; &emsp;--- 25 Jan 13:42:13 227 - Webelement dimension: (100, 31)</small> </font> </div>
<div class="test-event"> <font color="maroon"> <small> &emsp; &emsp;--- 25 Jan 13:42:13 322 - Clicked on Save Schedule Interview</small> </font> </div>
<div class="test-event"> <font color="maroon"> <small> &emsp; &emsp;--- 25 Jan 13:42:13 779 - [[ChromeDriver: chrome on windows (d74dcbe4851c0c74c6cdff59fe3d8594)] -> css selector: div[class*='oxd-toast--success']] displayed</small> </font> </div>
<div class="test-event"> <font color="maroon"> <small> &emsp; &emsp;--- 25 Jan 13:42:18 063 - [[ChromeDriver: chrome on windows (d74dcbe4851c0c74c6cdff59fe3d8594)] -> xpath: //p[text()='Status: Interview Scheduled']] displayed</small> </font> </div>
<div class="test-event"> <font color="maroon"> <small> &emsp; &emsp;--- 25 Jan 13:42:18 422 - Webelement dimension: (208, 30)</small> </font> </div>
<div class="test-event"> <font color="maroon"> <small> &emsp; &emsp;--- 25 Jan 13:42:18 986 - Clicked on Mark Interview Passed</small> </font> </div>
<div class="test-event"> <font color="maroon"> <small> &emsp; &emsp;--- 25 Jan 13:42:19 584 - Webelement dimension: (100, 31)</small> </font> </div>
<div class="test-event"> <font color="maroon"> <small> &emsp; &emsp;--- 25 Jan 13:42:19 974 - Clicked on Save Mark Interview Passed</small> </font> </div>
<div class="test-event"> <font color="maroon"> <small> &emsp; &emsp;--- 25 Jan 13:42:20 603 - [[ChromeDriver: chrome on windows (d74dcbe4851c0c74c6cdff59fe3d8594)] -> css selector: div[class*='oxd-toast--success']] displayed</small> </font> </div>
<div class="test-event"> <font color="maroon"> <small> &emsp; &emsp;--- 25 Jan 13:42:24 815 - [[ChromeDriver: chrome on windows (d74dcbe4851c0c74c6cdff59fe3d8594)] -> xpath: //p[text()='Status: Interview Passed']] displayed</small> </font> </div>
<div class="test-event"> <font color="maroon"> <small> &emsp; &emsp;--- 25 Jan 13:42:25 464 - Webelement dimension: (121, 30)</small> </font> </div>
<div class="test-event"> <font color="maroon"> <small> &emsp; &emsp;--- 25 Jan 13:42:26 115 - Clicked on Offer Job</small> </font> </div>
<div class="test-message">&emsp;Candidate got offer&emsp;<a href=".\ScreenShot\TC401_12.png" target="_blank" >[ScreenShot]</a></div>
<div class="test-event"> <font color="maroon"> <small> &emsp; &emsp;--- 25 Jan 13:42:26 601 - Webelement dimension: (100, 31)</small> </font> </div>
<div class="test-event"> <font color="maroon"> <small> &emsp; &emsp;--- 25 Jan 13:42:26 935 - Clicked on Save Offer Job</small> </font> </div>
<div class="test-event"> <font color="maroon"> <small> &emsp; &emsp;--- 25 Jan 13:42:27 550 - [[ChromeDriver: chrome on windows (d74dcbe4851c0c74c6cdff59fe3d8594)] -> css selector: div[class*='oxd-toast--success']] displayed</small> </font> </div>
<div class="test-event"> <font color="maroon"> <small> &emsp; &emsp;--- 25 Jan 13:42:31 654 - [[ChromeDriver: chrome on windows (d74dcbe4851c0c74c6cdff59fe3d8594)] -> xpath: //p[text()='Status: Job Offered']] displayed</small> </font> </div>
<div class="test-event"> <font color="maroon"> <small> &emsp; &emsp;--- 25 Jan 13:42:31 996 - Webelement dimension: (100, 30)</small> </font> </div>
<div class="test-event"> <font color="maroon"> <small> &emsp; &emsp;--- 25 Jan 13:42:32 606 - Clicked on Hire</small> </font> </div>
<div class="test-message">&emsp;Candidate Hired&emsp;<a href=".\ScreenShot\TC401_13.png" target="_blank" >[ScreenShot]</a></div>
<div class="test-event"> <font color="maroon"> <small> &emsp; &emsp;--- 25 Jan 13:42:33 045 - Webelement dimension: (100, 31)</small> </font> </div>
<div class="test-event"> <font color="maroon"> <small> &emsp; &emsp;--- 25 Jan 13:42:33 453 - Clicked on Save Hire Candidate</small> </font> </div>
<div class="test-event"> <font color="maroon"> <small> &emsp; &emsp;--- 25 Jan 13:42:34 072 - [[ChromeDriver: chrome on windows (d74dcbe4851c0c74c6cdff59fe3d8594)] -> css selector: div[class*='oxd-toast--success']] displayed</small> </font> </div>
<div class="test-event"> <font color="maroon"> <small> &emsp; &emsp;--- 25 Jan 13:42:38 240 - [[ChromeDriver: chrome on windows (d74dcbe4851c0c74c6cdff59fe3d8594)] -> xpath: //p[text()='Status: Hired']] displayed</small> </font> </div>
<div class="test-event"> <font color="maroon"> <small> &emsp; &emsp;--- 25 Jan 13:42:38 285 - [[ChromeDriver: chrome on windows (d74dcbe4851c0c74c6cdff59fe3d8594)] -> css selector: span[class*='oxd-main-menu-item--name']] displayed</small> </font> </div>
<div class="test-event"> <font color="maroon"> <small> &emsp; &emsp;--- 25 Jan 13:42:38 317 - Recruitment Element displayed</small> </font> </div>
<div class="test-event"> <font color="maroon"> <small> &emsp; &emsp;--- 25 Jan 13:42:38 340 - Webelement dimension: (91, 19)</small> </font> </div>
<div class="test-event"> <font color="maroon"> <small> &emsp; &emsp;--- 25 Jan 13:42:39 390 - Clicked on Recruitment</small> </font> </div>
<div class="test-message">&emsp;Main menu : Recruitment selected&emsp;<a href=".\ScreenShot\TC401_14.png" target="_blank" >[ScreenShot]</a></div>
<div class="test-event"> <font color="maroon"> <small> &emsp; &emsp;--- 25 Jan 13:42:40 022 - Page URL:: https://opensource-demo.orangehrmlive.com/web/index.php/recruitment/viewcandidates</small> </font> </div>
<div class="test-event"> <font color="maroon"> <small> &emsp; &emsp;--- 25 Jan 13:42:40 023 - <b>0</b> - Page Load Wait: (Sync) - com.OrangeHRM.utils.WaitUtils.waitForPageLoad(WaitUtils.java:50)</small> </font> </div>
<div class="test-event"> <font color="maroon"> <small> &emsp; &emsp;--- 25 Jan 13:42:40 066 - [[ChromeDriver: chrome on windows (d74dcbe4851c0c74c6cdff59fe3d8594)] -> xpath: //h6[text()='Recruitment']] displayed</small> </font> </div>
<div class="test-event"> <font color="maroon"> <small> &emsp; &emsp;--- 25 Jan 13:42:43 482 - Options Element displayed</small> </font> </div>
<div class="test-event"> <font color="maroon"> <small> &emsp; &emsp;--- 25 Jan 13:42:43 507 - Webelement dimension: (391, 35)</small> </font> </div>
<div class="test-event"> <font color="maroon"> <small> &emsp; &emsp;--- 25 Jan 13:42:43 576 - Clicked on Option field</small> </font> </div>
<div class="test-message">&emsp;Employee Name: Odilia Conn selected&emsp;<a href=".\ScreenShot\TC401_15.png" target="_blank" >[ScreenShot]</a></div>
<div class="test-event"> <font color="maroon"> <small> &emsp; &emsp;--- 25 Jan 13:42:44 477 - Webelement dimension: (107, 31)</small> </font> </div>
<div class="test-event"> <font color="maroon"> <small> &emsp; &emsp;--- 25 Jan 13:42:44 542 - Clicked on Search button</small> </font> </div>
<div class="test-event"> <font color="maroon"> <small> &emsp; &emsp;--- 25 Jan 13:42:45 105 - Table rows Element displayed</small> </font> </div>
<div class="test-event"> <font color="maroon"> <small> &emsp; &emsp;--- 25 Jan 13:42:45 127 - Table rows elements displayed size: 1</small> </font> </div>
<div class="test-event"> <font color="maroon"> <small> &emsp; &emsp;--- 25 Jan 13:42:45 211 - Text value displayed for Table field : Senior Support Specialist</small> </font> </div>
<div class="test-event"> <font color="maroon"> <small> &emsp; &emsp;--- 25 Jan 13:42:45 276 - Text value displayed for Table field : Odilia Conn</small> </font> </div>
<div class="test-event"> <font color="maroon"> <small> &emsp; &emsp;--- 25 Jan 13:42:45 332 - Text value displayed for Table field : Dominic Chase</small> </font> </div>
<div class="test-event"> <font color="maroon"> <small> &emsp; &emsp;--- 25 Jan 13:42:45 383 - Text value displayed for Table field : 1994-10-24</small> </font> </div>
<div class="test-event"> <font color="maroon"> <small> &emsp; &emsp;--- 25 Jan 13:42:45 429 - Text value displayed for Table field : Hired</small> </font> </div>
<div class="test-event"> <font color="maroon"> <small> &emsp; &emsp;--- 25 Jan 13:42:45 447 - WebDriver session: ChromeDriver: chrome on windows (d74dcbe4851c0c74c6cdff59fe3d8594)</small> </font> </div>
<div class="test-message">&emsp;Candidate Details is verified successfully&emsp;<a href=".\ScreenShot\TC401_16.png" target="_blank" >[ScreenShot]</a></div>
<div class="test-result"><br><font color="green"><strong> Test Passed. </strong></font> </div>&emsp;
<div class="test-event"> <font color="maroon"> <small> &emsp; &emsp;--- 25 Jan 13:42:45 883 - WebDriver session: ChromeDriver: chrome on windows (d74dcbe4851c0c74c6cdff59fe3d8594)</small> </font> </div>
<div class="test-event"> <font color="maroon"> <small> &emsp; &emsp;--- 25 Jan 13:42:46 249 - TestCaseID:: TC301</small> </font> </div>
<div class="test-event"> <font color="maroon"> <small> &emsp; &emsp;--- 25 Jan 13:42:47 260 - <b>1</b> - Driver::initialize::Get - com.OrangeHRM.utils.WebDriverFactory.getDriver(WebDriverFactory.java:767)</small> </font> </div>
<div class="test-event"> <font color="maroon"> <small> &emsp; &emsp;--- 25 Jan 13:42:47 261 - WebDriver session: ChromeDriver: chrome on windows (05f34c5217e84c64e8e2c0d1ee0c8c7a)</small> </font> </div>
&emsp;<div class="test-title"> <strong><font size = "3" color = "#000080">create timesheet and submit</font> </strong> </div>&emsp;<div><strong>Steps:</strong></div><!-- Report -->&emsp;
<div class="test-event"> <font color="maroon"> <small> &emsp; &emsp;--- 25 Jan 13:42:47 263 - Fetching test data from excel sheet</small> </font> </div>
<div class="test-event"> <font color="maroon"> <small> &emsp; &emsp;--- 25 Jan 13:43:01 463 - Entered value Admin in Username field</small> </font> </div>
<div class="test-event"> <font color="maroon"> <small> &emsp; &emsp;--- 25 Jan 13:43:01 765 - Entered value admin123 in Password field</small> </font> </div>
<div class="test-event"> <font color="maroon"> <small> &emsp; &emsp;--- 25 Jan 13:43:01 786 - Webelement dimension: (485, 46)</small> </font> </div>
<div class="test-event"> <font color="maroon"> <small> &emsp; &emsp;--- 25 Jan 13:43:01 833 - Clicked on Login button</small> </font> </div>
<div class="test-message">&emsp;Login to Application&emsp;<a href=".\ScreenShot\TC301_17.png" target="_blank" >[ScreenShot]</a></div>
<div class="test-event"> <font color="maroon"> <small> &emsp; &emsp;--- 25 Jan 13:43:03 809 - Page URL:: https://opensource-demo.orangehrmlive.com/web/index.php/dashboard/index</small> </font> </div>
<div class="test-event"> <font color="maroon"> <small> &emsp; &emsp;--- 25 Jan 13:43:03 809 - <b>0</b> - Page Load Wait: (Sync) - com.OrangeHRM.utils.WaitUtils.waitForPageLoad(WaitUtils.java:50)</small> </font> </div>
<div class="test-event"> <font color="maroon"> <small> &emsp; &emsp;--- 25 Jan 13:43:03 856 - [[ChromeDriver: chrome on windows (05f34c5217e84c64e8e2c0d1ee0c8c7a)] -> css selector: p[class*='orangehrm-copyright']] displayed</small> </font> </div>
<div class="test-event"> <font color="maroon"> <small> &emsp; &emsp;--- 25 Jan 13:43:03 898 - [[ChromeDriver: chrome on windows (05f34c5217e84c64e8e2c0d1ee0c8c7a)] -> css selector: span[class*='oxd-main-menu-item--name']] displayed</small> </font> </div>
<div class="test-event"> <font color="maroon"> <small> &emsp; &emsp;--- 25 Jan 13:43:03 938 - PIM Element displayed</small> </font> </div>
<div class="test-event"> <font color="maroon"> <small> &emsp; &emsp;--- 25 Jan 13:43:03 966 - Webelement dimension: (39, 19)</small> </font> </div>
<div class="test-event"> <font color="maroon"> <small> &emsp; &emsp;--- 25 Jan 13:43:05 370 - Clicked on PIM</small> </font> </div>
<div class="test-message">&emsp;Main menu : PIM selected&emsp;<a href=".\ScreenShot\TC301_18.png" target="_blank" >[ScreenShot]</a></div>
<div class="test-event"> <font color="maroon"> <small> &emsp; &emsp;--- 25 Jan 13:43:05 918 - Page URL:: https://opensource-demo.orangehrmlive.com/web/index.php/pim/viewemployeelist</small> </font> </div>
<div class="test-event"> <font color="maroon"> <small> &emsp; &emsp;--- 25 Jan 13:43:05 919 - <b>0</b> - Page Load Wait: (Sync) - com.OrangeHRM.utils.WaitUtils.waitForPageLoad(WaitUtils.java:50)</small> </font> </div>
<div class="test-event"> <font color="maroon"> <small> &emsp; &emsp;--- 25 Jan 13:43:05 953 - [[ChromeDriver: chrome on windows (05f34c5217e84c64e8e2c0d1ee0c8c7a)] -> css selector: h6[class*='oxd-topbar-header']] displayed</small> </font> </div>
<div class="test-event"> <font color="maroon"> <small> &emsp; &emsp;--- 25 Jan 13:43:05 981 - Webelement dimension: (109, 30)</small> </font> </div>
<div class="test-event"> <font color="maroon"> <small> &emsp; &emsp;--- 25 Jan 13:43:06 806 - Clicked on Add button</small> </font> </div>
<div class="test-event"> <font color="maroon"> <small> &emsp; &emsp;--- 25 Jan 13:43:07 701 - Entered value Isaura in FirstName</small> </font> </div>
<div class="test-event"> <font color="maroon"> <small> &emsp; &emsp;--- 25 Jan 13:43:08 040 - Entered value Streich in LastName</small> </font> </div>
<div class="test-event"> <font color="maroon"> <small> &emsp; &emsp;--- 25 Jan 13:43:08 383 - Entered value 95 in Employeee Id</small> </font> </div>
<div class="test-event"> <font color="maroon"> <small> &emsp; &emsp;--- 25 Jan 13:43:08 405 - Webelement dimension: (33, 17)</small> </font> </div>
<div class="test-event"> <font color="maroon"> <small> &emsp; &emsp;--- 25 Jan 13:43:08 462 - Clicked on Create login details</small> </font> </div>
<div class="test-event"> <font color="maroon"> <small> &emsp; &emsp;--- 25 Jan 13:43:08 515 - Username Element displayed</small> </font> </div>
<div class="test-event"> <font color="maroon"> <small> &emsp; &emsp;--- 25 Jan 13:43:08 978 - Entered value markus.cormier in Username</small> </font> </div>
<div class="test-message">&emsp;Username: markus.cormier selected&emsp;<a href=".\ScreenShot\TC301_19.png" target="_blank" >[ScreenShot]</a></div>
<div class="test-event"> <font color="maroon"> <small> &emsp; &emsp;--- 25 Jan 13:43:09 561 - Password Element displayed</small> </font> </div>
<div class="test-event"> <font color="maroon"> <small> &emsp; &emsp;--- 25 Jan 13:43:09 972 - Entered value 4r8536e in Password</small> </font> </div>
<div class="test-message">&emsp;Password: 4r8536e selected&emsp;<a href=".\ScreenShot\TC301_20.png" target="_blank" >[ScreenShot]</a></div>
<div class="test-event"> <font color="maroon"> <small> &emsp; &emsp;--- 25 Jan 13:43:10 485 - Confirm Password Element displayed</small> </font> </div>
<div class="test-event"> <font color="maroon"> <small> &emsp; &emsp;--- 25 Jan 13:43:10 890 - Entered value 4r8536e in Confirm Password</small> </font> </div>
<div class="test-message">&emsp;Confirm Password: 4r8536e selected&emsp;<a href=".\ScreenShot\TC301_21.png" target="_blank" >[ScreenShot]</a></div>
<div class="test-event"> <font color="maroon"> <small> &emsp; &emsp;--- 25 Jan 13:43:11 359 - Webelement dimension: (100, 31)</small> </font> </div>
<div class="test-event"> <font color="maroon"> <small> &emsp; &emsp;--- 25 Jan 13:43:11 413 - Clicked on Save button</small> </font> </div>
<div class="test-event"> <font color="maroon"> <small> &emsp; &emsp;--- 25 Jan 13:43:13 940 - [[ChromeDriver: chrome on windows (05f34c5217e84c64e8e2c0d1ee0c8c7a)] -> css selector: div[class*='oxd-toast--success']] displayed</small> </font> </div>
<div class="test-event"> <font color="maroon"> <small> &emsp; &emsp;--- 25 Jan 13:43:14 000 - Webelement dimension: (162, 54)</small> </font> </div>
<div class="test-event"> <font color="maroon"> <small> &emsp; &emsp;--- 25 Jan 13:43:14 089 - Clicked on User profile</small> </font> </div>
<div class="test-event"> <font color="maroon"> <small> &emsp; &emsp;--- 25 Jan 13:43:14 132 - Webelement dimension: (160, 26)</small> </font> </div>
<div class="test-event"> <font color="maroon"> <small> &emsp; &emsp;--- 25 Jan 13:43:15 091 - Clicked on Logout button</small> </font> </div>
<div class="test-message">&emsp;Logout to application&emsp;<a href=".\ScreenShot\TC301_22.png" target="_blank" >[ScreenShot]</a></div>
<div class="test-event"> <font color="maroon"> <small> &emsp; &emsp;--- 25 Jan 13:43:15 536 - Page URL:: https://opensource-demo.orangehrmlive.com/web/index.php/auth/login</small> </font> </div>
<div class="test-event"> <font color="maroon"> <small> &emsp; &emsp;--- 25 Jan 13:43:15 536 - <b>0</b> - Page Load Wait: (Sync) - com.OrangeHRM.utils.WaitUtils.waitForPageLoad(WaitUtils.java:50)</small> </font> </div>
<div class="test-event"> <font color="maroon"> <small> &emsp; &emsp;--- 25 Jan 13:43:15 563 - [[ChromeDriver: chrome on windows (05f34c5217e84c64e8e2c0d1ee0c8c7a)] -> css selector: button[class*='orangehrm-login-button']] displayed</small> </font> </div>
<div class="test-event"> <font color="maroon"> <small> &emsp; &emsp;--- 25 Jan 13:43:15 822 - Entered value markus.cormier in Username field</small> </font> </div>
<div class="test-event"> <font color="maroon"> <small> &emsp; &emsp;--- 25 Jan 13:43:16 114 - Entered value 4r8536e in Password field</small> </font> </div>
<div class="test-event"> <font color="maroon"> <small> &emsp; &emsp;--- 25 Jan 13:43:16 134 - Webelement dimension: (485, 46)</small> </font> </div>
<div class="test-event"> <font color="maroon"> <small> &emsp; &emsp;--- 25 Jan 13:43:16 180 - Clicked on Login button</small> </font> </div>
<div class="test-message">&emsp;Login to Application&emsp;<a href=".\ScreenShot\TC301_23.png" target="_blank" >[ScreenShot]</a></div>
<div class="test-event"> <font color="maroon"> <small> &emsp; &emsp;--- 25 Jan 13:43:17 885 - Page URL:: https://opensource-demo.orangehrmlive.com/web/index.php/dashboard/index</small> </font> </div>
<div class="test-event"> <font color="maroon"> <small> &emsp; &emsp;--- 25 Jan 13:43:17 886 - <b>0</b> - Page Load Wait: (Sync) - com.OrangeHRM.utils.WaitUtils.waitForPageLoad(WaitUtils.java:50)</small> </font> </div>
<div class="test-event"> <font color="maroon"> <small> &emsp; &emsp;--- 25 Jan 13:43:17 917 - [[ChromeDriver: chrome on windows (05f34c5217e84c64e8e2c0d1ee0c8c7a)] -> css selector: p[class*='orangehrm-copyright']] displayed</small> </font> </div>
<div class="test-event"> <font color="maroon"> <small> &emsp; &emsp;--- 25 Jan 13:43:17 946 - [[ChromeDriver: chrome on windows (05f34c5217e84c64e8e2c0d1ee0c8c7a)] -> css selector: span[class*='oxd-main-menu-item--name']] displayed</small> </font> </div>
<div class="test-event"> <font color="maroon"> <small> &emsp; &emsp;--- 25 Jan 13:43:17 978 - Time Element displayed</small> </font> </div>
<div class="test-event"> <font color="maroon"> <small> &emsp; &emsp;--- 25 Jan 13:43:17 997 - Webelement dimension: (45, 19)</small> </font> </div>
<div class="test-event"> <font color="maroon"> <small> &emsp; &emsp;--- 25 Jan 13:43:19 570 - Clicked on Time</small> </font> </div>
<div class="test-message">&emsp;Main menu : Time selected&emsp;<a href=".\ScreenShot\TC301_24.png" target="_blank" >[ScreenShot]</a></div>
<div class="test-event"> <font color="maroon"> <small> &emsp; &emsp;--- 25 Jan 13:43:20 064 - Page URL:: https://opensource-demo.orangehrmlive.com/web/index.php/time/viewmytimesheet</small> </font> </div>
<div class="test-event"> <font color="maroon"> <small> &emsp; &emsp;--- 25 Jan 13:43:20 064 - <b>0</b> - Page Load Wait: (Sync) - com.OrangeHRM.utils.WaitUtils.waitForPageLoad(WaitUtils.java:50)</small> </font> </div>
<div class="test-event"> <font color="maroon"> <small> &emsp; &emsp;--- 25 Jan 13:43:20 105 - [[ChromeDriver: chrome on windows (05f34c5217e84c64e8e2c0d1ee0c8c7a)] -> xpath: //h6[text()='My Timesheet']] displayed</small> </font> </div>
<div class="test-event"> <font color="maroon"> <small> &emsp; &emsp;--- 25 Jan 13:43:21 280 - Webelement dimension: (109, 31)</small> </font> </div>
<div class="test-event"> <font color="maroon"> <small> &emsp; &emsp;--- 25 Jan 13:43:21 362 - Clicked on Submit button</small> </font> </div>
<div class="test-event"> <font color="maroon"> <small> &emsp; &emsp;--- 25 Jan 13:43:21 957 - [[ChromeDriver: chrome on windows (05f34c5217e84c64e8e2c0d1ee0c8c7a)] -> css selector: div[class*='oxd-toast--success']] displayed</small> </font> </div>
<div class="test-event"> <font color="maroon"> <small> &emsp; &emsp;--- 25 Jan 13:43:22 803 - WebElement: [[ChromeDriver: chrome on windows (05f34c5217e84c64e8e2c0d1ee0c8c7a)] -> xpath: //p[text()='Status: Submitted']]</small> </font> </div>
<div class="test-event"> <font color="maroon"> <small> &emsp; &emsp;--- 25 Jan 13:43:22 837 - Submitted Label displayed</small> </font> </div>
<div class="test-event"> <font color="maroon"> <small> &emsp; &emsp;--- 25 Jan 13:43:23 393 - Table rows Element displayed</small> </font> </div>
<div class="test-event"> <font color="maroon"> <small> &emsp; &emsp;--- 25 Jan 13:43:23 418 - Table rows elements displayed size: 1</small> </font> </div>
<div class="test-event"> <font color="maroon"> <small> &emsp; &emsp;--- 25 Jan 13:43:23 490 - Text value displayed for Table field : Submitted</small> </font> </div>
<div class="test-event"> <font color="maroon"> <small> &emsp; &emsp;--- 25 Jan 13:43:23 539 - Text value displayed for Table field : Isaura Streich</small> </font> </div>
<div class="test-event"> <font color="maroon"> <small> &emsp; &emsp;--- 25 Jan 13:43:23 590 - Text value displayed for Table field : 2024-01-25</small> </font> </div>
<div class="test-event"> <font color="maroon"> <small> &emsp; &emsp;--- 25 Jan 13:43:23 603 - WebDriver session: ChromeDriver: chrome on windows (05f34c5217e84c64e8e2c0d1ee0c8c7a)</small> </font> </div>
<div class="test-message">&emsp;Leave Details is verified successfully&emsp;<a href=".\ScreenShot\TC301_25.png" target="_blank" >[ScreenShot]</a></div>
<div class="test-result"><br><font color="green"><strong> Test Passed. </strong></font> </div>&emsp;
<div class="test-event"> <font color="maroon"> <small> &emsp; &emsp;--- 25 Jan 13:43:24 090 - WebDriver session: ChromeDriver: chrome on windows (05f34c5217e84c64e8e2c0d1ee0c8c7a)</small> </font> </div>
<div class="test-event"> <font color="maroon"> <small> &emsp; &emsp;--- 25 Jan 13:43:25 341 - TestCaseID:: TC101</small> </font> </div>
<div class="test-event"> <font color="maroon"> <small> &emsp; &emsp;--- 25 Jan 13:43:26 282 - <b>0</b> - Driver::initialize::Get - com.OrangeHRM.utils.WebDriverFactory.getDriver(WebDriverFactory.java:767)</small> </font> </div>
<div class="test-event"> <font color="maroon"> <small> &emsp; &emsp;--- 25 Jan 13:43:26 283 - WebDriver session: ChromeDriver: chrome on windows (fb5ddb742724dc22c4bdacbe00b1cd59)</small> </font> </div>
&emsp;<div class="test-title"> <strong><font size = "3" color = "#000080">Create a System User(Admin)</font> </strong> </div>&emsp;<div><strong>Steps:</strong></div><!-- Report -->&emsp;
<div class="test-event"> <font color="maroon"> <small> &emsp; &emsp;--- 25 Jan 13:43:26 285 - Fetching test data from excel sheet</small> </font> </div>
<div class="test-event"> <font color="maroon"> <small> &emsp; &emsp;--- 25 Jan 13:43:37 427 - Entered value Admin in Username field</small> </font> </div>
<div class="test-event"> <font color="maroon"> <small> &emsp; &emsp;--- 25 Jan 13:43:37 723 - Entered value admin123 in Password field</small> </font> </div>
<div class="test-event"> <font color="maroon"> <small> &emsp; &emsp;--- 25 Jan 13:43:37 746 - Webelement dimension: (485, 46)</small> </font> </div>
<div class="test-event"> <font color="maroon"> <small> &emsp; &emsp;--- 25 Jan 13:43:39 122 - Clicked on Login button</small> </font> </div>
<div class="test-message">&emsp;Login to Application&emsp;<a href=".\ScreenShot\TC101_26.png" target="_blank" >[ScreenShot]</a></div>
<div class="test-event"> <font color="maroon"> <small> &emsp; &emsp;--- 25 Jan 13:43:39 835 - Page URL:: https://opensource-demo.orangehrmlive.com/web/index.php/dashboard/index</small> </font> </div>
<div class="test-event"> <font color="maroon"> <small> &emsp; &emsp;--- 25 Jan 13:43:39 837 - <b>0</b> - Page Load Wait: (Sync) - com.OrangeHRM.utils.WaitUtils.waitForPageLoad(WaitUtils.java:50)</small> </font> </div>
<div class="test-event"> <font color="maroon"> <small> &emsp; &emsp;--- 25 Jan 13:43:40 119 - [[ChromeDriver: chrome on windows (fb5ddb742724dc22c4bdacbe00b1cd59)] -> css selector: p[class*='orangehrm-copyright']] displayed</small> </font> </div>
<div class="test-event"> <font color="maroon"> <small> &emsp; &emsp;--- 25 Jan 13:43:40 166 - [[ChromeDriver: chrome on windows (fb5ddb742724dc22c4bdacbe00b1cd59)] -> css selector: span[class*='oxd-main-menu-item--name']] displayed</small> </font> </div>
<div class="test-event"> <font color="maroon"> <small> &emsp; &emsp;--- 25 Jan 13:43:40 203 - PIM Element displayed</small> </font> </div>
<div class="test-event"> <font color="maroon"> <small> &emsp; &emsp;--- 25 Jan 13:43:40 229 - Webelement dimension: (39, 19)</small> </font> </div>
<div class="test-event"> <font color="maroon"> <small> &emsp; &emsp;--- 25 Jan 13:43:41 700 - Clicked on PIM</small> </font> </div>
<div class="test-message">&emsp;Main menu : PIM selected&emsp;<a href=".\ScreenShot\TC101_27.png" target="_blank" >[ScreenShot]</a></div>
<div class="test-event"> <font color="maroon"> <small> &emsp; &emsp;--- 25 Jan 13:43:42 201 - Page URL:: https://opensource-demo.orangehrmlive.com/web/index.php/pim/viewemployeelist</small> </font> </div>
<div class="test-event"> <font color="maroon"> <small> &emsp; &emsp;--- 25 Jan 13:43:42 202 - <b>0</b> - Page Load Wait: (Sync) - com.OrangeHRM.utils.WaitUtils.waitForPageLoad(WaitUtils.java:50)</small> </font> </div>
<div class="test-event"> <font color="maroon"> <small> &emsp; &emsp;--- 25 Jan 13:43:42 246 - [[ChromeDriver: chrome on windows (fb5ddb742724dc22c4bdacbe00b1cd59)] -> css selector: h6[class*='oxd-topbar-header']] displayed</small> </font> </div>
<div class="test-event"> <font color="maroon"> <small> &emsp; &emsp;--- 25 Jan 13:43:42 269 - Webelement dimension: (109, 30)</small> </font> </div>
<div class="test-event"> <font color="maroon"> <small> &emsp; &emsp;--- 25 Jan 13:43:43 031 - Clicked on Add button</small> </font> </div>
<div class="test-event"> <font color="maroon"> <small> &emsp; &emsp;--- 25 Jan 13:43:43 915 - Entered value Corrina in FirstName</small> </font> </div>
<div class="test-event"> <font color="maroon"> <small> &emsp; &emsp;--- 25 Jan 13:43:44 280 - Entered value Flatley in LastName</small> </font> </div>
<div class="test-event"> <font color="maroon"> <small> &emsp; &emsp;--- 25 Jan 13:43:44 649 - Entered value 39 in Employeee Id</small> </font> </div>
<div class="test-event"> <font color="maroon"> <small> &emsp; &emsp;--- 25 Jan 13:43:44 677 - Webelement dimension: (100, 31)</small> </font> </div>
<div class="test-event"> <font color="maroon"> <small> &emsp; &emsp;--- 25 Jan 13:43:44 730 - Clicked on Save button</small> </font> </div>
<div class="test-event"> <font color="maroon"> <small> &emsp; &emsp;--- 25 Jan 13:43:45 637 - [[ChromeDriver: chrome on windows (fb5ddb742724dc22c4bdacbe00b1cd59)] -> css selector: div[class*='oxd-toast--success']] displayed</small> </font> </div>
<div class="test-event"> <font color="maroon"> <small> &emsp; &emsp;--- 25 Jan 13:43:45 685 - [[ChromeDriver: chrome on windows (fb5ddb742724dc22c4bdacbe00b1cd59)] -> css selector: span[class*='oxd-main-menu-item--name']] displayed</small> </font> </div>
<div class="test-event"> <font color="maroon"> <small> &emsp; &emsp;--- 25 Jan 13:43:45 726 - Admin Element displayed</small> </font> </div>
<div class="test-event"> <font color="maroon"> <small> &emsp; &emsp;--- 25 Jan 13:43:45 752 - Webelement dimension: (56, 19)</small> </font> </div>
<div class="test-event"> <font color="maroon"> <small> &emsp; &emsp;--- 25 Jan 13:43:47 165 - Clicked on Admin</small> </font> </div>
<div class="test-message">&emsp;Main menu : Admin selected&emsp;<a href=".\ScreenShot\TC101_28.png" target="_blank" >[ScreenShot]</a></div>
<div class="test-event"> <font color="maroon"> <small> &emsp; &emsp;--- 25 Jan 13:43:47 718 - Page URL:: https://opensource-demo.orangehrmlive.com/web/index.php/admin/viewsystemusers</small> </font> </div>
<div class="test-event"> <font color="maroon"> <small> &emsp; &emsp;--- 25 Jan 13:43:47 718 - <b>0</b> - Page Load Wait: (Sync) - com.OrangeHRM.utils.WaitUtils.waitForPageLoad(WaitUtils.java:50)</small> </font> </div>
<div class="test-event"> <font color="maroon"> <small> &emsp; &emsp;--- 25 Jan 13:43:47 757 - [[ChromeDriver: chrome on windows (fb5ddb742724dc22c4bdacbe00b1cd59)] -> css selector: h5[class*='oxd-table-filter-title']] displayed</small> </font> </div>
<div class="test-event"> <font color="maroon"> <small> &emsp; &emsp;--- 25 Jan 13:43:47 777 - Webelement dimension: (109, 30)</small> </font> </div>
<div class="test-event"> <font color="maroon"> <small> &emsp; &emsp;--- 25 Jan 13:43:48 367 - Clicked on Add button</small> </font> </div>
<div class="test-event"> <font color="maroon"> <small> &emsp; &emsp;--- 25 Jan 13:43:48 922 - User Role Element displayed</small> </font> </div>
<div class="test-event"> <font color="maroon"> <small> &emsp; &emsp;--- 25 Jan 13:43:48 948 - Webelement dimension: (824, 45)</small> </font> </div>
<div class="test-event"> <font color="maroon"> <small> &emsp; &emsp;--- 25 Jan 13:43:48 996 - Clicked on User Role</small> </font> </div>
<div class="test-event"> <font color="maroon"> <small> &emsp; &emsp;--- 25 Jan 13:43:49 026 - Options elements displayed: 2</small> </font> </div>
<div class="test-event"> <font color="maroon"> <small> &emsp; &emsp;--- 25 Jan 13:43:49 044 - Options elements displayed size: 2</small> </font> </div>
<div class="test-event"> <font color="maroon"> <small> &emsp; &emsp;--- 25 Jan 13:43:49 082 - Webelement dimension: (22, 16)</small> </font> </div>
<div class="test-event"> <font color="maroon"> <small> &emsp; &emsp;--- 25 Jan 13:43:49 133 - Clicked on ESS</small> </font> </div>
<div class="test-message">&emsp;User Role: ESS selected&emsp;<a href=".\ScreenShot\TC101_29.png" target="_blank" >[ScreenShot]</a></div>
<div class="test-message">&emsp;User Role: ESS selected&emsp;<a href=".\ScreenShot\TC101_30.png" target="_blank" >[ScreenShot]</a></div>
<div class="test-event"> <font color="maroon"> <small> &emsp; &emsp;--- 25 Jan 13:43:54 905 - Options Element displayed</small> </font> </div>
<div class="test-event"> <font color="maroon"> <small> &emsp; &emsp;--- 25 Jan 13:43:54 922 - Webelement dimension: (815, 35)</small> </font> </div>
<div class="test-event"> <font color="maroon"> <small> &emsp; &emsp;--- 25 Jan 13:43:54 965 - Clicked on Option field</small> </font> </div>
<div class="test-message">&emsp;Employee Name: Corrina Flatley selected&emsp;<a href=".\ScreenShot\TC101_31.png" target="_blank" >[ScreenShot]</a></div>
<div class="test-event"> <font color="maroon"> <small> &emsp; &emsp;--- 25 Jan 13:43:55 444 - Status Element displayed</small> </font> </div>
<div class="test-event"> <font color="maroon"> <small> &emsp; &emsp;--- 25 Jan 13:43:55 464 - Webelement dimension: (824, 45)</small> </font> </div>
<div class="test-event"> <font color="maroon"> <small> &emsp; &emsp;--- 25 Jan 13:43:55 507 - Clicked on Status</small> </font> </div>
<div class="test-event"> <font color="maroon"> <small> &emsp; &emsp;--- 25 Jan 13:43:55 527 - Options elements displayed: 2</small> </font> </div>
<div class="test-event"> <font color="maroon"> <small> &emsp; &emsp;--- 25 Jan 13:43:55 547 - Options elements displayed size: 2</small> </font> </div>
<div class="test-event"> <font color="maroon"> <small> &emsp; &emsp;--- 25 Jan 13:43:55 582 - Webelement dimension: (47, 16)</small> </font> </div>
<div class="test-event"> <font color="maroon"> <small> &emsp; &emsp;--- 25 Jan 13:43:55 645 - Clicked on Disabled</small> </font> </div>
<div class="test-message">&emsp;Status: Disabled selected&emsp;<a href=".\ScreenShot\TC101_32.png" target="_blank" >[ScreenShot]</a></div>
<div class="test-message">&emsp;Status: Disabled selected&emsp;<a href=".\ScreenShot\TC101_33.png" target="_blank" >[ScreenShot]</a></div>
<div class="test-event"> <font color="maroon"> <small> &emsp; &emsp;--- 25 Jan 13:43:56 570 - Username Element displayed</small> </font> </div>
<div class="test-event"> <font color="maroon"> <small> &emsp; &emsp;--- 25 Jan 13:43:56 944 - Entered value lindsey.mitchell in Username</small> </font> </div>
<div class="test-message">&emsp;Username: lindsey.mitchell selected&emsp;<a href=".\ScreenShot\TC101_34.png" target="_blank" >[ScreenShot]</a></div>
<div class="test-event"> <font color="maroon"> <small> &emsp; &emsp;--- 25 Jan 13:43:57 411 - Password Element displayed</small> </font> </div>
<div class="test-event"> <font color="maroon"> <small> &emsp; &emsp;--- 25 Jan 13:43:57 800 - Entered value ah45r1m39 in Password</small> </font> </div>
<div class="test-message">&emsp;Password: ah45r1m39 selected&emsp;<a href=".\ScreenShot\TC101_35.png" target="_blank" >[ScreenShot]</a></div>
<div class="test-event"> <font color="maroon"> <small> &emsp; &emsp;--- 25 Jan 13:43:58 254 - Confirm Password Element displayed</small> </font> </div>
<div class="test-event"> <font color="maroon"> <small> &emsp; &emsp;--- 25 Jan 13:43:58 675 - Entered value ah45r1m39 in Confirm Password</small> </font> </div>
<div class="test-message">&emsp;Confirm Password: ah45r1m39 selected&emsp;<a href=".\ScreenShot\TC101_36.png" target="_blank" >[ScreenShot]</a></div>
<div class="test-event"> <font color="maroon"> <small> &emsp; &emsp;--- 25 Jan 13:43:59 125 - Webelement dimension: (100, 31)</small> </font> </div>
<div class="test-event"> <font color="maroon"> <small> &emsp; &emsp;--- 25 Jan 13:43:59 166 - Clicked on Save button</small> </font> </div>
<div class="test-event"> <font color="maroon"> <small> &emsp; &emsp;--- 25 Jan 13:44:00 934 - [[ChromeDriver: chrome on windows (fb5ddb742724dc22c4bdacbe00b1cd59)] -> css selector: div[class*='oxd-toast--success']] displayed</small> </font> </div>
<div class="test-result"><br><font color="green"><strong> Test Passed. </strong></font> </div>&emsp;
<div class="test-event"> <font color="maroon"> <small> &emsp; &emsp;--- 25 Jan 13:44:00 934 - WebDriver session: ChromeDriver: chrome on windows (fb5ddb742724dc22c4bdacbe00b1cd59)</small> </font> </div>
<div class="test-event"> <font color="maroon"> <small> &emsp; &emsp;--- 25 Jan 13:44:01 381 - TestCaseID:: TC102</small> </font> </div>
<div class="test-event"> <font color="maroon"> <small> &emsp; &emsp;--- 25 Jan 13:44:03 246 - <b>1</b> - Driver::initialize::Get - com.OrangeHRM.utils.WebDriverFactory.getDriver(WebDriverFactory.java:767)</small> </font> </div>
<div class="test-event"> <font color="maroon"> <small> &emsp; &emsp;--- 25 Jan 13:44:03 247 - WebDriver session: ChromeDriver: chrome on windows (7b9851cc44727b6c7a420b9c06d93133)</small> </font> </div>
&emsp;<div class="test-title"> <strong><font size = "3" color = "#000080">Verify and Delete user(Admin)</font> </strong> </div>&emsp;<div><strong>Steps:</strong></div><!-- Report -->&emsp;
<div class="test-event"> <font color="maroon"> <small> &emsp; &emsp;--- 25 Jan 13:44:03 247 - Fetching test data from excel sheet</small> </font> </div>
<div class="test-event"> <font color="maroon"> <small> &emsp; &emsp;--- 25 Jan 13:44:09 371 - Entered value Admin in Username field</small> </font> </div>
<div class="test-event"> <font color="maroon"> <small> &emsp; &emsp;--- 25 Jan 13:44:09 712 - Entered value admin123 in Password field</small> </font> </div>
<div class="test-event"> <font color="maroon"> <small> &emsp; &emsp;--- 25 Jan 13:44:09 733 - Webelement dimension: (485, 46)</small> </font> </div>
<div class="test-event"> <font color="maroon"> <small> &emsp; &emsp;--- 25 Jan 13:44:11 150 - Clicked on Login button</small> </font> </div>
<div class="test-message">&emsp;Login to Application&emsp;<a href=".\ScreenShot\TC102_37.png" target="_blank" >[ScreenShot]</a></div>
<div class="test-event"> <font color="maroon"> <small> &emsp; &emsp;--- 25 Jan 13:44:11 703 - Page URL:: https://opensource-demo.orangehrmlive.com/web/index.php/dashboard/index</small> </font> </div>
<div class="test-event"> <font color="maroon"> <small> &emsp; &emsp;--- 25 Jan 13:44:11 704 - <b>0</b> - Page Load Wait: (Sync) - com.OrangeHRM.utils.WaitUtils.waitForPageLoad(WaitUtils.java:50)</small> </font> </div>
<div class="test-event"> <font color="maroon"> <small> &emsp; &emsp;--- 25 Jan 13:44:11 742 - [[ChromeDriver: chrome on windows (7b9851cc44727b6c7a420b9c06d93133)] -> css selector: p[class*='orangehrm-copyright']] displayed</small> </font> </div>
<div class="test-event"> <font color="maroon"> <small> &emsp; &emsp;--- 25 Jan 13:44:11 779 - [[ChromeDriver: chrome on windows (7b9851cc44727b6c7a420b9c06d93133)] -> css selector: span[class*='oxd-main-menu-item--name']] displayed</small> </font> </div>
<div class="test-event"> <font color="maroon"> <small> &emsp; &emsp;--- 25 Jan 13:44:11 821 - PIM Element displayed</small> </font> </div>
<div class="test-event"> <font color="maroon"> <small> &emsp; &emsp;--- 25 Jan 13:44:11 847 - Webelement dimension: (39, 19)</small> </font> </div>
<div class="test-event"> <font color="maroon"> <small> &emsp; &emsp;--- 25 Jan 13:44:13 309 - Clicked on PIM</small> </font> </div>
<div class="test-message">&emsp;Main menu : PIM selected&emsp;<a href=".\ScreenShot\TC102_38.png" target="_blank" >[ScreenShot]</a></div>
<div class="test-event"> <font color="maroon"> <small> &emsp; &emsp;--- 25 Jan 13:44:13 840 - Page URL:: https://opensource-demo.orangehrmlive.com/web/index.php/pim/viewemployeelist</small> </font> </div>
<div class="test-event"> <font color="maroon"> <small> &emsp; &emsp;--- 25 Jan 13:44:13 841 - <b>0</b> - Page Load Wait: (Sync) - com.OrangeHRM.utils.WaitUtils.waitForPageLoad(WaitUtils.java:50)</small> </font> </div>
<div class="test-event"> <font color="maroon"> <small> &emsp; &emsp;--- 25 Jan 13:44:13 880 - [[ChromeDriver: chrome on windows (7b9851cc44727b6c7a420b9c06d93133)] -> css selector: h6[class*='oxd-topbar-header']] displayed</small> </font> </div>
<div class="test-event"> <font color="maroon"> <small> &emsp; &emsp;--- 25 Jan 13:44:13 907 - Webelement dimension: (109, 31)</small> </font> </div>
<div class="test-event"> <font color="maroon"> <small> &emsp; &emsp;--- 25 Jan 13:44:14 789 - Clicked on Add button</small> </font> </div>
<div class="test-event"> <font color="maroon"> <small> &emsp; &emsp;--- 25 Jan 13:44:15 692 - Entered value Norris in FirstName</small> </font> </div>
<div class="test-event"> <font color="maroon"> <small> &emsp; &emsp;--- 25 Jan 13:44:16 042 - Entered value Huels in LastName</small> </font> </div>
<div class="test-event"> <font color="maroon"> <small> &emsp; &emsp;--- 25 Jan 13:44:16 381 - Entered value 53 in Employeee Id</small> </font> </div>
<div class="test-event"> <font color="maroon"> <small> &emsp; &emsp;--- 25 Jan 13:44:16 401 - Webelement dimension: (100, 31)</small> </font> </div>
<div class="test-event"> <font color="maroon"> <small> &emsp; &emsp;--- 25 Jan 13:44:16 452 - Clicked on Save button</small> </font> </div>
[...]
<div class="test-event"> <font color="maroon"> <small> &emsp; &emsp;--- 25 Jan 13:50:21 721 - Webelement dimension: (485, 46)</small> </font> </div>
<div class="test-event"> <font color="maroon"> <small> &emsp; &emsp;--- 25 Jan 13:50:23 102 - Clicked on Login button</small> </font> </div>
<div class="test-message">&emsp;Login to Application&emsp;<a href=".\ScreenShot\TC201_180.png" target="_blank" >[ScreenShot]</a></div>
<div class="test-event"> <font color="maroon"> <small> &emsp; &emsp;--- 25 Jan 13:50:24 204 - Page URL:: https://opensource-demo.orangehrmlive.com/web/index.php/dashboard/index</small> </font> </div>
<div class="test-event"> <font color="maroon"> <small> &emsp; &emsp;--- 25 Jan 13:50:24 204 - <b>0</b> - Page Load Wait: (Sync) - com.OrangeHRM.utils.WaitUtils.waitForPageLoad(WaitUtils.java:50)</small> </font> </div>
<div class="test-event"> <font color="maroon"> <small> &emsp; &emsp;--- 25 Jan 13:50:24 245 - [[ChromeDriver: chrome on windows (30fe6680e734ff910e247c01d91174c3)] -> css selector: p[class*='orangehrm-copyright']] displayed</small> </font> </div>
<div class="test-event"> <font color="maroon"> <small> &emsp; &emsp;--- 25 Jan 13:50:24 284 - [[ChromeDriver: chrome on windows (30fe6680e734ff910e247c01d91174c3)] -> css selector: span[class*='oxd-main-menu-item--name']] displayed</small> </font> </div>
<div class="test-event"> <font color="maroon"> <small> &emsp; &emsp;--- 25 Jan 13:50:24 320 - PIM Element displayed</small> </font> </div>
<div class="test-event"> <font color="maroon"> <small> &emsp; &emsp;--- 25 Jan 13:50:24 340 - Webelement dimension: (39, 19)</small> </font> </div>
<div class="test-event"> <font color="maroon"> <small> &emsp; &emsp;--- 25 Jan 13:50:25 608 - Clicked on PIM</small> </font> </div>
<div class="test-message">&emsp;Main menu : PIM selected&emsp;<a href=".\ScreenShot\TC201_181.png" target="_blank" >[ScreenShot]</a></div>
<div class="test-event"> <font color="maroon"> <small> &emsp; &emsp;--- 25 Jan 13:50:26 536 - Page URL:: https://opensource-demo.orangehrmlive.com/web/index.php/pim/viewemployeelist</small> </font> </div>
<div class="test-event"> <font color="maroon"> <small> &emsp; &emsp;--- 25 Jan 13:50:26 536 - <b>0</b> - Page Load Wait: (Sync) - com.OrangeHRM.utils.WaitUtils.waitForPageLoad(WaitUtils.java:50)</small> </font> </div>
<div class="test-event"> <font color="maroon"> <small> &emsp; &emsp;--- 25 Jan 13:50:26 924 - [[ChromeDriver: chrome on windows (30fe6680e734ff910e247c01d91174c3)] -> css selector: h6[class*='oxd-topbar-header']] displayed</small> </font> </div>
<div class="test-event"> <font color="maroon"> <small> &emsp; &emsp;--- 25 Jan 13:50:26 959 - Webelement dimension: (109, 30)</small> </font> </div>
<div class="test-event"> <font color="maroon"> <small> &emsp; &emsp;--- 25 Jan 13:50:27 543 - Clicked on Add button</small> </font> </div>
<div class="test-event"> <font color="maroon"> <small> &emsp; &emsp;--- 25 Jan 13:50:28 781 - Entered value Quentin in FirstName</small> </font> </div>
<div class="test-event"> <font color="maroon"> <small> &emsp; &emsp;--- 25 Jan 13:50:29 253 - Entered value Senger in LastName</small> </font> </div>
<div class="test-event"> <font color="maroon"> <small> &emsp; &emsp;--- 25 Jan 13:50:29 544 - Entered value 45 in Employeee Id</small> </font> </div>
<div class="test-event"> <font color="maroon"> <small> &emsp; &emsp;--- 25 Jan 13:50:29 579 - Webelement dimension: (33, 17)</small> </font> </div>
<div class="test-event"> <font color="maroon"> <small> &emsp; &emsp;--- 25 Jan 13:50:29 661 - Clicked on Create login details</small> </font> </div>
<div class="test-event"> <font color="maroon"> <small> &emsp; &emsp;--- 25 Jan 13:50:29 716 - Username Element displayed</small> </font> </div>
<div class="test-event"> <font color="maroon"> <small> &emsp; &emsp;--- 25 Jan 13:50:30 549 - Entered value daniel.kutch in Username</small> </font> </div>
<div class="test-message">&emsp;Username: daniel.kutch selected&emsp;<a href=".\ScreenShot\TC201_182.png" target="_blank" >[ScreenShot]</a></div>
<div class="test-event"> <font color="maroon"> <small> &emsp; &emsp;--- 25 Jan 13:50:31 132 - Password Element displayed</small> </font> </div>
<div class="test-event"> <font color="maroon"> <small> &emsp; &emsp;--- 25 Jan 13:50:31 538 - Entered value 990p06265 in Password</small> </font> </div>
<div class="test-message">&emsp;Password: 990p06265 selected&emsp;<a href=".\ScreenShot\TC201_183.png" target="_blank" >[ScreenShot]</a></div>
<div class="test-event"> <font color="maroon"> <small> &emsp; &emsp;--- 25 Jan 13:50:32 158 - Confirm Password Element displayed</small> </font> </div>
<div class="test-event"> <font color="maroon"> <small> &emsp; &emsp;--- 25 Jan 13:50:32 624 - Entered value 990p06265 in Confirm Password</small> </font> </div>
<div class="test-message">&emsp;Confirm Password: 990p06265 selected&emsp;<a href=".\ScreenShot\TC201_184.png" target="_blank" >[ScreenShot]</a></div>
<div class="test-event"> <font color="maroon"> <small> &emsp; &emsp;--- 25 Jan 13:50:33 168 - Webelement dimension: (100, 31)</small> </font> </div>
<div class="test-event"> <font color="maroon"> <small> &emsp; &emsp;--- 25 Jan 13:50:33 247 - Clicked on Save button</small> </font> </div>
<div class="test-event"> <font color="maroon"> <small> &emsp; &emsp;--- 25 Jan 13:50:36 169 - [[ChromeDriver: chrome on windows (30fe6680e734ff910e247c01d91174c3)] -> css selector: div[class*='oxd-toast--success']] displayed</small> </font> </div>
<div class="test-event"> <font color="maroon"> <small> &emsp; &emsp;--- 25 Jan 13:50:36 212 - [[ChromeDriver: chrome on windows (30fe6680e734ff910e247c01d91174c3)] -> css selector: span[class*='oxd-main-menu-item--name']] displayed</small> </font> </div>
<div class="test-event"> <font color="maroon"> <small> &emsp; &emsp;--- 25 Jan 13:50:36 256 - Leave Element displayed</small> </font> </div>
<div class="test-event"> <font color="maroon"> <small> &emsp; &emsp;--- 25 Jan 13:50:36 286 - Webelement dimension: (51, 19)</small> </font> </div>
<div class="test-event"> <font color="maroon"> <small> &emsp; &emsp;--- 25 Jan 13:50:37 471 - Clicked on Leave</small> </font> </div>
<div class="test-message">&emsp;Main menu : Leave selected&emsp;<a href=".\ScreenShot\TC201_185.png" target="_blank" >[ScreenShot]</a></div>
<div class="test-event"> <font color="maroon"> <small> &emsp; &emsp;--- 25 Jan 13:50:38 086 - Page URL:: https://opensource-demo.orangehrmlive.com/web/index.php/leave/viewleavelist</small> </font> </div>
<div class="test-event"> <font color="maroon"> <small> &emsp; &emsp;--- 25 Jan 13:50:38 086 - <b>0</b> - Page Load Wait: (Sync) - com.OrangeHRM.utils.WaitUtils.waitForPageLoad(WaitUtils.java:50)</small> </font> </div>
<div class="test-event"> <font color="maroon"> <small> &emsp; &emsp;--- 25 Jan 13:50:38 130 - [[ChromeDriver: chrome on windows (30fe6680e734ff910e247c01d91174c3)] -> xpath: //a[text()='My Leave']] displayed</small> </font> </div>
<div class="test-event"> <font color="maroon"> <small> &emsp; &emsp;--- 25 Jan 13:50:38 167 - Assign Leave Element displayed</small> </font> </div>
<div class="test-event"> <font color="maroon"> <small> &emsp; &emsp;--- 25 Jan 13:50:38 192 - Webelement dimension: (72, 16)</small> </font> </div>
<div class="test-event"> <font color="maroon"> <small> &emsp; &emsp;--- 25 Jan 13:50:38 996 - Clicked on Assign Leave</small> </font> </div>
<div class="test-message">&emsp;Nav menu : Assign Leave selected&emsp;<a href=".\ScreenShot\TC201_186.png" target="_blank" >[ScreenShot]</a></div>
<div class="test-event"> <font color="maroon"> <small> &emsp; &emsp;--- 25 Jan 13:50:44 419 - Options Element displayed</small> </font> </div>
<div class="test-event"> <font color="maroon"> <small> &emsp; &emsp;--- 25 Jan 13:50:44 442 - Webelement dimension: (815, 35)</small> </font> </div>
<div class="test-event"> <font color="maroon"> <small> &emsp; &emsp;--- 25 Jan 13:50:44 507 - Clicked on Option field</small> </font> </div>
<div class="test-event"> <font color="maroon"> <small> &emsp; &emsp;--- 25 Jan 13:50:44 547 - Leave Type Element displayed</small> </font> </div>
<div class="test-event"> <font color="maroon"> <small> &emsp; &emsp;--- 25 Jan 13:50:44 571 - Webelement dimension: (824, 45)</small> </font> </div>
<div class="test-event"> <font color="maroon"> <small> &emsp; &emsp;--- 25 Jan 13:50:44 621 - Clicked on Leave Type</small> </font> </div>
<div class="test-event"> <font color="maroon"> <small> &emsp; &emsp;--- 25 Jan 13:50:44 650 - Options elements displayed: 11</small> </font> </div>
<div class="test-event"> <font color="maroon"> <small> &emsp; &emsp;--- 25 Jan 13:50:44 681 - Options elements displayed size: 11</small> </font> </div>
<div class="test-event"> <font color="maroon"> <small> &emsp; &emsp;--- 25 Jan 13:50:44 728 - Webelement dimension: (92, 16)</small> </font> </div>
<div class="test-event"> <font color="maroon"> <small> &emsp; &emsp;--- 25 Jan 13:50:44 777 - Clicked on CAN - Matternity</small> </font> </div>
<div class="test-message">&emsp;Leave Type: CAN - Matternity selected&emsp;<a href=".\ScreenShot\TC201_187.png" target="_blank" >[ScreenShot]</a></div>
<div class="test-message">&emsp;Leave Type: CAN - Matternity selected&emsp;<a href=".\ScreenShot\TC201_188.png" target="_blank" >[ScreenShot]</a></div>
<div class="test-event"> <font color="maroon"> <small> &emsp; &emsp;--- 25 Jan 13:50:45 862 - From Date Element displayed</small> </font> </div>
<div class="test-event"> <font color="maroon"> <small> &emsp; &emsp;--- 25 Jan 13:50:45 885 - Webelement dimension: (400, 45)</small> </font> </div>
<div class="test-event"> <font color="maroon"> <small> &emsp; &emsp;--- 25 Jan 13:50:45 962 - Clicked on From Date</small> </font> </div>
<div class="test-event"> <font color="maroon"> <small> &emsp; &emsp;--- 25 Jan 13:50:45 998 - Dates field Element displayed</small> </font> </div>
<div class="test-event"> <font color="maroon"> <small> &emsp; &emsp;--- 25 Jan 13:50:46 064 - Webelement dimension: (38, 38)</small> </font> </div>
<div class="test-event"> <font color="maroon"> <small> &emsp; &emsp;--- 25 Jan 13:50:46 341 - Clicked on Date: 10</small> </font> </div>
<div class="test-event"> <font color="maroon"> <small> &emsp; &emsp;--- 25 Jan 13:50:46 482 - [[ChromeDriver: chrome on windows (30fe6680e734ff910e247c01d91174c3)] -> xpath: //label[text()='From Date']/parent::div/parent::div //input] displayed</small> </font> </div>
<div class="test-event"> <font color="maroon"> <small> &emsp; &emsp;--- 25 Jan 13:50:46 571 - To Date Element displayed</small> </font> </div>
<div class="test-event"> <font color="maroon"> <small> &emsp; &emsp;--- 25 Jan 13:50:46 599 - Webelement dimension: (400, 45)</small> </font> </div>
<div class="test-event"> <font color="maroon"> <small> &emsp; &emsp;--- 25 Jan 13:50:46 717 - Clicked on To Date</small> </font> </div>
<div class="test-event"> <font color="maroon"> <small> &emsp; &emsp;--- 25 Jan 13:50:46 787 - Webelement dimension: (107, 30)</small> </font> </div>
<div class="test-event"> <font color="maroon"> <small> &emsp; &emsp;--- 25 Jan 13:50:47 135 - Clicked on Assign button</small> </font> </div>
<div class="test-event"> <font color="maroon"> <small> &emsp; &emsp;--- 25 Jan 13:50:47 968 - Webelement dimension: (100, 31)</small> </font> </div>
<div class="test-event"> <font color="maroon"> <small> &emsp; &emsp;--- 25 Jan 13:50:48 041 - Clicked on Ok button</small> </font> </div>
<div class="test-event"> <font color="maroon"> <small> &emsp; &emsp;--- 25 Jan 13:50:49 182 - [[ChromeDriver: chrome on windows (30fe6680e734ff910e247c01d91174c3)] -> css selector: div[class*='oxd-toast--success']] displayed</small> </font> </div>
<div class="test-event"> <font color="maroon"> <small> &emsp; &emsp;--- 25 Jan 13:50:49 458 - Webelement dimension: (162, 54)</small> </font> </div>
<div class="test-event"> <font color="maroon"> <small> &emsp; &emsp;--- 25 Jan 13:50:49 657 - Clicked on User profile</small> </font> </div>
<div class="test-event"> <font color="maroon"> <small> &emsp; &emsp;--- 25 Jan 13:50:49 806 - Webelement dimension: (160, 26)</small> </font> </div>
<div class="test-event"> <font color="maroon"> <small> &emsp; &emsp;--- 25 Jan 13:50:51 416 - Clicked on Logout button</small> </font> </div>
<div class="test-message">&emsp;Logout to application&emsp;<a href=".\ScreenShot\TC201_189.png" target="_blank" >[ScreenShot]</a></div>
<div class="test-event"> <font color="maroon"> <small> &emsp; &emsp;--- 25 Jan 13:50:52 765 - Page URL:: https://opensource-demo.orangehrmlive.com/web/index.php/auth/login</small> </font> </div>
<div class="test-event"> <font color="maroon"> <small> &emsp; &emsp;--- 25 Jan 13:50:52 765 - <b>0</b> - Page Load Wait: (Sync) - com.OrangeHRM.utils.WaitUtils.waitForPageLoad(WaitUtils.java:50)</small> </font> </div>
<div class="test-event"> <font color="maroon"> <small> &emsp; &emsp;--- 25 Jan 13:50:52 799 - [[ChromeDriver: chrome on windows (30fe6680e734ff910e247c01d91174c3)] -> css selector: button[class*='orangehrm-login-button']] displayed</small> </font> </div>
<div class="test-event"> <font color="maroon"> <small> &emsp; &emsp;--- 25 Jan 13:50:53 135 - Entered value daniel.kutch in Username field</small> </font> </div>
<div class="test-event"> <font color="maroon"> <small> &emsp; &emsp;--- 25 Jan 13:50:53 669 - Entered value 990p06265 in Password field</small> </font> </div>
<div class="test-event"> <font color="maroon"> <small> &emsp; &emsp;--- 25 Jan 13:50:53 692 - Webelement dimension: (485, 46)</small> </font> </div>
<div class="test-event"> <font color="maroon"> <small> &emsp; &emsp;--- 25 Jan 13:50:53 738 - Clicked on Login button</small> </font> </div>
<div class="test-message">&emsp;Login to Application&emsp;<a href=".\ScreenShot\TC201_190.png" target="_blank" >[ScreenShot]</a></div>
<div class="test-event"> <font color="maroon"> <small> &emsp; &emsp;--- 25 Jan 13:50:55 950 - Page URL:: https://opensource-demo.orangehrmlive.com/web/index.php/dashboard/index</small> </font> </div>
<div class="test-event"> <font color="maroon"> <small> &emsp; &emsp;--- 25 Jan 13:50:55 950 - <b>0</b> - Page Load Wait: (Sync) - com.OrangeHRM.utils.WaitUtils.waitForPageLoad(WaitUtils.java:50)</small> </font> </div>
<div class="test-event"> <font color="maroon"> <small> &emsp; &emsp;--- 25 Jan 13:50:56 339 - [[ChromeDriver: chrome on windows (30fe6680e734ff910e247c01d91174c3)] -> css selector: p[class*='orangehrm-copyright']] displayed</small> </font> </div>
<div class="test-event"> <font color="maroon"> <small> &emsp; &emsp;--- 25 Jan 13:50:56 369 - [[ChromeDriver: chrome on windows (30fe6680e734ff910e247c01d91174c3)] -> css selector: span[class*='oxd-main-menu-item--name']] displayed</small> </font> </div>
<div class="test-event"> <font color="maroon"> <small> &emsp; &emsp;--- 25 Jan 13:50:56 390 - Leave Element displayed</small> </font> </div>
<div class="test-event"> <font color="maroon"> <small> &emsp; &emsp;--- 25 Jan 13:50:56 415 - Webelement dimension: (51, 19)</small> </font> </div>
<div class="test-event"> <font color="maroon"> <small> &emsp; &emsp;--- 25 Jan 13:50:59 038 - Clicked on Leave</small> </font> </div>
<div class="test-message">&emsp;Main menu : Leave selected&emsp;<a href=".\ScreenShot\TC201_191.png" target="_blank" >[ScreenShot]</a></div>
<div class="test-event"> <font color="maroon"> <small> &emsp; &emsp;--- 25 Jan 13:50:59 573 - Page URL:: https://opensource-demo.orangehrmlive.com/web/index.php/leave/viewmyleavelist</small> </font> </div>
<div class="test-event"> <font color="maroon"> <small> &emsp; &emsp;--- 25 Jan 13:50:59 574 - <b>0</b> - Page Load Wait: (Sync) - com.OrangeHRM.utils.WaitUtils.waitForPageLoad(WaitUtils.java:50)</small> </font> </div>
<div class="test-event"> <font color="maroon"> <small> &emsp; &emsp;--- 25 Jan 13:50:59 605 - [[ChromeDriver: chrome on windows (30fe6680e734ff910e247c01d91174c3)] -> xpath: //a[text()='My Leave']] displayed</small> </font> </div>
<div class="test-event"> <font color="maroon"> <small> &emsp; &emsp;--- 25 Jan 13:50:59 638 - From Date Element displayed</small> </font> </div>
<div class="test-event"> <font color="maroon"> <small> &emsp; &emsp;--- 25 Jan 13:50:59 657 - Webelement dimension: (400, 45)</small> </font> </div>
<div class="test-event"> <font color="maroon"> <small> &emsp; &emsp;--- 25 Jan 13:50:59 714 - Clicked on From Date</small> </font> </div>
<div class="test-event"> <font color="maroon"> <small> &emsp; &emsp;--- 25 Jan 13:50:59 748 - Dates field Element displayed</small> </font> </div>
<div class="test-event"> <font color="maroon"> <small> &emsp; &emsp;--- 25 Jan 13:50:59 772 - Webelement dimension: (38, 38)</small> </font> </div>
<div class="test-event"> <font color="maroon"> <small> &emsp; &emsp;--- 25 Jan 13:50:59 829 - Clicked on Date: 10</small> </font> </div>
<div class="test-event"> <font color="maroon"> <small> &emsp; &emsp;--- 25 Jan 13:50:59 868 - [[ChromeDriver: chrome on windows (30fe6680e734ff910e247c01d91174c3)] -> xpath: //label[text()='From Date']/parent::div/parent::div //input] displayed</small> </font> </div>
<div class="test-event"> <font color="maroon"> <small> &emsp; &emsp;--- 25 Jan 13:50:59 922 - To Date Element displayed</small> </font> </div>
<div class="test-event"> <font color="maroon"> <small> &emsp; &emsp;--- 25 Jan 13:50:59 946 - Webelement dimension: (400, 45)</small> </font> </div>
<div class="test-event"> <font color="maroon"> <small> &emsp; &emsp;--- 25 Jan 13:51:00 003 - Clicked on To Date</small> </font> </div>
<div class="test-event"> <font color="maroon"> <small> &emsp; &emsp;--- 25 Jan 13:51:00 035 - Webelement dimension: (107, 31)</small> </font> </div>
<div class="test-event"> <font color="maroon"> <small> &emsp; &emsp;--- 25 Jan 13:51:00 155 - Clicked on Search button</small> </font> </div>
<div class="test-event"> <font color="maroon"> <small> &emsp; &emsp;--- 25 Jan 13:51:00 737 - Table rows Element displayed</small> </font> </div>
<div class="test-event"> <font color="maroon"> <small> &emsp; &emsp;--- 25 Jan 13:51:00 770 - Table rows elements displayed size: 1</small> </font> </div>
<div class="test-event"> <font color="maroon"> <small> &emsp; &emsp;--- 25 Jan 13:51:00 805 - [[ChromeDriver: chrome on windows (30fe6680e734ff910e247c01d91174c3)] -> xpath: //span[text()='(1) Record Found']] displayed</small> </font> </div>
<div class="test-event"> <font color="maroon"> <small> &emsp; &emsp;--- 25 Jan 13:51:00 884 - Text value displayed for Table field : 2024-01-10</small> </font> </div>
<div class="test-event"> <font color="maroon"> <small> &emsp; &emsp;--- 25 Jan 13:51:00 928 - Text value displayed for Table field : Quentin Senger</small> </font> </div>
<div class="test-event"> <font color="maroon"> <small> &emsp; &emsp;--- 25 Jan 13:51:00 971 - Text value displayed for Table field : CAN - Matternity</small> </font> </div>
<div class="test-event"> <font color="maroon"> <small> &emsp; &emsp;--- 25 Jan 13:51:01 021 - Text value displayed for Table field : -1.00</small> </font> </div>
<div class="test-event"> <font color="maroon"> <small> &emsp; &emsp;--- 25 Jan 13:51:01 071 - Text value displayed for Table field : 1.00</small> </font> </div>
<div class="test-event"> <font color="maroon"> <small> &emsp; &emsp;--- 25 Jan 13:51:01 115 - Text value displayed for Table field : Taken (1.00)</small> </font> </div>
<div class="test-message">&emsp;Leave Details is verified successfully&emsp;<a href=".\ScreenShot\TC201_192.png" target="_blank" >[ScreenShot]</a></div>
<div class="test-result"><br><font color="green"><strong> Test Passed. </strong></font> </div>&emsp;
<div class="test-event"> <font color="maroon"> <small> &emsp; &emsp;--- 25 Jan 13:51:01 606 - WebDriver session: ChromeDriver: chrome on windows (30fe6680e734ff910e247c01d91174c3)</small> </font> </div>]]>
  </system-out>
</testsuite> <!-- com.OrangeHRM.testscripts.AdminTestSuite -->
